{"/Users/Shared/Analytics-Betting-Assistant/src/App-stats-version.js": {"path":"/Users/Shared/Analytics-Betting-Assistant/src/App-stats-version.js","statementMap":{"0":{"start":{"line":6,"column":12},"end":{"line":75,"column":1}},"1":{"start":{"line":7,"column":46},"end":{"line":7,"column":60}},"2":{"start":{"line":9,"column":29},"end":{"line":12,"column":3}},"3":{"start":{"line":10,"column":4},"end":{"line":10,"column":54}},"4":{"start":{"line":11,"column":4},"end":{"line":11,"column":30}},"5":{"start":{"line":14,"column":2},"end":{"line":74,"column":4}},"6":{"start":{"line":77,"column":15},"end":{"line":156,"column":2}}},"fnMap":{"0":{"name":"(anonymous_0)","decl":{"start":{"line":6,"column":12},"end":{"line":6,"column":13}},"loc":{"start":{"line":6,"column":18},"end":{"line":75,"column":1}},"line":6},"1":{"name":"(anonymous_1)","decl":{"start":{"line":9,"column":29},"end":{"line":9,"column":30}},"loc":{"start":{"line":9,"column":41},"end":{"line":12,"column":3}},"line":9}},"branchMap":{"0":{"loc":{"start":{"line":34,"column":24},"end":{"line":34,"column":72}},"type":"cond-expr","locations":[{"start":{"line":34,"column":41},"end":{"line":34,"column":65}},{"start":{"line":34,"column":68},"end":{"line":34,"column":72}}],"line":34}},"s":{"0":0,"1":0,"2":0,"3":0,"4":0,"5":0,"6":0},"f":{"0":0,"1":0},"b":{"0":[0,0]}}
,"/Users/Shared/Analytics-Betting-Assistant/src/AuthContext.js": {"path":"/Users/Shared/Analytics-Betting-Assistant/src/AuthContext.js","statementMap":{"0":{"start":{"line":3,"column":20},"end":{"line":3,"column":35}},"1":{"start":{"line":5,"column":28},"end":{"line":13,"column":1}},"2":{"start":{"line":6,"column":26},"end":{"line":6,"column":40}},"3":{"start":{"line":8,"column":2},"end":{"line":12,"column":4}},"4":{"start":{"line":15,"column":23},"end":{"line":21,"column":1}},"5":{"start":{"line":16,"column":18},"end":{"line":16,"column":41}},"6":{"start":{"line":17,"column":2},"end":{"line":19,"column":3}},"7":{"start":{"line":18,"column":4},"end":{"line":18,"column":67}},"8":{"start":{"line":20,"column":2},"end":{"line":20,"column":17}}},"fnMap":{"0":{"name":"(anonymous_0)","decl":{"start":{"line":5,"column":28},"end":{"line":5,"column":29}},"loc":{"start":{"line":5,"column":46},"end":{"line":13,"column":1}},"line":5},"1":{"name":"(anonymous_1)","decl":{"start":{"line":15,"column":23},"end":{"line":15,"column":24}},"loc":{"start":{"line":15,"column":29},"end":{"line":21,"column":1}},"line":15}},"branchMap":{"0":{"loc":{"start":{"line":17,"column":2},"end":{"line":19,"column":3}},"type":"if","locations":[{"start":{"line":17,"column":2},"end":{"line":19,"column":3}},{"start":{},"end":{}}],"line":17}},"s":{"0":0,"1":0,"2":0,"3":0,"4":0,"5":0,"6":0,"7":0,"8":0},"f":{"0":0,"1":0},"b":{"0":[0,0]}}
,"/Users/Shared/Analytics-Betting-Assistant/src/config.js": {"path":"/Users/Shared/Analytics-Betting-Assistant/src/config.js","statementMap":{"0":{"start":{"line":2,"column":15},"end":{"line":34,"column":1}},"1":{"start":{"line":37,"column":0},"end":{"line":40,"column":3}}},"fnMap":{},"branchMap":{},"s":{"0":0,"1":0},"f":{},"b":{}}
,"/Users/Shared/Analytics-Betting-Assistant/src/components/BankrollManager.js": {"path":"/Users/Shared/Analytics-Betting-Assistant/src/components/BankrollManager.js","statementMap":{"0":{"start":{"line":5,"column":24},"end":{"line":163,"column":1}},"1":{"start":{"line":6,"column":34},"end":{"line":6,"column":48}},"2":{"start":{"line":7,"column":34},"end":{"line":7,"column":45}},"3":{"start":{"line":8,"column":36},"end":{"line":8,"column":56}},"4":{"start":{"line":9,"column":38},"end":{"line":9,"column":50}},"5":{"start":{"line":10,"column":42},"end":{"line":10,"column":57}},"6":{"start":{"line":12,"column":21},"end":{"line":16,"column":3}},"7":{"start":{"line":18,"column":25},"end":{"line":23,"column":3}},"8":{"start":{"line":19,"column":4},"end":{"line":21,"column":5}},"9":{"start":{"line":20,"column":6},"end":{"line":20,"column":41}},"10":{"start":{"line":22,"column":4},"end":{"line":22,"column":63}},"11":{"start":{"line":25,"column":2},"end":{"line":27,"column":40}},"12":{"start":{"line":26,"column":4},"end":{"line":26,"column":34}},"13":{"start":{"line":29,"column":32},"end":{"line":37,"column":3}},"14":{"start":{"line":30,"column":17},"end":{"line":30,"column":25}},"15":{"start":{"line":31,"column":4},"end":{"line":36,"column":6}},"16":{"start":{"line":39,"column":15},"end":{"line":39,"column":38}},"17":{"start":{"line":41,"column":23},"end":{"line":44,"column":3}},"18":{"start":{"line":42,"column":4},"end":{"line":42,"column":91}},"19":{"start":{"line":46,"column":2},"end":{"line":162,"column":4}},"20":{"start":{"line":50,"column":23},"end":{"line":50,"column":53}},"21":{"start":{"line":64,"column":38},"end":{"line":64,"column":72}},"22":{"start":{"line":75,"column":16},"end":{"line":89,"column":35}},"23":{"start":{"line":81,"column":33},"end":{"line":81,"column":50}},"24":{"start":{"line":165,"column":15},"end":{"line":326,"column":2}}},"fnMap":{"0":{"name":"(anonymous_0)","decl":{"start":{"line":5,"column":24},"end":{"line":5,"column":25}},"loc":{"start":{"line":5,"column":30},"end":{"line":163,"column":1}},"line":5},"1":{"name":"(anonymous_1)","decl":{"start":{"line":18,"column":25},"end":{"line":18,"column":26}},"loc":{"start":{"line":18,"column":31},"end":{"line":23,"column":3}},"line":18},"2":{"name":"(anonymous_2)","decl":{"start":{"line":25,"column":12},"end":{"line":25,"column":13}},"loc":{"start":{"line":25,"column":18},"end":{"line":27,"column":3}},"line":25},"3":{"name":"(anonymous_3)","decl":{"start":{"line":29,"column":32},"end":{"line":29,"column":33}},"loc":{"start":{"line":29,"column":38},"end":{"line":37,"column":3}},"line":29},"4":{"name":"(anonymous_4)","decl":{"start":{"line":41,"column":23},"end":{"line":41,"column":24}},"loc":{"start":{"line":41,"column":29},"end":{"line":44,"column":3}},"line":41},"5":{"name":"(anonymous_5)","decl":{"start":{"line":50,"column":17},"end":{"line":50,"column":18}},"loc":{"start":{"line":50,"column":23},"end":{"line":50,"column":53}},"line":50},"6":{"name":"(anonymous_6)","decl":{"start":{"line":64,"column":28},"end":{"line":64,"column":29}},"loc":{"start":{"line":64,"column":38},"end":{"line":64,"column":72}},"line":64},"7":{"name":"(anonymous_7)","decl":{"start":{"line":74,"column":46},"end":{"line":74,"column":47}},"loc":{"start":{"line":75,"column":16},"end":{"line":89,"column":35}},"line":75},"8":{"name":"(anonymous_8)","decl":{"start":{"line":81,"column":27},"end":{"line":81,"column":28}},"loc":{"start":{"line":81,"column":33},"end":{"line":81,"column":50}},"line":81}},"branchMap":{"0":{"loc":{"start":{"line":19,"column":4},"end":{"line":21,"column":5}},"type":"if","locations":[{"start":{"line":19,"column":4},"end":{"line":21,"column":5}},{"start":{},"end":{}}],"line":19},"1":{"loc":{"start":{"line":20,"column":13},"end":{"line":20,"column":40}},"type":"binary-expr","locations":[{"start":{"line":20,"column":13},"end":{"line":20,"column":35}},{"start":{"line":20,"column":39},"end":{"line":20,"column":40}}],"line":20},"2":{"loc":{"start":{"line":53,"column":41},"end":{"line":53,"column":65}},"type":"cond-expr","locations":[{"start":{"line":53,"column":56},"end":{"line":53,"column":59}},{"start":{"line":53,"column":62},"end":{"line":53,"column":65}}],"line":53},"3":{"loc":{"start":{"line":56,"column":7},"end":{"line":160,"column":7}},"type":"binary-expr","locations":[{"start":{"line":56,"column":7},"end":{"line":56,"column":19}},{"start":{"line":57,"column":8},"end":{"line":159,"column":15}}],"line":56},"4":{"loc":{"start":{"line":64,"column":50},"end":{"line":64,"column":71}},"type":"binary-expr","locations":[{"start":{"line":64,"column":50},"end":{"line":64,"column":66}},{"start":{"line":64,"column":70},"end":{"line":64,"column":71}}],"line":64},"5":{"loc":{"start":{"line":79,"column":20},"end":{"line":79,"column":100}},"type":"binary-expr","locations":[{"start":{"line":79,"column":20},"end":{"line":79,"column":37}},{"start":{"line":79,"column":41},"end":{"line":79,"column":100}}],"line":79},"6":{"loc":{"start":{"line":85,"column":20},"end":{"line":85,"column":62}},"type":"binary-expr","locations":[{"start":{"line":85,"column":20},"end":{"line":85,"column":37}},{"start":{"line":85,"column":41},"end":{"line":85,"column":62}}],"line":85},"7":{"loc":{"start":{"line":111,"column":15},"end":{"line":113,"column":110}},"type":"cond-expr","locations":[{"start":{"line":112,"column":18},"end":{"line":112,"column":42}},{"start":{"line":113,"column":18},"end":{"line":113,"column":110}}],"line":111}},"s":{"0":0,"1":0,"2":0,"3":0,"4":0,"5":0,"6":0,"7":0,"8":0,"9":0,"10":0,"11":0,"12":0,"13":0,"14":0,"15":0,"16":0,"17":0,"18":0,"19":0,"20":0,"21":0,"22":0,"23":0,"24":0},"f":{"0":0,"1":0,"2":0,"3":0,"4":0,"5":0,"6":0,"7":0,"8":0},"b":{"0":[0,0],"1":[0,0],"2":[0,0],"3":[0,0],"4":[0,0],"5":[0,0],"6":[0,0],"7":[0,0]}}
,"/Users/Shared/Analytics-Betting-Assistant/src/components/EnhancedPlayerStats.js": {"path":"/Users/Shared/Analytics-Betting-Assistant/src/components/EnhancedPlayerStats.js","statementMap":{"0":{"start":{"line":6,"column":28},"end":{"line":125,"column":1}},"1":{"start":{"line":7,"column":28},"end":{"line":7,"column":42}},"2":{"start":{"line":8,"column":32},"end":{"line":8,"column":46}},"3":{"start":{"line":9,"column":28},"end":{"line":9,"column":42}},"4":{"start":{"line":11,"column":2},"end":{"line":13,"column":27}},"5":{"start":{"line":12,"column":4},"end":{"line":12,"column":23}},"6":{"start":{"line":15,"column":27},"end":{"line":30,"column":3}},"7":{"start":{"line":16,"column":4},"end":{"line":16,"column":28}},"8":{"start":{"line":16,"column":21},"end":{"line":16,"column":28}},"9":{"start":{"line":18,"column":4},"end":{"line":18,"column":21}},"10":{"start":{"line":19,"column":4},"end":{"line":29,"column":5}},"11":{"start":{"line":20,"column":23},"end":{"line":20,"column":123}},"12":{"start":{"line":21,"column":6},"end":{"line":21,"column":25}},"13":{"start":{"line":22,"column":6},"end":{"line":22,"column":21}},"14":{"start":{"line":24,"column":6},"end":{"line":24,"column":58}},"15":{"start":{"line":25,"column":6},"end":{"line":25,"column":46}},"16":{"start":{"line":26,"column":6},"end":{"line":26,"column":21}},"17":{"start":{"line":28,"column":6},"end":{"line":28,"column":24}},"18":{"start":{"line":32,"column":2},"end":{"line":39,"column":3}},"19":{"start":{"line":33,"column":4},"end":{"line":38,"column":6}},"20":{"start":{"line":41,"column":2},"end":{"line":47,"column":3}},"21":{"start":{"line":42,"column":4},"end":{"line":46,"column":6}},"22":{"start":{"line":49,"column":2},"end":{"line":55,"column":3}},"23":{"start":{"line":50,"column":4},"end":{"line":54,"column":6}},"24":{"start":{"line":58,"column":20},"end":{"line":67,"column":3}},"25":{"start":{"line":59,"column":54},"end":{"line":59,"column":69}},"26":{"start":{"line":62,"column":47},"end":{"line":62,"column":58}},"27":{"start":{"line":63,"column":32},"end":{"line":63,"column":63}},"28":{"start":{"line":69,"column":2},"end":{"line":124,"column":4}},"29":{"start":{"line":107,"column":38},"end":{"line":107,"column":69}},"30":{"start":{"line":108,"column":43},"end":{"line":108,"column":70}},"31":{"start":{"line":127,"column":15},"end":{"line":196,"column":2}}},"fnMap":{"0":{"name":"(anonymous_0)","decl":{"start":{"line":6,"column":28},"end":{"line":6,"column":29}},"loc":{"start":{"line":6,"column":65},"end":{"line":125,"column":1}},"line":6},"1":{"name":"(anonymous_1)","decl":{"start":{"line":11,"column":12},"end":{"line":11,"column":13}},"loc":{"start":{"line":11,"column":18},"end":{"line":13,"column":3}},"line":11},"2":{"name":"(anonymous_2)","decl":{"start":{"line":15,"column":27},"end":{"line":15,"column":28}},"loc":{"start":{"line":15,"column":39},"end":{"line":30,"column":3}},"line":15},"3":{"name":"(anonymous_3)","decl":{"start":{"line":59,"column":37},"end":{"line":59,"column":38}},"loc":{"start":{"line":59,"column":54},"end":{"line":59,"column":69}},"line":59},"4":{"name":"(anonymous_4)","decl":{"start":{"line":62,"column":39},"end":{"line":62,"column":40}},"loc":{"start":{"line":62,"column":47},"end":{"line":62,"column":58}},"line":62},"5":{"name":"(anonymous_5)","decl":{"start":{"line":63,"column":15},"end":{"line":63,"column":16}},"loc":{"start":{"line":63,"column":32},"end":{"line":63,"column":63}},"line":63},"6":{"name":"(anonymous_6)","decl":{"start":{"line":107,"column":21},"end":{"line":107,"column":22}},"loc":{"start":{"line":107,"column":38},"end":{"line":107,"column":69}},"line":107},"7":{"name":"(anonymous_7)","decl":{"start":{"line":108,"column":26},"end":{"line":108,"column":27}},"loc":{"start":{"line":108,"column":43},"end":{"line":108,"column":70}},"line":108}},"branchMap":{"0":{"loc":{"start":{"line":6,"column":43},"end":{"line":6,"column":58}},"type":"default-arg","locations":[{"start":{"line":6,"column":52},"end":{"line":6,"column":58}}],"line":6},"1":{"loc":{"start":{"line":16,"column":4},"end":{"line":16,"column":28}},"type":"if","locations":[{"start":{"line":16,"column":4},"end":{"line":16,"column":28}},{"start":{},"end":{}}],"line":16},"2":{"loc":{"start":{"line":32,"column":2},"end":{"line":39,"column":3}},"type":"if","locations":[{"start":{"line":32,"column":2},"end":{"line":39,"column":3}},{"start":{},"end":{}}],"line":32},"3":{"loc":{"start":{"line":41,"column":2},"end":{"line":47,"column":3}},"type":"if","locations":[{"start":{"line":41,"column":2},"end":{"line":47,"column":3}},{"start":{},"end":{}}],"line":41},"4":{"loc":{"start":{"line":49,"column":2},"end":{"line":55,"column":3}},"type":"if","locations":[{"start":{"line":49,"column":2},"end":{"line":55,"column":3}},{"start":{},"end":{}}],"line":49},"5":{"loc":{"start":{"line":59,"column":12},"end":{"line":59,"column":76}},"type":"binary-expr","locations":[{"start":{"line":59,"column":12},"end":{"line":59,"column":70}},{"start":{"line":59,"column":74},"end":{"line":59,"column":76}}],"line":59},"6":{"loc":{"start":{"line":62,"column":14},"end":{"line":62,"column":65}},"type":"binary-expr","locations":[{"start":{"line":62,"column":14},"end":{"line":62,"column":59}},{"start":{"line":62,"column":63},"end":{"line":62,"column":65}}],"line":62},"7":{"loc":{"start":{"line":63,"column":16},"end":{"line":63,"column":27}},"type":"default-arg","locations":[{"start":{"line":63,"column":26},"end":{"line":63,"column":27}}],"line":63},"8":{"loc":{"start":{"line":78,"column":42},"end":{"line":78,"column":63}},"type":"binary-expr","locations":[{"start":{"line":78,"column":42},"end":{"line":78,"column":54}},{"start":{"line":78,"column":58},"end":{"line":78,"column":63}}],"line":78},"9":{"loc":{"start":{"line":82,"column":42},"end":{"line":82,"column":65}},"type":"binary-expr","locations":[{"start":{"line":82,"column":42},"end":{"line":82,"column":56}},{"start":{"line":82,"column":60},"end":{"line":82,"column":65}}],"line":82},"10":{"loc":{"start":{"line":86,"column":42},"end":{"line":86,"column":64}},"type":"binary-expr","locations":[{"start":{"line":86,"column":42},"end":{"line":86,"column":55}},{"start":{"line":86,"column":59},"end":{"line":86,"column":64}}],"line":86},"11":{"loc":{"start":{"line":90,"column":42},"end":{"line":90,"column":70}},"type":"binary-expr","locations":[{"start":{"line":90,"column":42},"end":{"line":90,"column":61}},{"start":{"line":90,"column":65},"end":{"line":90,"column":70}}],"line":90},"12":{"loc":{"start":{"line":95,"column":7},"end":{"line":122,"column":7}},"type":"binary-expr","locations":[{"start":{"line":95,"column":7},"end":{"line":95,"column":26}},{"start":{"line":95,"column":30},"end":{"line":95,"column":60}},{"start":{"line":96,"column":8},"end":{"line":121,"column":15}}],"line":95},"13":{"loc":{"start":{"line":107,"column":22},"end":{"line":107,"column":33}},"type":"default-arg","locations":[{"start":{"line":107,"column":32},"end":{"line":107,"column":33}}],"line":107},"14":{"loc":{"start":{"line":108,"column":27},"end":{"line":108,"column":38}},"type":"default-arg","locations":[{"start":{"line":108,"column":37},"end":{"line":108,"column":38}}],"line":108}},"s":{"0":0,"1":0,"2":0,"3":0,"4":0,"5":0,"6":0,"7":0,"8":0,"9":0,"10":0,"11":0,"12":0,"13":0,"14":0,"15":0,"16":0,"17":0,"18":0,"19":0,"20":0,"21":0,"22":0,"23":0,"24":0,"25":0,"26":0,"27":0,"28":0,"29":0,"30":0,"31":0},"f":{"0":0,"1":0,"2":0,"3":0,"4":0,"5":0,"6":0,"7":0},"b":{"0":[0],"1":[0,0],"2":[0,0],"3":[0,0],"4":[0,0],"5":[0,0],"6":[0,0],"7":[0],"8":[0,0],"9":[0,0],"10":[0,0],"11":[0,0],"12":[0,0,0],"13":[0],"14":[0]}}
,"/Users/Shared/Analytics-Betting-Assistant/src/components/KeyboardAvoidingWrapper.js": {"path":"/Users/Shared/Analytics-Betting-Assistant/src/components/KeyboardAvoidingWrapper.js","statementMap":{"0":{"start":{"line":10,"column":32},"end":{"line":26,"column":1}},"1":{"start":{"line":11,"column":2},"end":{"line":25,"column":4}}},"fnMap":{"0":{"name":"(anonymous_0)","decl":{"start":{"line":10,"column":32},"end":{"line":10,"column":33}},"loc":{"start":{"line":10,"column":57},"end":{"line":26,"column":1}},"line":10}},"branchMap":{"0":{"loc":{"start":{"line":13,"column":16},"end":{"line":13,"column":60}},"type":"cond-expr","locations":[{"start":{"line":13,"column":40},"end":{"line":13,"column":49}},{"start":{"line":13,"column":52},"end":{"line":13,"column":60}}],"line":13}},"s":{"0":0,"1":0},"f":{"0":0},"b":{"0":[0,0]}}
,"/Users/Shared/Analytics-Betting-Assistant/src/components/PlayerSearch.js": {"path":"/Users/Shared/Analytics-Betting-Assistant/src/components/PlayerSearch.js","statementMap":{"0":{"start":{"line":5,"column":21},"end":{"line":68,"column":1}},"1":{"start":{"line":6,"column":40},"end":{"line":6,"column":52}},"2":{"start":{"line":7,"column":44},"end":{"line":7,"column":56}},"3":{"start":{"line":8,"column":32},"end":{"line":8,"column":47}},"4":{"start":{"line":10,"column":23},"end":{"line":28,"column":3}},"5":{"start":{"line":11,"column":4},"end":{"line":14,"column":5}},"6":{"start":{"line":12,"column":6},"end":{"line":12,"column":57}},"7":{"start":{"line":13,"column":6},"end":{"line":13,"column":13}},"8":{"start":{"line":16,"column":4},"end":{"line":16,"column":21}},"9":{"start":{"line":17,"column":4},"end":{"line":27,"column":5}},"10":{"start":{"line":19,"column":23},"end":{"line":19,"column":106}},"11":{"start":{"line":20,"column":6},"end":{"line":20,"column":47}},"12":{"start":{"line":22,"column":6},"end":{"line":22,"column":44}},"13":{"start":{"line":23,"column":6},"end":{"line":23,"column":55}},"14":{"start":{"line":24,"column":6},"end":{"line":24,"column":27}},"15":{"start":{"line":26,"column":6},"end":{"line":26,"column":24}},"16":{"start":{"line":30,"column":29},"end":{"line":34,"column":3}},"17":{"start":{"line":31,"column":4},"end":{"line":31,"column":27}},"18":{"start":{"line":32,"column":4},"end":{"line":32,"column":23}},"19":{"start":{"line":33,"column":4},"end":{"line":33,"column":25}},"20":{"start":{"line":36,"column":2},"end":{"line":67,"column":4}},"21":{"start":{"line":56,"column":36},"end":{"line":56,"column":54}},"22":{"start":{"line":58,"column":14},"end":{"line":61,"column":33}},"23":{"start":{"line":58,"column":73},"end":{"line":58,"column":97}},"24":{"start":{"line":70,"column":15},"end":{"line":130,"column":2}}},"fnMap":{"0":{"name":"(anonymous_0)","decl":{"start":{"line":5,"column":21},"end":{"line":5,"column":22}},"loc":{"start":{"line":5,"column":45},"end":{"line":68,"column":1}},"line":5},"1":{"name":"(anonymous_1)","decl":{"start":{"line":10,"column":23},"end":{"line":10,"column":24}},"loc":{"start":{"line":10,"column":35},"end":{"line":28,"column":3}},"line":10},"2":{"name":"(anonymous_2)","decl":{"start":{"line":30,"column":29},"end":{"line":30,"column":30}},"loc":{"start":{"line":30,"column":41},"end":{"line":34,"column":3}},"line":30},"3":{"name":"(anonymous_3)","decl":{"start":{"line":56,"column":26},"end":{"line":56,"column":27}},"loc":{"start":{"line":56,"column":36},"end":{"line":56,"column":54}},"line":56},"4":{"name":"(anonymous_4)","decl":{"start":{"line":57,"column":24},"end":{"line":57,"column":25}},"loc":{"start":{"line":58,"column":14},"end":{"line":61,"column":33}},"line":58},"5":{"name":"(anonymous_5)","decl":{"start":{"line":58,"column":67},"end":{"line":58,"column":68}},"loc":{"start":{"line":58,"column":73},"end":{"line":58,"column":97}},"line":58}},"branchMap":{"0":{"loc":{"start":{"line":11,"column":4},"end":{"line":14,"column":5}},"type":"if","locations":[{"start":{"line":11,"column":4},"end":{"line":14,"column":5}},{"start":{},"end":{}}],"line":11},"1":{"loc":{"start":{"line":20,"column":23},"end":{"line":20,"column":45}},"type":"binary-expr","locations":[{"start":{"line":20,"column":23},"end":{"line":20,"column":39}},{"start":{"line":20,"column":43},"end":{"line":20,"column":45}}],"line":20},"2":{"loc":{"start":{"line":47,"column":49},"end":{"line":47,"column":84}},"type":"cond-expr","locations":[{"start":{"line":47,"column":59},"end":{"line":47,"column":73}},{"start":{"line":47,"column":76},"end":{"line":47,"column":84}}],"line":47},"3":{"loc":{"start":{"line":51,"column":7},"end":{"line":65,"column":7}},"type":"binary-expr","locations":[{"start":{"line":51,"column":7},"end":{"line":51,"column":31}},{"start":{"line":52,"column":8},"end":{"line":64,"column":15}}],"line":51}},"s":{"0":0,"1":0,"2":0,"3":0,"4":0,"5":0,"6":0,"7":0,"8":0,"9":0,"10":0,"11":0,"12":0,"13":0,"14":0,"15":0,"16":0,"17":0,"18":0,"19":0,"20":0,"21":0,"22":0,"23":0,"24":0},"f":{"0":0,"1":0,"2":0,"3":0,"4":0,"5":0},"b":{"0":[0,0],"1":[0,0],"2":[0,0],"3":[0,0]}}
,"/Users/Shared/Analytics-Betting-Assistant/src/components/SubscriptionGate.js": {"path":"/Users/Shared/Analytics-Betting-Assistant/src/components/SubscriptionGate.js","statementMap":{"0":{"start":{"line":15,"column":25},"end":{"line":101,"column":1}},"1":{"start":{"line":17,"column":4},"end":{"line":22,"column":7}},"2":{"start":{"line":25,"column":4},"end":{"line":44,"column":5}},"3":{"start":{"line":27,"column":6},"end":{"line":39,"column":7}},"4":{"start":{"line":28,"column":8},"end":{"line":38,"column":11}},"5":{"start":{"line":35,"column":10},"end":{"line":37,"column":11}},"6":{"start":{"line":36,"column":12},"end":{"line":36,"column":69}},"7":{"start":{"line":42,"column":6},"end":{"line":42,"column":61}},"8":{"start":{"line":43,"column":6},"end":{"line":43,"column":31}},"9":{"start":{"line":45,"column":4},"end":{"line":45,"column":29}},"10":{"start":{"line":49,"column":4},"end":{"line":54,"column":7}},"11":{"start":{"line":56,"column":4},"end":{"line":71,"column":5}},"12":{"start":{"line":57,"column":6},"end":{"line":67,"column":7}},"13":{"start":{"line":58,"column":8},"end":{"line":66,"column":11}},"14":{"start":{"line":63,"column":10},"end":{"line":65,"column":11}},"15":{"start":{"line":64,"column":12},"end":{"line":64,"column":69}},"16":{"start":{"line":69,"column":6},"end":{"line":69,"column":61}},"17":{"start":{"line":70,"column":6},"end":{"line":70,"column":31}},"18":{"start":{"line":72,"column":4},"end":{"line":72,"column":29}},"19":{"start":{"line":76,"column":4},"end":{"line":81,"column":7}},"20":{"start":{"line":83,"column":4},"end":{"line":98,"column":5}},"21":{"start":{"line":84,"column":6},"end":{"line":94,"column":7}},"22":{"start":{"line":85,"column":8},"end":{"line":93,"column":11}},"23":{"start":{"line":90,"column":10},"end":{"line":92,"column":11}},"24":{"start":{"line":91,"column":12},"end":{"line":91,"column":69}},"25":{"start":{"line":96,"column":6},"end":{"line":96,"column":61}},"26":{"start":{"line":97,"column":6},"end":{"line":97,"column":31}},"27":{"start":{"line":99,"column":4},"end":{"line":99,"column":29}},"28":{"start":{"line":103,"column":25},"end":{"line":566,"column":1}},"29":{"start":{"line":110,"column":50},"end":{"line":110,"column":64}},"30":{"start":{"line":111,"column":32},"end":{"line":111,"column":46}},"31":{"start":{"line":112,"column":56},"end":{"line":112,"column":71}},"32":{"start":{"line":115,"column":24},"end":{"line":119,"column":3}},"33":{"start":{"line":122,"column":2},"end":{"line":130,"column":9}},"34":{"start":{"line":124,"column":4},"end":{"line":126,"column":5}},"35":{"start":{"line":125,"column":6},"end":{"line":125,"column":26}},"36":{"start":{"line":129,"column":4},"end":{"line":129,"column":28}},"37":{"start":{"line":132,"column":2},"end":{"line":167,"column":55}},"38":{"start":{"line":134,"column":4},"end":{"line":150,"column":5}},"39":{"start":{"line":136,"column":6},"end":{"line":148,"column":7}},"40":{"start":{"line":137,"column":8},"end":{"line":144,"column":11}},"41":{"start":{"line":143,"column":10},"end":{"line":143,"column":82}},"42":{"start":{"line":147,"column":8},"end":{"line":147,"column":64}},"43":{"start":{"line":149,"column":6},"end":{"line":149,"column":35}},"44":{"start":{"line":153,"column":4},"end":{"line":166,"column":5}},"45":{"start":{"line":154,"column":6},"end":{"line":164,"column":7}},"46":{"start":{"line":155,"column":8},"end":{"line":161,"column":11}},"47":{"start":{"line":160,"column":10},"end":{"line":160,"column":82}},"48":{"start":{"line":163,"column":8},"end":{"line":163,"column":64}},"49":{"start":{"line":165,"column":6},"end":{"line":165,"column":35}},"50":{"start":{"line":169,"column":28},"end":{"line":185,"column":3}},"51":{"start":{"line":170,"column":4},"end":{"line":183,"column":5}},"52":{"start":{"line":171,"column":27},"end":{"line":171,"column":71}},"53":{"start":{"line":172,"column":6},"end":{"line":180,"column":7}},"54":{"start":{"line":173,"column":34},"end":{"line":173,"column":58}},"55":{"start":{"line":174,"column":8},"end":{"line":179,"column":9}},"56":{"start":{"line":175,"column":10},"end":{"line":175,"column":57}},"57":{"start":{"line":176,"column":10},"end":{"line":176,"column":36}},"58":{"start":{"line":177,"column":10},"end":{"line":177,"column":28}},"59":{"start":{"line":178,"column":10},"end":{"line":178,"column":22}},"60":{"start":{"line":182,"column":6},"end":{"line":182,"column":58}},"61":{"start":{"line":184,"column":4},"end":{"line":184,"column":17}},"62":{"start":{"line":187,"column":32},"end":{"line":252,"column":3}},"63":{"start":{"line":188,"column":4},"end":{"line":251,"column":5}},"64":{"start":{"line":189,"column":6},"end":{"line":189,"column":23}},"65":{"start":{"line":192,"column":6},"end":{"line":197,"column":7}},"66":{"start":{"line":193,"column":28},"end":{"line":193,"column":53}},"67":{"start":{"line":194,"column":8},"end":{"line":196,"column":9}},"68":{"start":{"line":195,"column":10},"end":{"line":195,"column":17}},"69":{"start":{"line":200,"column":33},"end":{"line":200,"column":81}},"70":{"start":{"line":201,"column":6},"end":{"line":211,"column":7}},"71":{"start":{"line":202,"column":23},"end":{"line":202,"column":53}},"72":{"start":{"line":203,"column":8},"end":{"line":203,"column":36}},"73":{"start":{"line":206,"column":27},"end":{"line":206,"column":56}},"74":{"start":{"line":207,"column":8},"end":{"line":210,"column":9}},"75":{"start":{"line":208,"column":10},"end":{"line":208,"column":28}},"76":{"start":{"line":209,"column":10},"end":{"line":209,"column":17}},"77":{"start":{"line":214,"column":23},"end":{"line":214,"column":61}},"78":{"start":{"line":216,"column":6},"end":{"line":224,"column":7}},"79":{"start":{"line":217,"column":33},"end":{"line":220,"column":9}},"80":{"start":{"line":222,"column":8},"end":{"line":222,"column":46}},"81":{"start":{"line":223,"column":8},"end":{"line":223,"column":91}},"82":{"start":{"line":226,"column":6},"end":{"line":226,"column":59}},"83":{"start":{"line":229,"column":29},"end":{"line":229,"column":74}},"84":{"start":{"line":230,"column":6},"end":{"line":248,"column":7}},"85":{"start":{"line":231,"column":26},"end":{"line":231,"column":52}},"86":{"start":{"line":232,"column":26},"end":{"line":235,"column":9}},"87":{"start":{"line":233,"column":10},"end":{"line":234,"column":44}},"88":{"start":{"line":237,"column":8},"end":{"line":245,"column":9}},"89":{"start":{"line":238,"column":10},"end":{"line":242,"column":13}},"90":{"start":{"line":244,"column":10},"end":{"line":244,"column":48}},"91":{"start":{"line":247,"column":8},"end":{"line":247,"column":46}},"92":{"start":{"line":250,"column":6},"end":{"line":250,"column":24}},"93":{"start":{"line":255,"column":26},"end":{"line":288,"column":3}},"94":{"start":{"line":256,"column":4},"end":{"line":259,"column":5}},"95":{"start":{"line":257,"column":6},"end":{"line":257,"column":76}},"96":{"start":{"line":258,"column":6},"end":{"line":258,"column":13}},"97":{"start":{"line":261,"column":21},"end":{"line":269,"column":5}},"98":{"start":{"line":271,"column":4},"end":{"line":271,"column":75}},"99":{"start":{"line":272,"column":4},"end":{"line":272,"column":69}},"100":{"start":{"line":275,"column":4},"end":{"line":275,"column":30}},"101":{"start":{"line":277,"column":4},"end":{"line":281,"column":6}},"102":{"start":{"line":284,"column":4},"end":{"line":287,"column":7}},"103":{"start":{"line":291,"column":28},"end":{"line":301,"column":3}},"104":{"start":{"line":292,"column":4},"end":{"line":292,"column":52}},"105":{"start":{"line":293,"column":4},"end":{"line":293,"column":44}},"106":{"start":{"line":296,"column":4},"end":{"line":298,"column":7}},"107":{"start":{"line":300,"column":4},"end":{"line":300,"column":28}},"108":{"start":{"line":303,"column":20},"end":{"line":310,"column":3}},"109":{"start":{"line":304,"column":4},"end":{"line":304,"column":40}},"110":{"start":{"line":304,"column":27},"end":{"line":304,"column":40}},"111":{"start":{"line":306,"column":26},"end":{"line":306,"column":67}},"112":{"start":{"line":307,"column":30},"end":{"line":307,"column":62}},"113":{"start":{"line":309,"column":4},"end":{"line":309,"column":46}},"114":{"start":{"line":312,"column":24},"end":{"line":370,"column":3}},"115":{"start":{"line":314,"column":4},"end":{"line":324,"column":5}},"116":{"start":{"line":315,"column":6},"end":{"line":321,"column":9}},"117":{"start":{"line":320,"column":8},"end":{"line":320,"column":80}},"118":{"start":{"line":323,"column":6},"end":{"line":323,"column":62}},"119":{"start":{"line":326,"column":4},"end":{"line":369,"column":6}},"120":{"start":{"line":335,"column":12},"end":{"line":345,"column":13}},"121":{"start":{"line":336,"column":14},"end":{"line":342,"column":17}},"122":{"start":{"line":341,"column":16},"end":{"line":341,"column":88}},"123":{"start":{"line":344,"column":14},"end":{"line":344,"column":70}},"124":{"start":{"line":352,"column":12},"end":{"line":352,"column":59}},"125":{"start":{"line":355,"column":12},"end":{"line":365,"column":13}},"126":{"start":{"line":356,"column":14},"end":{"line":362,"column":17}},"127":{"start":{"line":361,"column":16},"end":{"line":361,"column":88}},"128":{"start":{"line":364,"column":14},"end":{"line":364,"column":70}},"129":{"start":{"line":372,"column":30},"end":{"line":388,"column":3}},"130":{"start":{"line":374,"column":4},"end":{"line":384,"column":5}},"131":{"start":{"line":375,"column":6},"end":{"line":381,"column":9}},"132":{"start":{"line":380,"column":8},"end":{"line":380,"column":80}},"133":{"start":{"line":383,"column":6},"end":{"line":383,"column":62}},"134":{"start":{"line":386,"column":4},"end":{"line":386,"column":56}},"135":{"start":{"line":387,"column":4},"end":{"line":387,"column":34}},"136":{"start":{"line":391,"column":27},"end":{"line":437,"column":3}},"137":{"start":{"line":392,"column":4},"end":{"line":392,"column":30}},"138":{"start":{"line":392,"column":18},"end":{"line":392,"column":30}},"139":{"start":{"line":394,"column":4},"end":{"line":436,"column":6}},"140":{"start":{"line":409,"column":27},"end":{"line":409,"column":50}},"141":{"start":{"line":415,"column":27},"end":{"line":415,"column":49}},"142":{"start":{"line":421,"column":27},"end":{"line":421,"column":51}},"143":{"start":{"line":439,"column":2},"end":{"line":447,"column":3}},"144":{"start":{"line":440,"column":4},"end":{"line":446,"column":6}},"145":{"start":{"line":449,"column":2},"end":{"line":469,"column":3}},"146":{"start":{"line":450,"column":4},"end":{"line":468,"column":6}},"147":{"start":{"line":456,"column":14},"end":{"line":460,"column":16}},"148":{"start":{"line":472,"column":2},"end":{"line":555,"column":3}},"149":{"start":{"line":473,"column":4},"end":{"line":554,"column":6}},"150":{"start":{"line":558,"column":2},"end":{"line":565,"column":4}},"151":{"start":{"line":568,"column":15},"end":{"line":786,"column":2}}},"fnMap":{"0":{"name":"(anonymous_0)","decl":{"start":{"line":16,"column":30},"end":{"line":16,"column":31}},"loc":{"start":{"line":16,"column":74},"end":{"line":46,"column":3}},"line":16},"1":{"name":"(anonymous_1)","decl":{"start":{"line":33,"column":17},"end":{"line":33,"column":18}},"loc":{"start":{"line":33,"column":26},"end":{"line":38,"column":9}},"line":33},"2":{"name":"(anonymous_2)","decl":{"start":{"line":48,"column":35},"end":{"line":48,"column":36}},"loc":{"start":{"line":48,"column":70},"end":{"line":73,"column":3}},"line":48},"3":{"name":"(anonymous_3)","decl":{"start":{"line":62,"column":17},"end":{"line":62,"column":18}},"loc":{"start":{"line":62,"column":26},"end":{"line":66,"column":9}},"line":62},"4":{"name":"(anonymous_4)","decl":{"start":{"line":75,"column":34},"end":{"line":75,"column":35}},"loc":{"start":{"line":75,"column":75},"end":{"line":100,"column":3}},"line":75},"5":{"name":"(anonymous_5)","decl":{"start":{"line":89,"column":17},"end":{"line":89,"column":18}},"loc":{"start":{"line":89,"column":26},"end":{"line":93,"column":9}},"line":89},"6":{"name":"(anonymous_6)","decl":{"start":{"line":103,"column":25},"end":{"line":103,"column":26}},"loc":{"start":{"line":109,"column":6},"end":{"line":566,"column":1}},"line":109},"7":{"name":"(anonymous_7)","decl":{"start":{"line":122,"column":12},"end":{"line":122,"column":13}},"loc":{"start":{"line":122,"column":18},"end":{"line":130,"column":3}},"line":122},"8":{"name":"(anonymous_8)","decl":{"start":{"line":132,"column":12},"end":{"line":132,"column":13}},"loc":{"start":{"line":132,"column":18},"end":{"line":167,"column":3}},"line":132},"9":{"name":"(anonymous_9)","decl":{"start":{"line":141,"column":16},"end":{"line":141,"column":17}},"loc":{"start":{"line":141,"column":25},"end":{"line":144,"column":9}},"line":141},"10":{"name":"(anonymous_10)","decl":{"start":{"line":159,"column":16},"end":{"line":159,"column":17}},"loc":{"start":{"line":159,"column":25},"end":{"line":161,"column":9}},"line":159},"11":{"name":"(anonymous_11)","decl":{"start":{"line":169,"column":28},"end":{"line":169,"column":29}},"loc":{"start":{"line":169,"column":40},"end":{"line":185,"column":3}},"line":169},"12":{"name":"(anonymous_12)","decl":{"start":{"line":187,"column":32},"end":{"line":187,"column":33}},"loc":{"start":{"line":187,"column":44},"end":{"line":252,"column":3}},"line":187},"13":{"name":"(anonymous_13)","decl":{"start":{"line":232,"column":41},"end":{"line":232,"column":42}},"loc":{"start":{"line":233,"column":10},"end":{"line":234,"column":44}},"line":233},"14":{"name":"(anonymous_14)","decl":{"start":{"line":255,"column":26},"end":{"line":255,"column":27}},"loc":{"start":{"line":255,"column":72},"end":{"line":288,"column":3}},"line":255},"15":{"name":"(anonymous_15)","decl":{"start":{"line":291,"column":28},"end":{"line":291,"column":29}},"loc":{"start":{"line":291,"column":40},"end":{"line":301,"column":3}},"line":291},"16":{"name":"(anonymous_16)","decl":{"start":{"line":303,"column":20},"end":{"line":303,"column":21}},"loc":{"start":{"line":303,"column":26},"end":{"line":310,"column":3}},"line":303},"17":{"name":"(anonymous_17)","decl":{"start":{"line":312,"column":24},"end":{"line":312,"column":25}},"loc":{"start":{"line":312,"column":30},"end":{"line":370,"column":3}},"line":312},"18":{"name":"(anonymous_18)","decl":{"start":{"line":319,"column":14},"end":{"line":319,"column":15}},"loc":{"start":{"line":319,"column":23},"end":{"line":321,"column":7}},"line":319},"19":{"name":"(anonymous_19)","decl":{"start":{"line":333,"column":19},"end":{"line":333,"column":20}},"loc":{"start":{"line":333,"column":25},"end":{"line":346,"column":11}},"line":333},"20":{"name":"(anonymous_20)","decl":{"start":{"line":340,"column":23},"end":{"line":340,"column":24}},"loc":{"start":{"line":340,"column":32},"end":{"line":342,"column":15}},"line":340},"21":{"name":"(anonymous_21)","decl":{"start":{"line":350,"column":19},"end":{"line":350,"column":20}},"loc":{"start":{"line":350,"column":25},"end":{"line":366,"column":11}},"line":350},"22":{"name":"(anonymous_22)","decl":{"start":{"line":360,"column":23},"end":{"line":360,"column":24}},"loc":{"start":{"line":360,"column":32},"end":{"line":362,"column":15}},"line":360},"23":{"name":"(anonymous_23)","decl":{"start":{"line":372,"column":30},"end":{"line":372,"column":31}},"loc":{"start":{"line":372,"column":42},"end":{"line":388,"column":3}},"line":372},"24":{"name":"(anonymous_24)","decl":{"start":{"line":379,"column":15},"end":{"line":379,"column":16}},"loc":{"start":{"line":379,"column":24},"end":{"line":381,"column":7}},"line":379},"25":{"name":"(anonymous_25)","decl":{"start":{"line":391,"column":27},"end":{"line":391,"column":28}},"loc":{"start":{"line":391,"column":33},"end":{"line":437,"column":3}},"line":391},"26":{"name":"(anonymous_26)","decl":{"start":{"line":409,"column":21},"end":{"line":409,"column":22}},"loc":{"start":{"line":409,"column":27},"end":{"line":409,"column":50}},"line":409},"27":{"name":"(anonymous_27)","decl":{"start":{"line":415,"column":21},"end":{"line":415,"column":22}},"loc":{"start":{"line":415,"column":27},"end":{"line":415,"column":49}},"line":415},"28":{"name":"(anonymous_28)","decl":{"start":{"line":421,"column":21},"end":{"line":421,"column":22}},"loc":{"start":{"line":421,"column":27},"end":{"line":421,"column":51}},"line":421},"29":{"name":"(anonymous_29)","decl":{"start":{"line":455,"column":21},"end":{"line":455,"column":22}},"loc":{"start":{"line":455,"column":27},"end":{"line":461,"column":13}},"line":455}},"branchMap":{"0":{"loc":{"start":{"line":27,"column":6},"end":{"line":39,"column":7}},"type":"if","locations":[{"start":{"line":27,"column":6},"end":{"line":39,"column":7}},{"start":{},"end":{}}],"line":27},"1":{"loc":{"start":{"line":35,"column":10},"end":{"line":37,"column":11}},"type":"if","locations":[{"start":{"line":35,"column":10},"end":{"line":37,"column":11}},{"start":{},"end":{}}],"line":35},"2":{"loc":{"start":{"line":57,"column":6},"end":{"line":67,"column":7}},"type":"if","locations":[{"start":{"line":57,"column":6},"end":{"line":67,"column":7}},{"start":{},"end":{}}],"line":57},"3":{"loc":{"start":{"line":63,"column":10},"end":{"line":65,"column":11}},"type":"if","locations":[{"start":{"line":63,"column":10},"end":{"line":65,"column":11}},{"start":{},"end":{}}],"line":63},"4":{"loc":{"start":{"line":84,"column":6},"end":{"line":94,"column":7}},"type":"if","locations":[{"start":{"line":84,"column":6},"end":{"line":94,"column":7}},{"start":{},"end":{}}],"line":84},"5":{"loc":{"start":{"line":90,"column":10},"end":{"line":92,"column":11}},"type":"if","locations":[{"start":{"line":90,"column":10},"end":{"line":92,"column":11}},{"start":{},"end":{}}],"line":90},"6":{"loc":{"start":{"line":105,"column":2},"end":{"line":105,"column":23}},"type":"default-arg","locations":[{"start":{"line":105,"column":17},"end":{"line":105,"column":23}}],"line":105},"7":{"loc":{"start":{"line":106,"column":2},"end":{"line":106,"column":30}},"type":"default-arg","locations":[{"start":{"line":106,"column":16},"end":{"line":106,"column":30}}],"line":106},"8":{"loc":{"start":{"line":107,"column":2},"end":{"line":107,"column":26}},"type":"default-arg","locations":[{"start":{"line":107,"column":22},"end":{"line":107,"column":26}}],"line":107},"9":{"loc":{"start":{"line":108,"column":2},"end":{"line":108,"column":25}},"type":"default-arg","locations":[{"start":{"line":108,"column":11},"end":{"line":108,"column":25}}],"line":108},"10":{"loc":{"start":{"line":124,"column":4},"end":{"line":126,"column":5}},"type":"if","locations":[{"start":{"line":124,"column":4},"end":{"line":126,"column":5}},{"start":{},"end":{}}],"line":124},"11":{"loc":{"start":{"line":134,"column":4},"end":{"line":150,"column":5}},"type":"if","locations":[{"start":{"line":134,"column":4},"end":{"line":150,"column":5}},{"start":{},"end":{}}],"line":134},"12":{"loc":{"start":{"line":134,"column":8},"end":{"line":134,"column":76}},"type":"binary-expr","locations":[{"start":{"line":134,"column":8},"end":{"line":134,"column":16}},{"start":{"line":134,"column":20},"end":{"line":134,"column":36}},{"start":{"line":134,"column":40},"end":{"line":134,"column":52}},{"start":{"line":134,"column":56},"end":{"line":134,"column":76}}],"line":134},"13":{"loc":{"start":{"line":153,"column":4},"end":{"line":166,"column":5}},"type":"if","locations":[{"start":{"line":153,"column":4},"end":{"line":166,"column":5}},{"start":{},"end":{}}],"line":153},"14":{"loc":{"start":{"line":153,"column":8},"end":{"line":153,"column":75}},"type":"binary-expr","locations":[{"start":{"line":153,"column":8},"end":{"line":153,"column":16}},{"start":{"line":153,"column":20},"end":{"line":153,"column":36}},{"start":{"line":153,"column":40},"end":{"line":153,"column":51}},{"start":{"line":153,"column":55},"end":{"line":153,"column":75}}],"line":153},"15":{"loc":{"start":{"line":172,"column":6},"end":{"line":180,"column":7}},"type":"if","locations":[{"start":{"line":172,"column":6},"end":{"line":180,"column":7}},{"start":{},"end":{}}],"line":172},"16":{"loc":{"start":{"line":174,"column":8},"end":{"line":179,"column":9}},"type":"if","locations":[{"start":{"line":174,"column":8},"end":{"line":179,"column":9}},{"start":{},"end":{}}],"line":174},"17":{"loc":{"start":{"line":192,"column":6},"end":{"line":197,"column":7}},"type":"if","locations":[{"start":{"line":192,"column":6},"end":{"line":197,"column":7}},{"start":{},"end":{}}],"line":192},"18":{"loc":{"start":{"line":194,"column":8},"end":{"line":196,"column":9}},"type":"if","locations":[{"start":{"line":194,"column":8},"end":{"line":196,"column":9}},{"start":{},"end":{}}],"line":194},"19":{"loc":{"start":{"line":201,"column":6},"end":{"line":211,"column":7}},"type":"if","locations":[{"start":{"line":201,"column":6},"end":{"line":211,"column":7}},{"start":{},"end":{}}],"line":201},"20":{"loc":{"start":{"line":207,"column":8},"end":{"line":210,"column":9}},"type":"if","locations":[{"start":{"line":207,"column":8},"end":{"line":210,"column":9}},{"start":{},"end":{}}],"line":207},"21":{"loc":{"start":{"line":207,"column":12},"end":{"line":207,"column":65}},"type":"binary-expr","locations":[{"start":{"line":207,"column":12},"end":{"line":207,"column":30}},{"start":{"line":207,"column":34},"end":{"line":207,"column":65}}],"line":207},"22":{"loc":{"start":{"line":216,"column":6},"end":{"line":224,"column":7}},"type":"if","locations":[{"start":{"line":216,"column":6},"end":{"line":224,"column":7}},{"start":{},"end":{}}],"line":216},"23":{"loc":{"start":{"line":230,"column":6},"end":{"line":248,"column":7}},"type":"if","locations":[{"start":{"line":230,"column":6},"end":{"line":248,"column":7}},{"start":{"line":246,"column":13},"end":{"line":248,"column":7}}],"line":230},"24":{"loc":{"start":{"line":233,"column":10},"end":{"line":234,"column":44}},"type":"binary-expr","locations":[{"start":{"line":233,"column":10},"end":{"line":233,"column":31}},{"start":{"line":234,"column":10},"end":{"line":234,"column":44}}],"line":233},"25":{"loc":{"start":{"line":237,"column":8},"end":{"line":245,"column":9}},"type":"if","locations":[{"start":{"line":237,"column":8},"end":{"line":245,"column":9}},{"start":{"line":243,"column":15},"end":{"line":245,"column":9}}],"line":237},"26":{"loc":{"start":{"line":255,"column":33},"end":{"line":255,"column":51}},"type":"default-arg","locations":[{"start":{"line":255,"column":44},"end":{"line":255,"column":51}}],"line":255},"27":{"loc":{"start":{"line":255,"column":53},"end":{"line":255,"column":67}},"type":"default-arg","locations":[{"start":{"line":255,"column":63},"end":{"line":255,"column":67}}],"line":255},"28":{"loc":{"start":{"line":256,"column":4},"end":{"line":259,"column":5}},"type":"if","locations":[{"start":{"line":256,"column":4},"end":{"line":259,"column":5}},{"start":{},"end":{}}],"line":256},"29":{"loc":{"start":{"line":304,"column":4},"end":{"line":304,"column":40}},"type":"if","locations":[{"start":{"line":304,"column":4},"end":{"line":304,"column":40}},{"start":{},"end":{}}],"line":304},"30":{"loc":{"start":{"line":306,"column":26},"end":{"line":306,"column":67}},"type":"binary-expr","locations":[{"start":{"line":306,"column":26},"end":{"line":306,"column":62}},{"start":{"line":306,"column":66},"end":{"line":306,"column":67}}],"line":306},"31":{"loc":{"start":{"line":307,"column":30},"end":{"line":307,"column":62}},"type":"binary-expr","locations":[{"start":{"line":307,"column":30},"end":{"line":307,"column":57}},{"start":{"line":307,"column":61},"end":{"line":307,"column":62}}],"line":307},"32":{"loc":{"start":{"line":392,"column":4},"end":{"line":392,"column":30}},"type":"if","locations":[{"start":{"line":392,"column":4},"end":{"line":392,"column":30}},{"start":{},"end":{}}],"line":392},"33":{"loc":{"start":{"line":398,"column":47},"end":{"line":398,"column":82}},"type":"binary-expr","locations":[{"start":{"line":398,"column":47},"end":{"line":398,"column":69}},{"start":{"line":398,"column":73},"end":{"line":398,"column":82}}],"line":398},"34":{"loc":{"start":{"line":401,"column":23},"end":{"line":401,"column":53}},"type":"cond-expr","locations":[{"start":{"line":401,"column":37},"end":{"line":401,"column":44}},{"start":{"line":401,"column":47},"end":{"line":401,"column":53}}],"line":401},"35":{"loc":{"start":{"line":432,"column":9},"end":{"line":434,"column":9}},"type":"binary-expr","locations":[{"start":{"line":432,"column":9},"end":{"line":432,"column":33}},{"start":{"line":433,"column":10},"end":{"line":433,"column":97}}],"line":432},"36":{"loc":{"start":{"line":439,"column":2},"end":{"line":447,"column":3}},"type":"if","locations":[{"start":{"line":439,"column":2},"end":{"line":447,"column":3}},{"start":{},"end":{}}],"line":439},"37":{"loc":{"start":{"line":449,"column":2},"end":{"line":469,"column":3}},"type":"if","locations":[{"start":{"line":449,"column":2},"end":{"line":469,"column":3}},{"start":{},"end":{}}],"line":449},"38":{"loc":{"start":{"line":452,"column":9},"end":{"line":465,"column":9}},"type":"binary-expr","locations":[{"start":{"line":452,"column":9},"end":{"line":452,"column":16}},{"start":{"line":453,"column":10},"end":{"line":464,"column":29}}],"line":452},"39":{"loc":{"start":{"line":472,"column":2},"end":{"line":555,"column":3}},"type":"if","locations":[{"start":{"line":472,"column":2},"end":{"line":555,"column":3}},{"start":{},"end":{}}],"line":472},"40":{"loc":{"start":{"line":479,"column":18},"end":{"line":479,"column":62}},"type":"cond-expr","locations":[{"start":{"line":479,"column":45},"end":{"line":479,"column":53}},{"start":{"line":479,"column":56},"end":{"line":479,"column":62}}],"line":479},"41":{"loc":{"start":{"line":481,"column":19},"end":{"line":481,"column":67}},"type":"cond-expr","locations":[{"start":{"line":481,"column":46},"end":{"line":481,"column":55}},{"start":{"line":481,"column":58},"end":{"line":481,"column":67}}],"line":481},"42":{"loc":{"start":{"line":502,"column":11},"end":{"line":507,"column":11}},"type":"binary-expr","locations":[{"start":{"line":502,"column":11},"end":{"line":502,"column":35}},{"start":{"line":503,"column":12},"end":{"line":506,"column":19}}],"line":502},"43":{"loc":{"start":{"line":522,"column":11},"end":{"line":536,"column":11}},"type":"binary-expr","locations":[{"start":{"line":522,"column":11},"end":{"line":522,"column":35}},{"start":{"line":523,"column":12},"end":{"line":535,"column":19}}],"line":522},"44":{"loc":{"start":{"line":549,"column":13},"end":{"line":549,"column":60}},"type":"binary-expr","locations":[{"start":{"line":549,"column":13},"end":{"line":549,"column":50}},{"start":{"line":549,"column":54},"end":{"line":549,"column":60}}],"line":549},"45":{"loc":{"start":{"line":550,"column":13},"end":{"line":550,"column":50}},"type":"binary-expr","locations":[{"start":{"line":550,"column":13},"end":{"line":550,"column":37}},{"start":{"line":550,"column":41},"end":{"line":550,"column":50}}],"line":550}},"s":{"0":0,"1":0,"2":0,"3":0,"4":0,"5":0,"6":0,"7":0,"8":0,"9":0,"10":0,"11":0,"12":0,"13":0,"14":0,"15":0,"16":0,"17":0,"18":0,"19":0,"20":0,"21":0,"22":0,"23":0,"24":0,"25":0,"26":0,"27":0,"28":0,"29":0,"30":0,"31":0,"32":0,"33":0,"34":0,"35":0,"36":0,"37":0,"38":0,"39":0,"40":0,"41":0,"42":0,"43":0,"44":0,"45":0,"46":0,"47":0,"48":0,"49":0,"50":0,"51":0,"52":0,"53":0,"54":0,"55":0,"56":0,"57":0,"58":0,"59":0,"60":0,"61":0,"62":0,"63":0,"64":0,"65":0,"66":0,"67":0,"68":0,"69":0,"70":0,"71":0,"72":0,"73":0,"74":0,"75":0,"76":0,"77":0,"78":0,"79":0,"80":0,"81":0,"82":0,"83":0,"84":0,"85":0,"86":0,"87":0,"88":0,"89":0,"90":0,"91":0,"92":0,"93":0,"94":0,"95":0,"96":0,"97":0,"98":0,"99":0,"100":0,"101":0,"102":0,"103":0,"104":0,"105":0,"106":0,"107":0,"108":0,"109":0,"110":0,"111":0,"112":0,"113":0,"114":0,"115":0,"116":0,"117":0,"118":0,"119":0,"120":0,"121":0,"122":0,"123":0,"124":0,"125":0,"126":0,"127":0,"128":0,"129":0,"130":0,"131":0,"132":0,"133":0,"134":0,"135":0,"136":0,"137":0,"138":0,"139":0,"140":0,"141":0,"142":0,"143":0,"144":0,"145":0,"146":0,"147":0,"148":0,"149":0,"150":0,"151":0},"f":{"0":0,"1":0,"2":0,"3":0,"4":0,"5":0,"6":0,"7":0,"8":0,"9":0,"10":0,"11":0,"12":0,"13":0,"14":0,"15":0,"16":0,"17":0,"18":0,"19":0,"20":0,"21":0,"22":0,"23":0,"24":0,"25":0,"26":0,"27":0,"28":0,"29":0},"b":{"0":[0,0],"1":[0,0],"2":[0,0],"3":[0,0],"4":[0,0],"5":[0,0],"6":[0],"7":[0],"8":[0],"9":[0],"10":[0,0],"11":[0,0],"12":[0,0,0,0],"13":[0,0],"14":[0,0,0,0],"15":[0,0],"16":[0,0],"17":[0,0],"18":[0,0],"19":[0,0],"20":[0,0],"21":[0,0],"22":[0,0],"23":[0,0],"24":[0,0],"25":[0,0],"26":[0],"27":[0],"28":[0,0],"29":[0,0],"30":[0,0],"31":[0,0],"32":[0,0],"33":[0,0],"34":[0,0],"35":[0,0],"36":[0,0],"37":[0,0],"38":[0,0],"39":[0,0],"40":[0,0],"41":[0,0],"42":[0,0],"43":[0,0],"44":[0,0],"45":[0,0]}}
,"/Users/Shared/Analytics-Betting-Assistant/src/components/SubscriptionGuard.js": {"path":"/Users/Shared/Analytics-Betting-Assistant/src/components/SubscriptionGuard.js","statementMap":{"0":{"start":{"line":12,"column":24},"end":{"line":14,"column":3}},"1":{"start":{"line":13,"column":4},"end":{"line":13,"column":72}},"2":{"start":{"line":16,"column":2},"end":{"line":69,"column":4}},"3":{"start":{"line":72,"column":15},"end":{"line":161,"column":2}}},"fnMap":{"0":{"name":"SubscriptionGuard","decl":{"start":{"line":11,"column":24},"end":{"line":11,"column":41}},"loc":{"start":{"line":11,"column":79},"end":{"line":70,"column":1}},"line":11},"1":{"name":"(anonymous_1)","decl":{"start":{"line":12,"column":24},"end":{"line":12,"column":25}},"loc":{"start":{"line":12,"column":30},"end":{"line":14,"column":3}},"line":12}},"branchMap":{"0":{"loc":{"start":{"line":11,"column":58},"end":{"line":11,"column":75}},"type":"default-arg","locations":[{"start":{"line":11,"column":66},"end":{"line":11,"column":75}}],"line":11},"1":{"loc":{"start":{"line":49,"column":11},"end":{"line":49,"column":71}},"type":"cond-expr","locations":[{"start":{"line":49,"column":40},"end":{"line":49,"column":54}},{"start":{"line":49,"column":57},"end":{"line":49,"column":71}}],"line":49}},"s":{"0":0,"1":0,"2":0,"3":0},"f":{"0":0,"1":0},"b":{"0":[0],"1":[0,0]}}
,"/Users/Shared/Analytics-Betting-Assistant/src/components/promo/PromoCodeInput.js": {"path":"/Users/Shared/Analytics-Betting-Assistant/src/components/promo/PromoCodeInput.js","statementMap":{"0":{"start":{"line":14,"column":23},"end":{"line":172,"column":1}},"1":{"start":{"line":15,"column":26},"end":{"line":15,"column":38}},"2":{"start":{"line":16,"column":32},"end":{"line":16,"column":47}},"3":{"start":{"line":17,"column":38},"end":{"line":17,"column":53}},"4":{"start":{"line":18,"column":44},"end":{"line":18,"column":58}},"5":{"start":{"line":19,"column":32},"end":{"line":19,"column":44}},"6":{"start":{"line":21,"column":25},"end":{"line":52,"column":3}},"7":{"start":{"line":22,"column":4},"end":{"line":25,"column":5}},"8":{"start":{"line":23,"column":6},"end":{"line":23,"column":56}},"9":{"start":{"line":24,"column":6},"end":{"line":24,"column":13}},"10":{"start":{"line":27,"column":4},"end":{"line":51,"column":5}},"11":{"start":{"line":28,"column":6},"end":{"line":28,"column":26}},"12":{"start":{"line":29,"column":6},"end":{"line":29,"column":34}},"13":{"start":{"line":30,"column":21},"end":{"line":30,"column":84}},"14":{"start":{"line":32,"column":6},"end":{"line":45,"column":7}},"15":{"start":{"line":33,"column":8},"end":{"line":33,"column":43}},"16":{"start":{"line":34,"column":8},"end":{"line":34,"column":63}},"17":{"start":{"line":35,"column":8},"end":{"line":40,"column":10}},"18":{"start":{"line":42,"column":8},"end":{"line":42,"column":31}},"19":{"start":{"line":43,"column":8},"end":{"line":43,"column":60}},"20":{"start":{"line":44,"column":8},"end":{"line":44,"column":86}},"21":{"start":{"line":47,"column":6},"end":{"line":47,"column":46}},"22":{"start":{"line":48,"column":6},"end":{"line":48,"column":77}},"23":{"start":{"line":50,"column":6},"end":{"line":50,"column":27}},"24":{"start":{"line":54,"column":22},"end":{"line":89,"column":3}},"25":{"start":{"line":55,"column":4},"end":{"line":58,"column":5}},"26":{"start":{"line":56,"column":6},"end":{"line":56,"column":56}},"27":{"start":{"line":57,"column":6},"end":{"line":57,"column":13}},"28":{"start":{"line":60,"column":4},"end":{"line":63,"column":5}},"29":{"start":{"line":61,"column":6},"end":{"line":61,"column":70}},"30":{"start":{"line":62,"column":6},"end":{"line":62,"column":13}},"31":{"start":{"line":65,"column":4},"end":{"line":88,"column":5}},"32":{"start":{"line":66,"column":6},"end":{"line":66,"column":23}},"33":{"start":{"line":67,"column":6},"end":{"line":67,"column":32}},"34":{"start":{"line":68,"column":21},"end":{"line":68,"column":89}},"35":{"start":{"line":70,"column":6},"end":{"line":82,"column":7}},"36":{"start":{"line":71,"column":8},"end":{"line":71,"column":42}},"37":{"start":{"line":72,"column":8},"end":{"line":72,"column":48}},"38":{"start":{"line":73,"column":8},"end":{"line":73,"column":20}},"39":{"start":{"line":74,"column":8},"end":{"line":74,"column":31}},"40":{"start":{"line":76,"column":8},"end":{"line":78,"column":9}},"41":{"start":{"line":77,"column":10},"end":{"line":77,"column":26}},"42":{"start":{"line":80,"column":8},"end":{"line":80,"column":72}},"43":{"start":{"line":81,"column":8},"end":{"line":81,"column":75}},"44":{"start":{"line":84,"column":6},"end":{"line":84,"column":46}},"45":{"start":{"line":85,"column":6},"end":{"line":85,"column":42}},"46":{"start":{"line":87,"column":6},"end":{"line":87,"column":24}},"47":{"start":{"line":91,"column":2},"end":{"line":171,"column":4}},"48":{"start":{"line":174,"column":15},"end":{"line":315,"column":2}}},"fnMap":{"0":{"name":"(anonymous_0)","decl":{"start":{"line":14,"column":23},"end":{"line":14,"column":24}},"loc":{"start":{"line":14,"column":48},"end":{"line":172,"column":1}},"line":14},"1":{"name":"(anonymous_1)","decl":{"start":{"line":21,"column":25},"end":{"line":21,"column":26}},"loc":{"start":{"line":21,"column":37},"end":{"line":52,"column":3}},"line":21},"2":{"name":"(anonymous_2)","decl":{"start":{"line":54,"column":22},"end":{"line":54,"column":23}},"loc":{"start":{"line":54,"column":34},"end":{"line":89,"column":3}},"line":54}},"branchMap":{"0":{"loc":{"start":{"line":22,"column":4},"end":{"line":25,"column":5}},"type":"if","locations":[{"start":{"line":22,"column":4},"end":{"line":25,"column":5}},{"start":{},"end":{}}],"line":22},"1":{"loc":{"start":{"line":32,"column":6},"end":{"line":45,"column":7}},"type":"if","locations":[{"start":{"line":32,"column":6},"end":{"line":45,"column":7}},{"start":{"line":41,"column":13},"end":{"line":45,"column":7}}],"line":32},"2":{"loc":{"start":{"line":38,"column":57},"end":{"line":39,"column":78}},"type":"cond-expr","locations":[{"start":{"line":38,"column":107},"end":{"line":38,"column":110}},{"start":{"line":39,"column":12},"end":{"line":39,"column":78}}],"line":38},"3":{"loc":{"start":{"line":39,"column":12},"end":{"line":39,"column":78}},"type":"cond-expr","locations":[{"start":{"line":39,"column":57},"end":{"line":39,"column":69}},{"start":{"line":39,"column":72},"end":{"line":39,"column":78}}],"line":39},"4":{"loc":{"start":{"line":43,"column":24},"end":{"line":43,"column":56}},"type":"binary-expr","locations":[{"start":{"line":43,"column":24},"end":{"line":43,"column":38}},{"start":{"line":43,"column":42},"end":{"line":43,"column":56}}],"line":43},"5":{"loc":{"start":{"line":44,"column":36},"end":{"line":44,"column":84}},"type":"binary-expr","locations":[{"start":{"line":44,"column":36},"end":{"line":44,"column":50}},{"start":{"line":44,"column":54},"end":{"line":44,"column":84}}],"line":44},"6":{"loc":{"start":{"line":48,"column":27},"end":{"line":48,"column":75}},"type":"binary-expr","locations":[{"start":{"line":48,"column":27},"end":{"line":48,"column":40}},{"start":{"line":48,"column":44},"end":{"line":48,"column":75}}],"line":48},"7":{"loc":{"start":{"line":55,"column":4},"end":{"line":58,"column":5}},"type":"if","locations":[{"start":{"line":55,"column":4},"end":{"line":58,"column":5}},{"start":{},"end":{}}],"line":55},"8":{"loc":{"start":{"line":60,"column":4},"end":{"line":63,"column":5}},"type":"if","locations":[{"start":{"line":60,"column":4},"end":{"line":63,"column":5}},{"start":{},"end":{}}],"line":60},"9":{"loc":{"start":{"line":70,"column":6},"end":{"line":82,"column":7}},"type":"if","locations":[{"start":{"line":70,"column":6},"end":{"line":82,"column":7}},{"start":{"line":79,"column":13},"end":{"line":82,"column":7}}],"line":70},"10":{"loc":{"start":{"line":76,"column":8},"end":{"line":78,"column":9}},"type":"if","locations":[{"start":{"line":76,"column":8},"end":{"line":78,"column":9}},{"start":{},"end":{}}],"line":76},"11":{"loc":{"start":{"line":80,"column":24},"end":{"line":80,"column":68}},"type":"binary-expr","locations":[{"start":{"line":80,"column":24},"end":{"line":80,"column":36}},{"start":{"line":80,"column":40},"end":{"line":80,"column":68}}],"line":80},"12":{"loc":{"start":{"line":81,"column":29},"end":{"line":81,"column":73}},"type":"binary-expr","locations":[{"start":{"line":81,"column":29},"end":{"line":81,"column":41}},{"start":{"line":81,"column":45},"end":{"line":81,"column":73}}],"line":81},"13":{"loc":{"start":{"line":103,"column":20},"end":{"line":103,"column":43}},"type":"binary-expr","locations":[{"start":{"line":103,"column":20},"end":{"line":103,"column":28}},{"start":{"line":103,"column":32},"end":{"line":103,"column":43}}],"line":103},"14":{"loc":{"start":{"line":110,"column":22},"end":{"line":110,"column":43}},"type":"binary-expr","locations":[{"start":{"line":110,"column":22},"end":{"line":110,"column":32}},{"start":{"line":110,"column":36},"end":{"line":110,"column":43}}],"line":110},"15":{"loc":{"start":{"line":112,"column":13},"end":{"line":116,"column":13}},"type":"cond-expr","locations":[{"start":{"line":113,"column":14},"end":{"line":113,"column":61}},{"start":{"line":115,"column":14},"end":{"line":115,"column":61}}],"line":112},"16":{"loc":{"start":{"line":120,"column":55},"end":{"line":120,"column":107}},"type":"binary-expr","locations":[{"start":{"line":120,"column":56},"end":{"line":120,"column":70}},{"start":{"line":120,"column":74},"end":{"line":120,"column":81}},{"start":{"line":120,"column":86},"end":{"line":120,"column":107}}],"line":120},"17":{"loc":{"start":{"line":122,"column":22},"end":{"line":122,"column":47}},"type":"binary-expr","locations":[{"start":{"line":122,"column":22},"end":{"line":122,"column":29}},{"start":{"line":122,"column":33},"end":{"line":122,"column":47}}],"line":122},"18":{"loc":{"start":{"line":124,"column":13},"end":{"line":128,"column":13}},"type":"cond-expr","locations":[{"start":{"line":125,"column":14},"end":{"line":125,"column":61}},{"start":{"line":127,"column":14},"end":{"line":127,"column":58}}],"line":124},"19":{"loc":{"start":{"line":133,"column":7},"end":{"line":142,"column":14}},"type":"cond-expr","locations":[{"start":{"line":134,"column":8},"end":{"line":141,"column":15}},{"start":{"line":142,"column":10},"end":{"line":142,"column":14}}],"line":133},"20":{"loc":{"start":{"line":136,"column":10},"end":{"line":138,"column":28}},"type":"cond-expr","locations":[{"start":{"line":136,"column":34},"end":{"line":136,"column":55}},{"start":{"line":137,"column":10},"end":{"line":138,"column":28}}],"line":136},"21":{"loc":{"start":{"line":137,"column":10},"end":{"line":138,"column":28}},"type":"cond-expr","locations":[{"start":{"line":137,"column":34},"end":{"line":137,"column":53}},{"start":{"line":138,"column":10},"end":{"line":138,"column":28}}],"line":137},"22":{"loc":{"start":{"line":144,"column":7},"end":{"line":160,"column":7}},"type":"binary-expr","locations":[{"start":{"line":144,"column":7},"end":{"line":144,"column":20}},{"start":{"line":145,"column":8},"end":{"line":159,"column":15}}],"line":144},"23":{"loc":{"start":{"line":151,"column":15},"end":{"line":153,"column":53}},"type":"cond-expr","locations":[{"start":{"line":151,"column":62},"end":{"line":151,"column":100}},{"start":{"line":152,"column":15},"end":{"line":153,"column":53}}],"line":151},"24":{"loc":{"start":{"line":152,"column":15},"end":{"line":153,"column":53}},"type":"cond-expr","locations":[{"start":{"line":152,"column":57},"end":{"line":152,"column":100}},{"start":{"line":153,"column":15},"end":{"line":153,"column":53}}],"line":152},"25":{"loc":{"start":{"line":156,"column":48},"end":{"line":156,"column":77}},"type":"binary-expr","locations":[{"start":{"line":156,"column":48},"end":{"line":156,"column":70}},{"start":{"line":156,"column":74},"end":{"line":156,"column":77}}],"line":156}},"s":{"0":0,"1":0,"2":0,"3":0,"4":0,"5":0,"6":0,"7":0,"8":0,"9":0,"10":0,"11":0,"12":0,"13":0,"14":0,"15":0,"16":0,"17":0,"18":0,"19":0,"20":0,"21":0,"22":0,"23":0,"24":0,"25":0,"26":0,"27":0,"28":0,"29":0,"30":0,"31":0,"32":0,"33":0,"34":0,"35":0,"36":0,"37":0,"38":0,"39":0,"40":0,"41":0,"42":0,"43":0,"44":0,"45":0,"46":0,"47":0,"48":0},"f":{"0":0,"1":0,"2":0},"b":{"0":[0,0],"1":[0,0],"2":[0,0],"3":[0,0],"4":[0,0],"5":[0,0],"6":[0,0],"7":[0,0],"8":[0,0],"9":[0,0],"10":[0,0],"11":[0,0],"12":[0,0],"13":[0,0],"14":[0,0],"15":[0,0],"16":[0,0,0],"17":[0,0],"18":[0,0],"19":[0,0],"20":[0,0],"21":[0,0],"22":[0,0],"23":[0,0],"24":[0,0],"25":[0,0]}}
,"/Users/Shared/Analytics-Betting-Assistant/src/config/api.js": {"path":"/Users/Shared/Analytics-Betting-Assistant/src/config/api.js","statementMap":{"0":{"start":{"line":1,"column":28},"end":{"line":1,"column":52}},"1":{"start":{"line":5,"column":29},"end":{"line":15,"column":1}}},"fnMap":{},"branchMap":{},"s":{"0":0,"1":0},"f":{},"b":{}}
,"/Users/Shared/Analytics-Betting-Assistant/src/contexts/AuthContext.js": {"path":"/Users/Shared/Analytics-Betting-Assistant/src/contexts/AuthContext.js","statementMap":{"0":{"start":{"line":4,"column":20},"end":{"line":11,"column":2}},"1":{"start":{"line":14,"column":28},"end":{"line":116,"column":1}},"2":{"start":{"line":15,"column":26},"end":{"line":15,"column":40}},"3":{"start":{"line":16,"column":32},"end":{"line":16,"column":46}},"4":{"start":{"line":17,"column":28},"end":{"line":17,"column":42}},"5":{"start":{"line":20,"column":2},"end":{"line":39,"column":9}},"6":{"start":{"line":21,"column":22},"end":{"line":36,"column":5}},"7":{"start":{"line":22,"column":6},"end":{"line":35,"column":7}},"8":{"start":{"line":25,"column":28},"end":{"line":25,"column":32}},"9":{"start":{"line":26,"column":8},"end":{"line":30,"column":9}},"10":{"start":{"line":27,"column":10},"end":{"line":27,"column":32}},"11":{"start":{"line":32,"column":8},"end":{"line":32,"column":50}},"12":{"start":{"line":34,"column":8},"end":{"line":34,"column":26}},"13":{"start":{"line":38,"column":4},"end":{"line":38,"column":16}},"14":{"start":{"line":41,"column":16},"end":{"line":63,"column":3}},"15":{"start":{"line":42,"column":4},"end":{"line":62,"column":5}},"16":{"start":{"line":43,"column":6},"end":{"line":43,"column":23}},"17":{"start":{"line":50,"column":23},"end":{"line":50,"column":58}},"18":{"start":{"line":51,"column":24},"end":{"line":51,"column":40}},"19":{"start":{"line":53,"column":6},"end":{"line":53,"column":24}},"20":{"start":{"line":54,"column":6},"end":{"line":54,"column":26}},"21":{"start":{"line":56,"column":6},"end":{"line":56,"column":47}},"22":{"start":{"line":58,"column":6},"end":{"line":58,"column":43}},"23":{"start":{"line":59,"column":6},"end":{"line":59,"column":54}},"24":{"start":{"line":61,"column":6},"end":{"line":61,"column":24}},"25":{"start":{"line":65,"column":17},"end":{"line":78,"column":3}},"26":{"start":{"line":66,"column":4},"end":{"line":77,"column":5}},"27":{"start":{"line":67,"column":6},"end":{"line":67,"column":23}},"28":{"start":{"line":69,"column":6},"end":{"line":69,"column":20}},"29":{"start":{"line":70,"column":6},"end":{"line":70,"column":21}},"30":{"start":{"line":71,"column":6},"end":{"line":71,"column":31}},"31":{"start":{"line":73,"column":6},"end":{"line":73,"column":44}},"32":{"start":{"line":74,"column":6},"end":{"line":74,"column":54}},"33":{"start":{"line":76,"column":6},"end":{"line":76,"column":24}},"34":{"start":{"line":80,"column":19},"end":{"line":100,"column":3}},"35":{"start":{"line":81,"column":4},"end":{"line":99,"column":5}},"36":{"start":{"line":82,"column":6},"end":{"line":82,"column":23}},"37":{"start":{"line":87,"column":23},"end":{"line":87,"column":45}},"38":{"start":{"line":88,"column":24},"end":{"line":88,"column":40}},"39":{"start":{"line":90,"column":6},"end":{"line":90,"column":24}},"40":{"start":{"line":91,"column":6},"end":{"line":91,"column":26}},"41":{"start":{"line":93,"column":6},"end":{"line":93,"column":47}},"42":{"start":{"line":95,"column":6},"end":{"line":95,"column":46}},"43":{"start":{"line":96,"column":6},"end":{"line":96,"column":54}},"44":{"start":{"line":98,"column":6},"end":{"line":98,"column":24}},"45":{"start":{"line":102,"column":16},"end":{"line":109,"column":3}},"46":{"start":{"line":111,"column":2},"end":{"line":115,"column":4}},"47":{"start":{"line":119,"column":23},"end":{"line":125,"column":1}},"48":{"start":{"line":120,"column":18},"end":{"line":120,"column":41}},"49":{"start":{"line":121,"column":2},"end":{"line":123,"column":3}},"50":{"start":{"line":122,"column":4},"end":{"line":122,"column":67}},"51":{"start":{"line":124,"column":2},"end":{"line":124,"column":17}}},"fnMap":{"0":{"name":"(anonymous_0)","decl":{"start":{"line":8,"column":9},"end":{"line":8,"column":10}},"loc":{"start":{"line":8,"column":21},"end":{"line":8,"column":23}},"line":8},"1":{"name":"(anonymous_1)","decl":{"start":{"line":9,"column":10},"end":{"line":9,"column":11}},"loc":{"start":{"line":9,"column":22},"end":{"line":9,"column":24}},"line":9},"2":{"name":"(anonymous_2)","decl":{"start":{"line":10,"column":12},"end":{"line":10,"column":13}},"loc":{"start":{"line":10,"column":24},"end":{"line":10,"column":26}},"line":10},"3":{"name":"(anonymous_3)","decl":{"start":{"line":14,"column":28},"end":{"line":14,"column":29}},"loc":{"start":{"line":14,"column":46},"end":{"line":116,"column":1}},"line":14},"4":{"name":"(anonymous_4)","decl":{"start":{"line":20,"column":12},"end":{"line":20,"column":13}},"loc":{"start":{"line":20,"column":18},"end":{"line":39,"column":3}},"line":20},"5":{"name":"(anonymous_5)","decl":{"start":{"line":21,"column":22},"end":{"line":21,"column":23}},"loc":{"start":{"line":21,"column":34},"end":{"line":36,"column":5}},"line":21},"6":{"name":"(anonymous_6)","decl":{"start":{"line":41,"column":16},"end":{"line":41,"column":17}},"loc":{"start":{"line":41,"column":43},"end":{"line":63,"column":3}},"line":41},"7":{"name":"(anonymous_7)","decl":{"start":{"line":65,"column":17},"end":{"line":65,"column":18}},"loc":{"start":{"line":65,"column":29},"end":{"line":78,"column":3}},"line":65},"8":{"name":"(anonymous_8)","decl":{"start":{"line":80,"column":19},"end":{"line":80,"column":20}},"loc":{"start":{"line":80,"column":52},"end":{"line":100,"column":3}},"line":80},"9":{"name":"(anonymous_9)","decl":{"start":{"line":119,"column":23},"end":{"line":119,"column":24}},"loc":{"start":{"line":119,"column":29},"end":{"line":125,"column":1}},"line":119}},"branchMap":{"0":{"loc":{"start":{"line":26,"column":8},"end":{"line":30,"column":9}},"type":"if","locations":[{"start":{"line":26,"column":8},"end":{"line":30,"column":9}},{"start":{},"end":{}}],"line":26},"1":{"loc":{"start":{"line":121,"column":2},"end":{"line":123,"column":3}},"type":"if","locations":[{"start":{"line":121,"column":2},"end":{"line":123,"column":3}},{"start":{},"end":{}}],"line":121}},"s":{"0":0,"1":0,"2":0,"3":0,"4":0,"5":0,"6":0,"7":0,"8":0,"9":0,"10":0,"11":0,"12":0,"13":0,"14":0,"15":0,"16":0,"17":0,"18":0,"19":0,"20":0,"21":0,"22":0,"23":0,"24":0,"25":0,"26":0,"27":0,"28":0,"29":0,"30":0,"31":0,"32":0,"33":0,"34":0,"35":0,"36":0,"37":0,"38":0,"39":0,"40":0,"41":0,"42":0,"43":0,"44":0,"45":0,"46":0,"47":0,"48":0,"49":0,"50":0,"51":0},"f":{"0":0,"1":0,"2":0,"3":0,"4":0,"5":0,"6":0,"7":0,"8":0,"9":0},"b":{"0":[0,0],"1":[0,0]}}
,"/Users/Shared/Analytics-Betting-Assistant/src/contexts/SubscriptionContext.js": {"path":"/Users/Shared/Analytics-Betting-Assistant/src/contexts/SubscriptionContext.js","statementMap":{"0":{"start":{"line":4,"column":28},"end":{"line":4,"column":43}},"1":{"start":{"line":6,"column":31},"end":{"line":6,"column":68}},"2":{"start":{"line":6,"column":37},"end":{"line":6,"column":68}},"3":{"start":{"line":8,"column":36},"end":{"line":118,"column":1}},"4":{"start":{"line":9,"column":34},"end":{"line":9,"column":50}},"5":{"start":{"line":10,"column":32},"end":{"line":10,"column":46}},"6":{"start":{"line":12,"column":2},"end":{"line":14,"column":9}},"7":{"start":{"line":13,"column":4},"end":{"line":13,"column":23}},"8":{"start":{"line":16,"column":27},"end":{"line":27,"column":3}},"9":{"start":{"line":17,"column":4},"end":{"line":26,"column":5}},"10":{"start":{"line":18,"column":25},"end":{"line":18,"column":65}},"11":{"start":{"line":19,"column":6},"end":{"line":21,"column":7}},"12":{"start":{"line":20,"column":8},"end":{"line":20,"column":32}},"13":{"start":{"line":23,"column":6},"end":{"line":23,"column":58}},"14":{"start":{"line":25,"column":6},"end":{"line":25,"column":24}},"15":{"start":{"line":29,"column":22},"end":{"line":38,"column":3}},"16":{"start":{"line":30,"column":4},"end":{"line":37,"column":5}},"17":{"start":{"line":31,"column":6},"end":{"line":31,"column":56}},"18":{"start":{"line":32,"column":6},"end":{"line":32,"column":27}},"19":{"start":{"line":33,"column":6},"end":{"line":33,"column":31}},"20":{"start":{"line":35,"column":6},"end":{"line":35,"column":52}},"21":{"start":{"line":36,"column":6},"end":{"line":36,"column":39}},"22":{"start":{"line":40,"column":26},"end":{"line":98,"column":3}},"23":{"start":{"line":41,"column":21},"end":{"line":96,"column":5}},"24":{"start":{"line":97,"column":4},"end":{"line":97,"column":43}},"25":{"start":{"line":100,"column":20},"end":{"line":103,"column":3}},"26":{"start":{"line":101,"column":22},"end":{"line":101,"column":59}},"27":{"start":{"line":102,"column":4},"end":{"line":102,"column":58}},"28":{"start":{"line":105,"column":2},"end":{"line":117,"column":4}}},"fnMap":{"0":{"name":"(anonymous_0)","decl":{"start":{"line":6,"column":31},"end":{"line":6,"column":32}},"loc":{"start":{"line":6,"column":37},"end":{"line":6,"column":68}},"line":6},"1":{"name":"(anonymous_1)","decl":{"start":{"line":8,"column":36},"end":{"line":8,"column":37}},"loc":{"start":{"line":8,"column":54},"end":{"line":118,"column":1}},"line":8},"2":{"name":"(anonymous_2)","decl":{"start":{"line":12,"column":12},"end":{"line":12,"column":13}},"loc":{"start":{"line":12,"column":18},"end":{"line":14,"column":3}},"line":12},"3":{"name":"(anonymous_3)","decl":{"start":{"line":16,"column":27},"end":{"line":16,"column":28}},"loc":{"start":{"line":16,"column":39},"end":{"line":27,"column":3}},"line":16},"4":{"name":"(anonymous_4)","decl":{"start":{"line":29,"column":22},"end":{"line":29,"column":23}},"loc":{"start":{"line":29,"column":41},"end":{"line":38,"column":3}},"line":29},"5":{"name":"(anonymous_5)","decl":{"start":{"line":40,"column":26},"end":{"line":40,"column":27}},"loc":{"start":{"line":40,"column":36},"end":{"line":98,"column":3}},"line":40},"6":{"name":"(anonymous_6)","decl":{"start":{"line":100,"column":20},"end":{"line":100,"column":21}},"loc":{"start":{"line":100,"column":38},"end":{"line":103,"column":3}},"line":100}},"branchMap":{"0":{"loc":{"start":{"line":19,"column":6},"end":{"line":21,"column":7}},"type":"if","locations":[{"start":{"line":19,"column":6},"end":{"line":21,"column":7}},{"start":{},"end":{}}],"line":19},"1":{"loc":{"start":{"line":97,"column":11},"end":{"line":97,"column":42}},"type":"binary-expr","locations":[{"start":{"line":97,"column":11},"end":{"line":97,"column":25}},{"start":{"line":97,"column":29},"end":{"line":97,"column":42}}],"line":97}},"s":{"0":0,"1":0,"2":0,"3":0,"4":0,"5":0,"6":0,"7":0,"8":0,"9":0,"10":0,"11":0,"12":0,"13":0,"14":0,"15":0,"16":0,"17":0,"18":0,"19":0,"20":0,"21":0,"22":0,"23":0,"24":0,"25":0,"26":0,"27":0,"28":0},"f":{"0":0,"1":0,"2":0,"3":0,"4":0,"5":0,"6":0},"b":{"0":[0,0],"1":[0,0]}}
,"/Users/Shared/Analytics-Betting-Assistant/src/firebase/firebase-config.js": {"path":"/Users/Shared/Analytics-Betting-Assistant/src/firebase/firebase-config.js","statementMap":{"0":{"start":{"line":10,"column":23},"end":{"line":18,"column":1}},"1":{"start":{"line":21,"column":12},"end":{"line":21,"column":41}},"2":{"start":{"line":24,"column":18},"end":{"line":24,"column":35}},"3":{"start":{"line":25,"column":20},"end":{"line":25,"column":32}},"4":{"start":{"line":26,"column":23},"end":{"line":26,"column":38}},"5":{"start":{"line":29,"column":25},"end":{"line":29,"column":81}}},"fnMap":{},"branchMap":{"0":{"loc":{"start":{"line":11,"column":10},"end":{"line":11,"column":66}},"type":"binary-expr","locations":[{"start":{"line":11,"column":10},"end":{"line":11,"column":48}},{"start":{"line":11,"column":52},"end":{"line":11,"column":66}}],"line":11},"1":{"loc":{"start":{"line":12,"column":14},"end":{"line":12,"column":92}},"type":"binary-expr","locations":[{"start":{"line":12,"column":14},"end":{"line":12,"column":56}},{"start":{"line":12,"column":60},"end":{"line":12,"column":92}}],"line":12},"2":{"loc":{"start":{"line":13,"column":13},"end":{"line":13,"column":74}},"type":"binary-expr","locations":[{"start":{"line":13,"column":13},"end":{"line":13,"column":54}},{"start":{"line":13,"column":58},"end":{"line":13,"column":74}}],"line":13},"3":{"loc":{"start":{"line":14,"column":17},"end":{"line":14,"column":94}},"type":"binary-expr","locations":[{"start":{"line":14,"column":17},"end":{"line":14,"column":62}},{"start":{"line":14,"column":66},"end":{"line":14,"column":94}}],"line":14},"4":{"loc":{"start":{"line":15,"column":21},"end":{"line":15,"column":86}},"type":"binary-expr","locations":[{"start":{"line":15,"column":21},"end":{"line":15,"column":71}},{"start":{"line":15,"column":75},"end":{"line":15,"column":86}}],"line":15},"5":{"loc":{"start":{"line":16,"column":9},"end":{"line":16,"column":63}},"type":"binary-expr","locations":[{"start":{"line":16,"column":9},"end":{"line":16,"column":46}},{"start":{"line":16,"column":50},"end":{"line":16,"column":63}}],"line":16},"6":{"loc":{"start":{"line":17,"column":17},"end":{"line":17,"column":80}},"type":"binary-expr","locations":[{"start":{"line":17,"column":17},"end":{"line":17,"column":62}},{"start":{"line":17,"column":66},"end":{"line":17,"column":80}}],"line":17},"7":{"loc":{"start":{"line":29,"column":25},"end":{"line":29,"column":81}},"type":"cond-expr","locations":[{"start":{"line":29,"column":57},"end":{"line":29,"column":74}},{"start":{"line":29,"column":77},"end":{"line":29,"column":81}}],"line":29}},"s":{"0":0,"1":0,"2":0,"3":0,"4":0,"5":0},"f":{},"b":{"0":[0,0],"1":[0,0],"2":[0,0],"3":[0,0],"4":[0,0],"5":[0,0],"6":[0,0],"7":[0,0]}}
,"/Users/Shared/Analytics-Betting-Assistant/src/hooks/useDailyLocks.js": {"path":"/Users/Shared/Analytics-Betting-Assistant/src/hooks/useDailyLocks.js","statementMap":{"0":{"start":{"line":4,"column":22},"end":{"line":49,"column":1}},"1":{"start":{"line":5,"column":36},"end":{"line":5,"column":51}},"2":{"start":{"line":6,"column":32},"end":{"line":6,"column":46}},"3":{"start":{"line":7,"column":28},"end":{"line":7,"column":42}},"4":{"start":{"line":9,"column":22},"end":{"line":24,"column":3}},"5":{"start":{"line":10,"column":4},"end":{"line":23,"column":5}},"6":{"start":{"line":11,"column":6},"end":{"line":11,"column":23}},"7":{"start":{"line":12,"column":6},"end":{"line":12,"column":21}},"8":{"start":{"line":14,"column":21},"end":{"line":14,"column":74}},"9":{"start":{"line":15,"column":6},"end":{"line":15,"column":27}},"10":{"start":{"line":18,"column":6},"end":{"line":18,"column":56}},"11":{"start":{"line":19,"column":6},"end":{"line":19,"column":28}},"12":{"start":{"line":20,"column":6},"end":{"line":20,"column":26}},"13":{"start":{"line":22,"column":6},"end":{"line":22,"column":24}},"14":{"start":{"line":26,"column":2},"end":{"line":37,"column":9}},"15":{"start":{"line":27,"column":4},"end":{"line":27,"column":18}},"16":{"start":{"line":30,"column":4},"end":{"line":32,"column":5}},"17":{"start":{"line":31,"column":6},"end":{"line":31,"column":50}},"18":{"start":{"line":34,"column":4},"end":{"line":36,"column":6}},"19":{"start":{"line":35,"column":6},"end":{"line":35,"column":48}},"20":{"start":{"line":35,"column":22},"end":{"line":35,"column":48}},"21":{"start":{"line":39,"column":24},"end":{"line":41,"column":3}},"22":{"start":{"line":40,"column":4},"end":{"line":40,"column":24}},"23":{"start":{"line":43,"column":2},"end":{"line":48,"column":4}}},"fnMap":{"0":{"name":"(anonymous_0)","decl":{"start":{"line":4,"column":22},"end":{"line":4,"column":23}},"loc":{"start":{"line":4,"column":28},"end":{"line":49,"column":1}},"line":4},"1":{"name":"(anonymous_1)","decl":{"start":{"line":9,"column":22},"end":{"line":9,"column":23}},"loc":{"start":{"line":9,"column":34},"end":{"line":24,"column":3}},"line":9},"2":{"name":"(anonymous_2)","decl":{"start":{"line":26,"column":12},"end":{"line":26,"column":13}},"loc":{"start":{"line":26,"column":18},"end":{"line":37,"column":3}},"line":26},"3":{"name":"(anonymous_3)","decl":{"start":{"line":34,"column":11},"end":{"line":34,"column":12}},"loc":{"start":{"line":34,"column":17},"end":{"line":36,"column":5}},"line":34},"4":{"name":"(anonymous_4)","decl":{"start":{"line":39,"column":24},"end":{"line":39,"column":25}},"loc":{"start":{"line":39,"column":36},"end":{"line":41,"column":3}},"line":39}},"branchMap":{"0":{"loc":{"start":{"line":30,"column":4},"end":{"line":32,"column":5}},"type":"if","locations":[{"start":{"line":30,"column":4},"end":{"line":32,"column":5}},{"start":{},"end":{}}],"line":30},"1":{"loc":{"start":{"line":35,"column":6},"end":{"line":35,"column":48}},"type":"if","locations":[{"start":{"line":35,"column":6},"end":{"line":35,"column":48}},{"start":{},"end":{}}],"line":35}},"s":{"0":0,"1":0,"2":0,"3":0,"4":0,"5":0,"6":0,"7":0,"8":0,"9":0,"10":0,"11":0,"12":0,"13":0,"14":0,"15":0,"16":0,"17":0,"18":0,"19":0,"20":0,"21":0,"22":0,"23":0},"f":{"0":0,"1":0,"2":0,"3":0,"4":0},"b":{"0":[0,0],"1":[0,0]}}
[...]
e":4,"column":4},"end":{"line":4,"column":23}},"2":{"start":{"line":5,"column":4},"end":{"line":5,"column":31}},"3":{"start":{"line":6,"column":4},"end":{"line":6,"column":31}},"4":{"start":{"line":7,"column":4},"end":{"line":7,"column":34}},"5":{"start":{"line":8,"column":4},"end":{"line":8,"column":34}},"6":{"start":{"line":12,"column":18},"end":{"line":12,"column":40}},"7":{"start":{"line":14,"column":4},"end":{"line":21,"column":5}},"8":{"start":{"line":15,"column":6},"end":{"line":15,"column":41}},"9":{"start":{"line":16,"column":6},"end":{"line":16,"column":33}},"10":{"start":{"line":17,"column":6},"end":{"line":17,"column":55}},"11":{"start":{"line":19,"column":6},"end":{"line":19,"column":58}},"12":{"start":{"line":20,"column":6},"end":{"line":20,"column":29}},"13":{"start":{"line":25,"column":4},"end":{"line":29,"column":6}},"14":{"start":{"line":26,"column":6},"end":{"line":26,"column":41}},"15":{"start":{"line":27,"column":6},"end":{"line":27,"column":33}},"16":{"start":{"line":28,"column":6},"end":{"line":28,"column":31}},"17":{"start":{"line":31,"column":4},"end":{"line":44,"column":6}},"18":{"start":{"line":32,"column":6},"end":{"line":43,"column":7}},"19":{"start":{"line":33,"column":21},"end":{"line":33,"column":43}},"20":{"start":{"line":34,"column":8},"end":{"line":34,"column":35}},"21":{"start":{"line":37,"column":8},"end":{"line":39,"column":9}},"22":{"start":{"line":38,"column":10},"end":{"line":38,"column":37}},"23":{"start":{"line":41,"column":8},"end":{"line":41,"column":65}},"24":{"start":{"line":42,"column":8},"end":{"line":42,"column":65}},"25":{"start":{"line":46,"column":4},"end":{"line":49,"column":6}},"26":{"start":{"line":47,"column":6},"end":{"line":47,"column":47}},"27":{"start":{"line":48,"column":6},"end":{"line":48,"column":32}},"28":{"start":{"line":51,"column":4},"end":{"line":58,"column":6}},"29":{"start":{"line":52,"column":6},"end":{"line":52,"column":75}},"30":{"start":{"line":53,"column":6},"end":{"line":53,"column":74}},"31":{"start":{"line":55,"column":6},"end":{"line":57,"column":7}},"32":{"start":{"line":56,"column":8},"end":{"line":56,"column":31}},"33":{"start":{"line":62,"column":4},"end":{"line":72,"column":5}},"34":{"start":{"line":63,"column":6},"end":{"line":63,"column":31}},"35":{"start":{"line":64,"column":6},"end":{"line":64,"column":100}},"36":{"start":{"line":66,"column":6},"end":{"line":68,"column":58}},"37":{"start":{"line":67,"column":8},"end":{"line":67,"column":23}},"38":{"start":{"line":70,"column":6},"end":{"line":70,"column":57}},"39":{"start":{"line":71,"column":6},"end":{"line":71,"column":40}},"40":{"start":{"line":76,"column":4},"end":{"line":83,"column":5}},"41":{"start":{"line":77,"column":22},"end":{"line":77,"column":76}},"42":{"start":{"line":78,"column":6},"end":{"line":78,"column":32}},"43":{"start":{"line":79,"column":6},"end":{"line":79,"column":18}},"44":{"start":{"line":81,"column":6},"end":{"line":81,"column":46}},"45":{"start":{"line":82,"column":6},"end":{"line":82,"column":19}},"46":{"start":{"line":87,"column":4},"end":{"line":89,"column":5}},"47":{"start":{"line":88,"column":6},"end":{"line":88,"column":36}},"48":{"start":{"line":90,"column":4},"end":{"line":90,"column":45}},"49":{"start":{"line":94,"column":4},"end":{"line":100,"column":5}},"50":{"start":{"line":95,"column":24},"end":{"line":95,"column":49}},"51":{"start":{"line":96,"column":20},"end":{"line":96,"column":47}},"52":{"start":{"line":97,"column":6},"end":{"line":99,"column":7}},"53":{"start":{"line":98,"column":8},"end":{"line":98,"column":35}},"54":{"start":{"line":104,"column":4},"end":{"line":112,"column":5}},"55":{"start":{"line":105,"column":6},"end":{"line":111,"column":9}},"56":{"start":{"line":106,"column":8},"end":{"line":110,"column":9}},"57":{"start":{"line":107,"column":10},"end":{"line":107,"column":25}},"58":{"start":{"line":109,"column":10},"end":{"line":109,"column":82}},"59":{"start":{"line":116,"column":4},"end":{"line":119,"column":5}},"60":{"start":{"line":117,"column":6},"end":{"line":117,"column":48}},"61":{"start":{"line":118,"column":6},"end":{"line":118,"column":25}},"62":{"start":{"line":120,"column":4},"end":{"line":120,"column":27}},"63":{"start":{"line":121,"column":4},"end":{"line":121,"column":31}},"64":{"start":{"line":125,"column":4},"end":{"line":125,"column":68}},"65":{"start":{"line":130,"column":25},"end":{"line":130,"column":47}}},"fnMap":{"0":{"name":"(anonymous_0)","decl":{"start":{"line":2,"column":2},"end":{"line":2,"column":3}},"loc":{"start":{"line":2,"column":26},"end":{"line":9,"column":3}},"line":2},"1":{"name":"(anonymous_1)","decl":{"start":{"line":11,"column":2},"end":{"line":11,"column":3}},"loc":{"start":{"line":11,"column":22},"end":{"line":22,"column":3}},"line":11},"2":{"name":"(anonymous_2)","decl":{"start":{"line":24,"column":2},"end":{"line":24,"column":3}},"loc":{"start":{"line":24,"column":24},"end":{"line":59,"column":3}},"line":24},"3":{"name":"(anonymous_3)","decl":{"start":{"line":25,"column":25},"end":{"line":25,"column":26}},"loc":{"start":{"line":25,"column":31},"end":{"line":29,"column":5}},"line":25},"4":{"name":"(anonymous_4)","decl":{"start":{"line":31,"column":28},"end":{"line":31,"column":29}},"loc":{"start":{"line":31,"column":39},"end":{"line":44,"column":5}},"line":31},"5":{"name":"(anonymous_5)","decl":{"start":{"line":46,"column":26},"end":{"line":46,"column":27}},"loc":{"start":{"line":46,"column":37},"end":{"line":49,"column":5}},"line":46},"6":{"name":"(anonymous_6)","decl":{"start":{"line":51,"column":26},"end":{"line":51,"column":27}},"loc":{"start":{"line":51,"column":37},"end":{"line":58,"column":5}},"line":51},"7":{"name":"(anonymous_7)","decl":{"start":{"line":61,"column":2},"end":{"line":61,"column":3}},"loc":{"start":{"line":61,"column":20},"end":{"line":73,"column":3}},"line":61},"8":{"name":"(anonymous_8)","decl":{"start":{"line":66,"column":17},"end":{"line":66,"column":18}},"loc":{"start":{"line":66,"column":23},"end":{"line":68,"column":7}},"line":66},"9":{"name":"(anonymous_9)","decl":{"start":{"line":75,"column":2},"end":{"line":75,"column":3}},"loc":{"start":{"line":75,"column":13},"end":{"line":84,"column":3}},"line":75},"10":{"name":"(anonymous_10)","decl":{"start":{"line":86,"column":2},"end":{"line":86,"column":3}},"loc":{"start":{"line":86,"column":22},"end":{"line":91,"column":3}},"line":86},"11":{"name":"(anonymous_11)","decl":{"start":{"line":93,"column":2},"end":{"line":93,"column":3}},"loc":{"start":{"line":93,"column":23},"end":{"line":101,"column":3}},"line":93},"12":{"name":"(anonymous_12)","decl":{"start":{"line":103,"column":2},"end":{"line":103,"column":3}},"loc":{"start":{"line":103,"column":20},"end":{"line":113,"column":3}},"line":103},"13":{"name":"(anonymous_13)","decl":{"start":{"line":105,"column":40},"end":{"line":105,"column":41}},"loc":{"start":{"line":105,"column":52},"end":{"line":111,"column":7}},"line":105},"14":{"name":"(anonymous_14)","decl":{"start":{"line":115,"column":2},"end":{"line":115,"column":3}},"loc":{"start":{"line":115,"column":15},"end":{"line":122,"column":3}},"line":115},"15":{"name":"(anonymous_15)","decl":{"start":{"line":124,"column":2},"end":{"line":124,"column":3}},"loc":{"start":{"line":124,"column":16},"end":{"line":126,"column":3}},"line":124}},"branchMap":{"0":{"loc":{"start":{"line":2,"column":14},"end":{"line":2,"column":24}},"type":"default-arg","locations":[{"start":{"line":2,"column":20},"end":{"line":2,"column":24}}],"line":2},"1":{"loc":{"start":{"line":11,"column":10},"end":{"line":11,"column":20}},"type":"default-arg","locations":[{"start":{"line":11,"column":16},"end":{"line":11,"column":20}}],"line":11},"2":{"loc":{"start":{"line":12,"column":18},"end":{"line":12,"column":40}},"type":"binary-expr","locations":[{"start":{"line":12,"column":18},"end":{"line":12,"column":21}},{"start":{"line":12,"column":25},"end":{"line":12,"column":40}}],"line":12},"3":{"loc":{"start":{"line":37,"column":8},"end":{"line":39,"column":9}},"type":"if","locations":[{"start":{"line":37,"column":8},"end":{"line":39,"column":9}},{"start":{},"end":{}}],"line":37},"4":{"loc":{"start":{"line":55,"column":6},"end":{"line":57,"column":7}},"type":"if","locations":[{"start":{"line":55,"column":6},"end":{"line":57,"column":7}},{"start":{},"end":{}}],"line":55},"5":{"loc":{"start":{"line":62,"column":4},"end":{"line":72,"column":5}},"type":"if","locations":[{"start":{"line":62,"column":4},"end":{"line":72,"column":5}},{"start":{"line":69,"column":11},"end":{"line":72,"column":5}}],"line":62},"6":{"loc":{"start":{"line":76,"column":4},"end":{"line":83,"column":5}},"type":"if","locations":[{"start":{"line":76,"column":4},"end":{"line":83,"column":5}},{"start":{"line":80,"column":11},"end":{"line":83,"column":5}}],"line":76},"7":{"loc":{"start":{"line":76,"column":8},"end":{"line":76,"column":64}},"type":"binary-expr","locations":[{"start":{"line":76,"column":8},"end":{"line":76,"column":19}},{"start":{"line":76,"column":23},"end":{"line":76,"column":64}}],"line":76},"8":{"loc":{"start":{"line":77,"column":22},"end":{"line":77,"column":76}},"type":"cond-expr","locations":[{"start":{"line":77,"column":49},"end":{"line":77,"column":53}},{"start":{"line":77,"column":56},"end":{"line":77,"column":76}}],"line":77},"9":{"loc":{"start":{"line":87,"column":4},"end":{"line":89,"column":5}},"type":"if","locations":[{"start":{"line":87,"column":4},"end":{"line":89,"column":5}},{"start":{},"end":{}}],"line":87},"10":{"loc":{"start":{"line":94,"column":4},"end":{"line":100,"column":5}},"type":"if","locations":[{"start":{"line":94,"column":4},"end":{"line":100,"column":5}},{"start":{},"end":{}}],"line":94},"11":{"loc":{"start":{"line":97,"column":6},"end":{"line":99,"column":7}},"type":"if","locations":[{"start":{"line":97,"column":6},"end":{"line":99,"column":7}},{"start":{},"end":{}}],"line":97},"12":{"loc":{"start":{"line":104,"column":4},"end":{"line":112,"column":5}},"type":"if","locations":[{"start":{"line":104,"column":4},"end":{"line":112,"column":5}},{"start":{},"end":{}}],"line":104},"13":{"loc":{"start":{"line":116,"column":4},"end":{"line":119,"column":5}},"type":"if","locations":[{"start":{"line":116,"column":4},"end":{"line":119,"column":5}},{"start":{},"end":{}}],"line":116},"14":{"loc":{"start":{"line":125,"column":11},"end":{"line":125,"column":67}},"type":"binary-expr","locations":[{"start":{"line":125,"column":11},"end":{"line":125,"column":22}},{"start":{"line":125,"column":26},"end":{"line":125,"column":67}}],"line":125}},"s":{"0":0,"1":0,"2":0,"3":0,"4":0,"5":0,"6":0,"7":0,"8":0,"9":0,"10":0,"11":0,"12":0,"13":0,"14":0,"15":0,"16":0,"17":0,"18":0,"19":0,"20":0,"21":0,"22":0,"23":0,"24":0,"25":0,"26":0,"27":0,"28":0,"29":0,"30":0,"31":0,"32":0,"33":0,"34":0,"35":0,"36":0,"37":0,"38":0,"39":0,"40":0,"41":0,"42":0,"43":0,"44":0,"45":0,"46":0,"47":0,"48":0,"49":0,"50":0,"51":0,"52":0,"53":0,"54":0,"55":0,"56":0,"57":0,"58":0,"59":0,"60":0,"61":0,"62":0,"63":0,"64":0,"65":0},"f":{"0":0,"1":0,"2":0,"3":0,"4":0,"5":0,"6":0,"7":0,"8":0,"9":0,"10":0,"11":0,"12":0,"13":0,"14":0,"15":0},"b":{"0":[0],"1":[0],"2":[0,0],"3":[0,0],"4":[0,0],"5":[0,0],"6":[0,0],"7":[0,0],"8":[0,0],"9":[0,0],"10":[0,0],"11":[0,0],"12":[0,0],"13":[0,0],"14":[0,0]}}
,"/Users/Shared/Analytics-Betting-Assistant/src/src/services/authService.js": {"path":"/Users/Shared/Analytics-Betting-Assistant/src/src/services/authService.js","statementMap":{"0":{"start":{"line":4,"column":12},"end":{"line":6,"column":2}},"1":{"start":{"line":8,"column":27},"end":{"line":48,"column":1}},"2":{"start":{"line":10,"column":4},"end":{"line":15,"column":5}},"3":{"start":{"line":11,"column":23},"end":{"line":11,"column":69}},"4":{"start":{"line":12,"column":6},"end":{"line":12,"column":27}},"5":{"start":{"line":14,"column":6},"end":{"line":14,"column":18}},"6":{"start":{"line":19,"column":4},"end":{"line":24,"column":5}},"7":{"start":{"line":20,"column":23},"end":{"line":20,"column":69}},"8":{"start":{"line":21,"column":6},"end":{"line":21,"column":27}},"9":{"start":{"line":23,"column":6},"end":{"line":23,"column":18}},"10":{"start":{"line":28,"column":4},"end":{"line":35,"column":5}},"11":{"start":{"line":29,"column":23},"end":{"line":31,"column":8}},"12":{"start":{"line":32,"column":6},"end":{"line":32,"column":27}},"13":{"start":{"line":34,"column":6},"end":{"line":34,"column":18}},"14":{"start":{"line":39,"column":4},"end":{"line":46,"column":5}},"15":{"start":{"line":40,"column":23},"end":{"line":42,"column":8}},"16":{"start":{"line":43,"column":6},"end":{"line":43,"column":27}},"17":{"start":{"line":45,"column":6},"end":{"line":45,"column":18}}},"fnMap":{"0":{"name":"(anonymous_0)","decl":{"start":{"line":9,"column":2},"end":{"line":9,"column":3}},"loc":{"start":{"line":9,"column":27},"end":{"line":16,"column":3}},"line":9},"1":{"name":"(anonymous_1)","decl":{"start":{"line":18,"column":2},"end":{"line":18,"column":3}},"loc":{"start":{"line":18,"column":27},"end":{"line":25,"column":3}},"line":18},"2":{"name":"(anonymous_2)","decl":{"start":{"line":27,"column":2},"end":{"line":27,"column":3}},"loc":{"start":{"line":27,"column":26},"end":{"line":36,"column":3}},"line":27},"3":{"name":"(anonymous_3)","decl":{"start":{"line":38,"column":2},"end":{"line":38,"column":3}},"loc":{"start":{"line":38,"column":38},"end":{"line":47,"column":3}},"line":38}},"branchMap":{},"s":{"0":0,"1":0,"2":0,"3":0,"4":0,"5":0,"6":0,"7":0,"8":0,"9":0,"10":0,"11":0,"12":0,"13":0,"14":0,"15":0,"16":0,"17":0},"f":{"0":0,"1":0,"2":0,"3":0},"b":{}}
,"/Users/Shared/Analytics-Betting-Assistant/src/utils/apiHelper.js": {"path":"/Users/Shared/Analytics-Betting-Assistant/src/utils/apiHelper.js","statementMap":{"0":{"start":{"line":2,"column":33},"end":{"line":13,"column":1}},"1":{"start":{"line":3,"column":2},"end":{"line":12,"column":3}},"2":{"start":{"line":4,"column":21},"end":{"line":4,"column":36}},"3":{"start":{"line":5,"column":4},"end":{"line":7,"column":5}},"4":{"start":{"line":6,"column":6},"end":{"line":6,"column":52}},"5":{"start":{"line":8,"column":4},"end":{"line":8,"column":43}},"6":{"start":{"line":10,"column":4},"end":{"line":10,"column":51}},"7":{"start":{"line":11,"column":4},"end":{"line":11,"column":72}},"8":{"start":{"line":16,"column":27},"end":{"line":44,"column":1}},"9":{"start":{"line":46,"column":31},"end":{"line":65,"column":1}},"10":{"start":{"line":67,"column":33},"end":{"line":84,"column":1}}},"fnMap":{"0":{"name":"(anonymous_0)","decl":{"start":{"line":2,"column":33},"end":{"line":2,"column":34}},"loc":{"start":{"line":2,"column":94},"end":{"line":13,"column":1}},"line":2}},"branchMap":{"0":{"loc":{"start":{"line":2,"column":63},"end":{"line":2,"column":89}},"type":"default-arg","locations":[{"start":{"line":2,"column":78},"end":{"line":2,"column":89}}],"line":2},"1":{"loc":{"start":{"line":5,"column":4},"end":{"line":7,"column":5}},"type":"if","locations":[{"start":{"line":5,"column":4},"end":{"line":7,"column":5}},{"start":{},"end":{}}],"line":5},"2":{"loc":{"start":{"line":5,"column":8},"end":{"line":5,"column":33}},"type":"binary-expr","locations":[{"start":{"line":5,"column":8},"end":{"line":5,"column":16}},{"start":{"line":5,"column":20},"end":{"line":5,"column":33}}],"line":5}},"s":{"0":0,"1":0,"2":0,"3":0,"4":0,"5":0,"6":0,"7":0,"8":0,"9":0,"10":0},"f":{"0":0},"b":{"0":[0],"1":[0,0],"2":[0,0]}}
,"/Users/Shared/Analytics-Betting-Assistant/src/utils/helpers.js": {"path":"/Users/Shared/Analytics-Betting-Assistant/src/utils/helpers.js","statementMap":{"0":{"start":{"line":4,"column":29},"end":{"line":9,"column":1}},"1":{"start":{"line":5,"column":2},"end":{"line":7,"column":3}},"2":{"start":{"line":6,"column":4},"end":{"line":6,"column":14}},"3":{"start":{"line":8,"column":2},"end":{"line":8,"column":27}},"4":{"start":{"line":11,"column":26},"end":{"line":13,"column":1}},"5":{"start":{"line":12,"column":2},"end":{"line":12,"column":25}},"6":{"start":{"line":16,"column":25},"end":{"line":18,"column":1}},"7":{"start":{"line":17,"column":2},"end":{"line":17,"column":39}},"8":{"start":{"line":21,"column":26},"end":{"line":23,"column":1}},"9":{"start":{"line":22,"column":2},"end":{"line":22,"column":51}},"10":{"start":{"line":26,"column":30},"end":{"line":31,"column":1}},"11":{"start":{"line":27,"column":2},"end":{"line":27,"column":23}},"12":{"start":{"line":27,"column":13},"end":{"line":27,"column":23}},"13":{"start":{"line":29,"column":15},"end":{"line":29,"column":77}},"14":{"start":{"line":30,"column":2},"end":{"line":30,"column":29}}},"fnMap":{"0":{"name":"(anonymous_0)","decl":{"start":{"line":4,"column":29},"end":{"line":4,"column":30}},"loc":{"start":{"line":4,"column":38},"end":{"line":9,"column":1}},"line":4},"1":{"name":"(anonymous_1)","decl":{"start":{"line":11,"column":26},"end":{"line":11,"column":27}},"loc":{"start":{"line":11,"column":50},"end":{"line":13,"column":1}},"line":11},"2":{"name":"(anonymous_2)","decl":{"start":{"line":16,"column":25},"end":{"line":16,"column":26}},"loc":{"start":{"line":16,"column":34},"end":{"line":18,"column":1}},"line":16},"3":{"name":"(anonymous_3)","decl":{"start":{"line":21,"column":26},"end":{"line":21,"column":27}},"loc":{"start":{"line":21,"column":35},"end":{"line":23,"column":1}},"line":21},"4":{"name":"(anonymous_4)","decl":{"start":{"line":26,"column":30},"end":{"line":26,"column":31}},"loc":{"start":{"line":26,"column":40},"end":{"line":31,"column":1}},"line":26}},"branchMap":{"0":{"loc":{"start":{"line":5,"column":2},"end":{"line":7,"column":3}},"type":"if","locations":[{"start":{"line":5,"column":2},"end":{"line":7,"column":3}},{"start":{},"end":{}}],"line":5},"1":{"loc":{"start":{"line":5,"column":6},"end":{"line":5,"column":37}},"type":"binary-expr","locations":[{"start":{"line":5,"column":6},"end":{"line":5,"column":10}},{"start":{"line":5,"column":14},"end":{"line":5,"column":37}}],"line":5},"2":{"loc":{"start":{"line":11,"column":32},"end":{"line":11,"column":45}},"type":"default-arg","locations":[{"start":{"line":11,"column":43},"end":{"line":11,"column":45}}],"line":11},"3":{"loc":{"start":{"line":12,"column":9},"end":{"line":12,"column":24}},"type":"binary-expr","locations":[{"start":{"line":12,"column":9},"end":{"line":12,"column":12}},{"start":{"line":12,"column":16},"end":{"line":12,"column":24}}],"line":12},"4":{"loc":{"start":{"line":17,"column":9},"end":{"line":17,"column":38}},"type":"cond-expr","locations":[{"start":{"line":17,"column":30},"end":{"line":17,"column":33}},{"start":{"line":17,"column":36},"end":{"line":17,"column":38}}],"line":17},"5":{"loc":{"start":{"line":22,"column":9},"end":{"line":22,"column":50}},"type":"cond-expr","locations":[{"start":{"line":22,"column":42},"end":{"line":22,"column":45}},{"start":{"line":22,"column":48},"end":{"line":22,"column":50}}],"line":22},"6":{"loc":{"start":{"line":22,"column":9},"end":{"line":22,"column":39}},"type":"binary-expr","locations":[{"start":{"line":22,"column":9},"end":{"line":22,"column":12}},{"start":{"line":22,"column":16},"end":{"line":22,"column":39}}],"line":22},"7":{"loc":{"start":{"line":27,"column":2},"end":{"line":27,"column":23}},"type":"if","locations":[{"start":{"line":27,"column":2},"end":{"line":27,"column":23}},{"start":{},"end":{}}],"line":27},"8":{"loc":{"start":{"line":29,"column":15},"end":{"line":29,"column":77}},"type":"cond-expr","locations":[{"start":{"line":29,"column":42},"end":{"line":29,"column":46}},{"start":{"line":29,"column":49},"end":{"line":29,"column":77}}],"line":29},"9":{"loc":{"start":{"line":29,"column":49},"end":{"line":29,"column":77}},"type":"binary-expr","locations":[{"start":{"line":29,"column":49},"end":{"line":29,"column":58}},{"start":{"line":29,"column":62},"end":{"line":29,"column":71}},{"start":{"line":29,"column":75},"end":{"line":29,"column":77}}],"line":29}},"s":{"0":0,"1":0,"2":0,"3":0,"4":0,"5":0,"6":0,"7":0,"8":0,"9":0,"10":0,"11":0,"12":0,"13":0,"14":0},"f":{"0":0,"1":0,"2":0,"3":0,"4":0},"b":{"0":[0,0],"1":[0,0],"2":[0],"3":[0,0],"4":[0,0],"5":[0,0],"6":[0,0],"7":[0,0],"8":[0,0],"9":[0,0,0]}}
}
