TN:
SF:src/App-stats-version.js
FN:6,(anonymous_0)
FN:9,(anonymous_1)
FNF:2
FNH:0
FNDA:0,(anonymous_0)
FNDA:0,(anonymous_1)
DA:6,0
DA:7,0
DA:9,0
DA:10,0
DA:11,0
DA:14,0
DA:77,0
LF:7
LH:0
BRDA:34,0,0,0
BRDA:34,0,1,0
BRF:2
BRH:0
end_of_record
TN:
SF:src/AuthContext.js
FN:5,(anonymous_0)
FN:15,(anonymous_1)
FNF:2
FNH:0
FNDA:0,(anonymous_0)
FNDA:0,(anonymous_1)
DA:3,0
DA:5,0
DA:6,0
DA:8,0
DA:15,0
DA:16,0
DA:17,0
DA:18,0
DA:20,0
LF:9
LH:0
BRDA:17,0,0,0
BRDA:17,0,1,0
BRF:2
BRH:0
end_of_record
TN:
SF:src/config.js
FNF:0
FNH:0
DA:2,0
DA:37,0
LF:2
LH:0
BRF:0
BRH:0
end_of_record
TN:
SF:src/components/BankrollManager.js
FN:5,(anonymous_0)
FN:18,(anonymous_1)
FN:25,(anonymous_2)
FN:29,(anonymous_3)
FN:41,(anonymous_4)
FN:50,(anonymous_5)
FN:64,(anonymous_6)
FN:74,(anonymous_7)
FN:81,(anonymous_8)
FNF:9
FNH:0
FNDA:0,(anonymous_0)
FNDA:0,(anonymous_1)
FNDA:0,(anonymous_2)
FNDA:0,(anonymous_3)
FNDA:0,(anonymous_4)
FNDA:0,(anonymous_5)
FNDA:0,(anonymous_6)
FNDA:0,(anonymous_7)
FNDA:0,(anonymous_8)
DA:5,0
DA:6,0
DA:7,0
DA:8,0
DA:9,0
DA:10,0
DA:12,0
DA:18,0
DA:19,0
DA:20,0
DA:22,0
DA:25,0
DA:26,0
DA:29,0
DA:30,0
DA:31,0
DA:39,0
DA:41,0
DA:42,0
DA:46,0
DA:50,0
DA:64,0
DA:75,0
DA:81,0
DA:165,0
LF:25
LH:0
BRDA:19,0,0,0
BRDA:19,0,1,0
BRDA:20,1,0,0
BRDA:20,1,1,0
BRDA:53,2,0,0
BRDA:53,2,1,0
BRDA:56,3,0,0
BRDA:56,3,1,0
BRDA:64,4,0,0
BRDA:64,4,1,0
BRDA:79,5,0,0
BRDA:79,5,1,0
BRDA:85,6,0,0
BRDA:85,6,1,0
BRDA:111,7,0,0
BRDA:111,7,1,0
BRF:16
BRH:0
end_of_record
TN:
SF:src/components/EnhancedPlayerStats.js
FN:6,(anonymous_0)
FN:11,(anonymous_1)
FN:15,(anonymous_2)
FN:59,(anonymous_3)
FN:62,(anonymous_4)
FN:63,(anonymous_5)
FN:107,(anonymous_6)
FN:108,(anonymous_7)
FNF:8
FNH:0
FNDA:0,(anonymous_0)
FNDA:0,(anonymous_1)
FNDA:0,(anonymous_2)
FNDA:0,(anonymous_3)
FNDA:0,(anonymous_4)
FNDA:0,(anonymous_5)
FNDA:0,(anonymous_6)
FNDA:0,(anonymous_7)
DA:6,0
DA:7,0
DA:8,0
DA:9,0
DA:11,0
DA:12,0
DA:15,0
DA:16,0
DA:18,0
DA:19,0
DA:20,0
DA:21,0
DA:22,0
DA:24,0
DA:25,0
DA:26,0
DA:28,0
DA:32,0
DA:33,0
DA:41,0
DA:42,0
DA:49,0
DA:50,0
DA:58,0
DA:59,0
DA:62,0
DA:63,0
DA:69,0
DA:107,0
DA:108,0
DA:127,0
LF:31
LH:0
BRDA:6,0,0,0
BRDA:16,1,0,0
BRDA:16,1,1,0
BRDA:32,2,0,0
BRDA:32,2,1,0
BRDA:41,3,0,0
BRDA:41,3,1,0
BRDA:49,4,0,0
BRDA:49,4,1,0
BRDA:59,5,0,0
BRDA:59,5,1,0
BRDA:62,6,0,0
BRDA:62,6,1,0
BRDA:63,7,0,0
BRDA:78,8,0,0
BRDA:78,8,1,0
BRDA:82,9,0,0
BRDA:82,9,1,0
BRDA:86,10,0,0
BRDA:86,10,1,0
BRDA:90,11,0,0
BRDA:90,11,1,0
BRDA:95,12,0,0
BRDA:95,12,1,0
BRDA:95,12,2,0
BRDA:107,13,0,0
BRDA:108,14,0,0
BRF:27
BRH:0
end_of_record
TN:
SF:src/components/KeyboardAvoidingWrapper.js
FN:10,(anonymous_0)
FNF:1
FNH:0
FNDA:0,(anonymous_0)
DA:10,0
DA:11,0
LF:2
LH:0
BRDA:13,0,0,0
BRDA:13,0,1,0
BRF:2
BRH:0
end_of_record
TN:
SF:src/components/PlayerSearch.js
FN:5,(anonymous_0)
FN:10,(anonymous_1)
FN:30,(anonymous_2)
FN:56,(anonymous_3)
FN:57,(anonymous_4)
FN:58,(anonymous_5)
FNF:6
FNH:0
FNDA:0,(anonymous_0)
FNDA:0,(anonymous_1)
FNDA:0,(anonymous_2)
FNDA:0,(anonymous_3)
FNDA:0,(anonymous_4)
FNDA:0,(anonymous_5)
DA:5,0
DA:6,0
DA:7,0
DA:8,0
DA:10,0
DA:11,0
DA:12,0
DA:13,0
DA:16,0
DA:17,0
DA:19,0
DA:20,0
DA:22,0
DA:23,0
DA:24,0
DA:26,0
DA:30,0
DA:31,0
DA:32,0
DA:33,0
DA:36,0
DA:56,0
DA:58,0
DA:70,0
LF:24
LH:0
BRDA:11,0,0,0
BRDA:11,0,1,0
BRDA:20,1,0,0
BRDA:20,1,1,0
BRDA:47,2,0,0
BRDA:47,2,1,0
BRDA:51,3,0,0
BRDA:51,3,1,0
BRF:8
BRH:0
end_of_record
TN:
SF:src/components/SubscriptionGate.js
FN:16,(anonymous_0)
FN:33,(anonymous_1)
FN:48,(anonymous_2)
FN:62,(anonymous_3)
FN:75,(anonymous_4)
FN:89,(anonymous_5)
FN:103,(anonymous_6)
FN:122,(anonymous_7)
FN:132,(anonymous_8)
FN:141,(anonymous_9)
FN:159,(anonymous_10)
FN:169,(anonymous_11)
FN:187,(anonymous_12)
FN:232,(anonymous_13)
FN:255,(anonymous_14)
FN:291,(anonymous_15)
FN:303,(anonymous_16)
FN:312,(anonymous_17)
FN:319,(anonymous_18)
FN:333,(anonymous_19)
FN:340,(anonymous_20)
FN:350,(anonymous_21)
FN:360,(anonymous_22)
FN:372,(anonymous_23)
FN:379,(anonymous_24)
FN:391,(anonymous_25)
FN:409,(anonymous_26)
FN:415,(anonymous_27)
FN:421,(anonymous_28)
FN:455,(anonymous_29)
FNF:30
FNH:0
FNDA:0,(anonymous_0)
FNDA:0,(anonymous_1)
FNDA:0,(anonymous_2)
FNDA:0,(anonymous_3)
FNDA:0,(anonymous_4)
FNDA:0,(anonymous_5)
FNDA:0,(anonymous_6)
FNDA:0,(anonymous_7)
FNDA:0,(anonymous_8)
FNDA:0,(anonymous_9)
FNDA:0,(anonymous_10)
FNDA:0,(anonymous_11)
FNDA:0,(anonymous_12)
FNDA:0,(anonymous_13)
FNDA:0,(anonymous_14)
FNDA:0,(anonymous_15)
FNDA:0,(anonymous_16)
FNDA:0,(anonymous_17)
FNDA:0,(anonymous_18)
FNDA:0,(anonymous_19)
FNDA:0,(anonymous_20)
FNDA:0,(anonymous_21)
FNDA:0,(anonymous_22)
FNDA:0,(anonymous_23)
FNDA:0,(anonymous_24)
FNDA:0,(anonymous_25)
FNDA:0,(anonymous_26)
FNDA:0,(anonymous_27)
FNDA:0,(anonymous_28)
FNDA:0,(anonymous_29)
DA:15,0
DA:17,0
DA:25,0
DA:27,0
DA:28,0
DA:35,0
DA:36,0
DA:42,0
DA:43,0
DA:45,0
DA:49,0
DA:56,0
DA:57,0
DA:58,0
DA:63,0
DA:64,0
DA:69,0
DA:70,0
DA:72,0
DA:76,0
DA:83,0
DA:84,0
DA:85,0
DA:90,0
DA:91,0
DA:96,0
DA:97,0
DA:99,0
DA:103,0
DA:110,0
DA:111,0
DA:112,0
DA:115,0
DA:122,0
DA:124,0
DA:125,0
DA:129,0
DA:132,0
DA:134,0
DA:136,0
DA:137,0
DA:143,0
DA:147,0
DA:149,0
DA:153,0
DA:154,0
DA:155,0
DA:160,0
DA:163,0
DA:165,0
DA:169,0
DA:170,0
DA:171,0
DA:172,0
DA:173,0
DA:174,0
DA:175,0
DA:176,0
DA:177,0
DA:178,0
DA:182,0
DA:184,0
DA:187,0
DA:188,0
DA:189,0
DA:192,0
DA:193,0
DA:194,0
DA:195,0
DA:200,0
DA:201,0
DA:202,0
DA:203,0
DA:206,0
DA:207,0
DA:208,0
DA:209,0
DA:214,0
DA:216,0
DA:217,0
DA:222,0
DA:223,0
DA:226,0
DA:229,0
DA:230,0
DA:231,0
DA:232,0
DA:233,0
DA:237,0
DA:238,0
DA:244,0
DA:247,0
DA:250,0
DA:255,0
DA:256,0
DA:257,0
DA:258,0
DA:261,0
DA:271,0
DA:272,0
DA:275,0
DA:277,0
DA:284,0
DA:291,0
DA:292,0
DA:293,0
DA:296,0
DA:300,0
DA:303,0
DA:304,0
DA:306,0
DA:307,0
DA:309,0
DA:312,0
DA:314,0
DA:315,0
DA:320,0
DA:323,0
DA:326,0
DA:335,0
DA:336,0
DA:341,0
DA:344,0
DA:352,0
DA:355,0
DA:356,0
DA:361,0
DA:364,0
DA:372,0
DA:374,0
DA:375,0
DA:380,0
DA:383,0
DA:386,0
DA:387,0
DA:391,0
DA:392,0
DA:394,0
DA:409,0
DA:415,0
DA:421,0
DA:439,0
DA:440,0
DA:449,0
DA:450,0
DA:456,0
DA:472,0
DA:473,0
DA:558,0
DA:568,0
LF:150
LH:0
BRDA:27,0,0,0
BRDA:27,0,1,0
BRDA:35,1,0,0
BRDA:35,1,1,0
BRDA:57,2,0,0
BRDA:57,2,1,0
BRDA:63,3,0,0
BRDA:63,3,1,0
BRDA:84,4,0,0
BRDA:84,4,1,0
BRDA:90,5,0,0
BRDA:90,5,1,0
BRDA:105,6,0,0
BRDA:106,7,0,0
BRDA:107,8,0,0
BRDA:108,9,0,0
BRDA:124,10,0,0
BRDA:124,10,1,0
BRDA:134,11,0,0
BRDA:134,11,1,0
BRDA:134,12,0,0
BRDA:134,12,1,0
BRDA:134,12,2,0
BRDA:134,12,3,0
BRDA:153,13,0,0
BRDA:153,13,1,0
BRDA:153,14,0,0
BRDA:153,14,1,0
BRDA:153,14,2,0
BRDA:153,14,3,0
BRDA:172,15,0,0
BRDA:172,15,1,0
BRDA:174,16,0,0
BRDA:174,16,1,0
BRDA:192,17,0,0
BRDA:192,17,1,0
BRDA:194,18,0,0
BRDA:194,18,1,0
BRDA:201,19,0,0
BRDA:201,19,1,0
BRDA:207,20,0,0
BRDA:207,20,1,0
BRDA:207,21,0,0
BRDA:207,21,1,0
BRDA:216,22,0,0
BRDA:216,22,1,0
BRDA:230,23,0,0
BRDA:230,23,1,0
BRDA:233,24,0,0
BRDA:233,24,1,0
BRDA:237,25,0,0
BRDA:237,25,1,0
BRDA:255,26,0,0
BRDA:255,27,0,0
BRDA:256,28,0,0
BRDA:256,28,1,0
BRDA:304,29,0,0
BRDA:304,29,1,0
BRDA:306,30,0,0
BRDA:306,30,1,0
BRDA:307,31,0,0
BRDA:307,31,1,0
BRDA:392,32,0,0
BRDA:392,32,1,0
BRDA:398,33,0,0
BRDA:398,33,1,0
BRDA:401,34,0,0
BRDA:401,34,1,0
BRDA:432,35,0,0
BRDA:432,35,1,0
BRDA:439,36,0,0
BRDA:439,36,1,0
BRDA:449,37,0,0
BRDA:449,37,1,0
BRDA:452,38,0,0
BRDA:452,38,1,0
BRDA:472,39,0,0
BRDA:472,39,1,0
BRDA:479,40,0,0
BRDA:479,40,1,0
BRDA:481,41,0,0
BRDA:481,41,1,0
BRDA:502,42,0,0
BRDA:502,42,1,0
BRDA:522,43,0,0
BRDA:522,43,1,0
BRDA:549,44,0,0
BRDA:549,44,1,0
BRDA:550,45,0,0
BRDA:550,45,1,0
BRF:90
BRH:0
end_of_record
TN:
SF:src/components/SubscriptionGuard.js
FN:11,SubscriptionGuard
FN:12,(anonymous_1)
FNF:2
FNH:0
FNDA:0,SubscriptionGuard
FNDA:0,(anonymous_1)
DA:12,0
DA:13,0
DA:16,0
DA:72,0
LF:4
LH:0
BRDA:11,0,0,0
BRDA:49,1,0,0
BRDA:49,1,1,0
BRF:3
BRH:0
end_of_record
TN:
SF:src/components/promo/PromoCodeInput.js
FN:14,(anonymous_0)
FN:21,(anonymous_1)
FN:54,(anonymous_2)
FNF:3
FNH:0
FNDA:0,(anonymous_0)
FNDA:0,(anonymous_1)
FNDA:0,(anonymous_2)
DA:14,0
DA:15,0
DA:16,0
DA:17,0
DA:18,0
DA:19,0
DA:21,0
DA:22,0
DA:23,0
DA:24,0
DA:27,0
DA:28,0
DA:29,0
DA:30,0
DA:32,0
DA:33,0
DA:34,0
DA:35,0
DA:42,0
DA:43,0
DA:44,0
DA:47,0
DA:48,0
DA:50,0
DA:54,0
DA:55,0
DA:56,0
DA:57,0
DA:60,0
DA:61,0
DA:62,0
DA:65,0
DA:66,0
DA:67,0
DA:68,0
DA:70,0
DA:71,0
DA:72,0
DA:73,0
DA:74,0
DA:76,0
DA:77,0
DA:80,0
DA:81,0
DA:84,0
DA:85,0
DA:87,0
DA:91,0
DA:174,0
LF:49
LH:0
BRDA:22,0,0,0
BRDA:22,0,1,0
BRDA:32,1,0,0
BRDA:32,1,1,0
BRDA:38,2,0,0
BRDA:38,2,1,0
BRDA:39,3,0,0
BRDA:39,3,1,0
BRDA:43,4,0,0
BRDA:43,4,1,0
BRDA:44,5,0,0
BRDA:44,5,1,0
BRDA:48,6,0,0
BRDA:48,6,1,0
BRDA:55,7,0,0
BRDA:55,7,1,0
BRDA:60,8,0,0
BRDA:60,8,1,0
BRDA:70,9,0,0
BRDA:70,9,1,0
BRDA:76,10,0,0
BRDA:76,10,1,0
BRDA:80,11,0,0
BRDA:80,11,1,0
BRDA:81,12,0,0
BRDA:81,12,1,0
BRDA:103,13,0,0
BRDA:103,13,1,0
BRDA:110,14,0,0
BRDA:110,14,1,0
BRDA:112,15,0,0
BRDA:112,15,1,0
BRDA:120,16,0,0
BRDA:120,16,1,0
BRDA:120,16,2,0
BRDA:122,17,0,0
BRDA:122,17,1,0
BRDA:124,18,0,0
BRDA:124,18,1,0
BRDA:133,19,0,0
BRDA:133,19,1,0
BRDA:136,20,0,0
BRDA:136,20,1,0
BRDA:137,21,0,0
BRDA:137,21,1,0
BRDA:144,22,0,0
BRDA:144,22,1,0
BRDA:151,23,0,0
BRDA:151,23,1,0
BRDA:152,24,0,0
BRDA:152,24,1,0
BRDA:156,25,0,0
BRDA:156,25,1,0
BRF:53
BRH:0
end_of_record
TN:
SF:src/config/api.js
FNF:0
FNH:0
DA:1,0
DA:5,0
LF:2
LH:0
BRF:0
BRH:0
end_of_record
TN:
SF:src/contexts/AuthContext.js
FN:8,(anonymous_0)
FN:9,(anonymous_1)
FN:10,(anonymous_2)
FN:14,(anonymous_3)
FN:20,(anonymous_4)
FN:21,(anonymous_5)
FN:41,(anonymous_6)
FN:65,(anonymous_7)
FN:80,(anonymous_8)
FN:119,(anonymous_9)
FNF:10
FNH:0
FNDA:0,(anonymous_0)
FNDA:0,(anonymous_1)
FNDA:0,(anonymous_2)
FNDA:0,(anonymous_3)
FNDA:0,(anonymous_4)
FNDA:0,(anonymous_5)
FNDA:0,(anonymous_6)
FNDA:0,(anonymous_7)
FNDA:0,(anonymous_8)
FNDA:0,(anonymous_9)
DA:4,0
DA:14,0
DA:15,0
DA:16,0
DA:17,0
DA:20,0
DA:21,0
DA:22,0
DA:25,0
DA:26,0
DA:27,0
DA:32,0
DA:34,0
DA:38,0
DA:41,0
DA:42,0
DA:43,0
DA:50,0
DA:51,0
DA:53,0
DA:54,0
DA:56,0
DA:58,0
DA:59,0
DA:61,0
DA:65,0
DA:66,0
DA:67,0
DA:69,0
DA:70,0
DA:71,0
DA:73,0
DA:74,0
DA:76,0
DA:80,0
DA:81,0
DA:82,0
DA:87,0
DA:88,0
DA:90,0
DA:91,0
DA:93,0
DA:95,0
DA:96,0
DA:98,0
DA:102,0
DA:111,0
DA:119,0
DA:120,0
DA:121,0
DA:122,0
DA:124,0
LF:52
LH:0
BRDA:26,0,0,0
BRDA:26,0,1,0
BRDA:121,1,0,0
BRDA:121,1,1,0
BRF:4
BRH:0
end_of_record
TN:
SF:src/contexts/SubscriptionContext.js
FN:6,(anonymous_0)
FN:8,(anonymous_1)
FN:12,(anonymous_2)
FN:16,(anonymous_3)
FN:29,(anonymous_4)
FN:40,(anonymous_5)
FN:100,(anonymous_6)
FNF:7
FNH:0
FNDA:0,(anonymous_0)
FNDA:0,(anonymous_1)
FNDA:0,(anonymous_2)
FNDA:0,(anonymous_3)
FNDA:0,(anonymous_4)
FNDA:0,(anonymous_5)
FNDA:0,(anonymous_6)
DA:4,0
DA:6,0
DA:8,0
DA:9,0
DA:10,0
DA:12,0
DA:13,0
DA:16,0
DA:17,0
DA:18,0
DA:19,0
DA:20,0
DA:23,0
DA:25,0
DA:29,0
DA:30,0
DA:31,0
DA:32,0
DA:33,0
DA:35,0
DA:36,0
DA:40,0
DA:41,0
DA:97,0
DA:100,0
DA:101,0
DA:102,0
DA:105,0
LF:28
LH:0
BRDA:19,0,0,0
BRDA:19,0,1,0
BRDA:97,1,0,0
BRDA:97,1,1,0
BRF:4
BRH:0
end_of_record
TN:
SF:src/firebase/firebase-config.js
FNF:0
FNH:0
DA:10,0
DA:21,0
DA:24,0
DA:25,0
DA:26,0
DA:29,0
LF:6
LH:0
BRDA:11,0,0,0
BRDA:11,0,1,0
BRDA:12,1,0,0
BRDA:12,1,1,0
BRDA:13,2,0,0
BRDA:13,2,1,0
BRDA:14,3,0,0
BRDA:14,3,1,0
BRDA:15,4,0,0
BRDA:15,4,1,0
BRDA:16,5,0,0
BRDA:16,5,1,0
BRDA:17,6,0,0
BRDA:17,6,1,0
BRDA:29,7,0,0
BRDA:29,7,1,0
BRF:16
BRH:0
end_of_record
TN:
SF:src/hooks/useDailyLocks.js
FN:4,(anonymous_0)
FN:9,(anonymous_1)
FN:26,(anonymous_2)
FN:34,(anonymous_3)
FN:39,(anonymous_4)
FNF:5
FNH:0
FNDA:0,(anonymous_0)
FNDA:0,(anonymous_1)
FNDA:0,(anonymous_2)
FNDA:0,(anonymous_3)
FNDA:0,(anonymous_4)
DA:4,0
DA:5,0
DA:6,0
DA:7,0
DA:9,0
DA:10,0
DA:11,0
DA:12,0
DA:14,0
DA:15,0
DA:18,0
DA:19,0
DA:20,0
DA:22,0
DA:26,0
DA:27,0
DA:30,0
DA:31,0
DA:34,0
DA:35,0
DA:39,0
DA:40,0
DA:43,0
LF:23
LH:0
BRDA:30,0,0,0
BRDA:30,0,1,0
BRDA:35,1,0,0
BRDA:35,1,1,0
BRF:4
BRH:0
end_of_record
TN:
SF:src/hooks/usePremiumAccess.js
FN:4,(anonymous_0)
FN:9,(anonymous_1)
FN:27,(anonymous_2)
FN:37,(anonymous_3)
FN:42,(anonymous_4)
FNF:5
FNH:0
FNDA:0,(anonymous_0)
FNDA:0,(anonymous_1)
FNDA:0,(anonymous_2)
FNDA:0,(anonymous_3)
FNDA:0,(anonymous_4)
DA:4,0
DA:5,0
DA:6,0
DA:7,0
DA:9,0
DA:10,0
DA:11,0
DA:12,0
DA:15,0
DA:16,0
DA:19,0
DA:20,0
DA:21,0
DA:23,0
DA:27,0
DA:29,0
DA:33,0
DA:34,0
DA:37,0
DA:38,0
DA:42,0
DA:43,0
DA:46,0
LF:23
LH:0
BRDA:33,0,0,0
BRDA:33,0,1,0
BRDA:38,1,0,0
BRDA:38,1,1,0
BRF:4
BRH:0
end_of_record
TN:
SF:src/navigation/AppNavigator.js
FN:20,HomeStackScreen
FN:42,AppNavigator
FN:45,(anonymous_2)
FN:46,(anonymous_3)
FNF:4
FNH:0
FNDA:0,HomeStackScreen
FNDA:0,AppNavigator
FNDA:0,(anonymous_2)
FNDA:0,(anonymous_3)
DA:16,0
DA:17,0
DA:21,0
DA:43,0
DA:45,0
DA:47,0
DA:49,0
DA:50,0
DA:51,0
DA:52,0
DA:53,0
DA:54,0
DA:55,0
DA:57,0
LF:14
LH:0
BRDA:49,0,0,0
BRDA:49,0,1,0
BRDA:50,1,0,0
BRDA:50,1,1,0
BRDA:51,2,0,0
BRDA:51,2,1,0
BRDA:52,3,0,0
BRDA:52,3,1,0
BRDA:53,4,0,0
BRDA:53,4,1,0
BRDA:54,5,0,0
BRDA:54,5,1,0
BRDA:55,6,0,0
BRDA:55,6,1,0
BRF:14
BRH:0
end_of_record
TN:
SF:src/navigation/SimpleAppNavigator.js
FN:25,HomeStackScreen
FN:75,SimpleAppNavigator
FN:78,(anonymous_2)
FN:79,(anonymous_3)
FNF:4
FNH:0
FNDA:0,HomeStackScreen
FNDA:0,SimpleAppNavigator
FNDA:0,(anonymous_2)
FNDA:0,(anonymous_3)
DA:21,0
DA:22,0
DA:26,0
DA:76,0
DA:78,0
DA:80,0
DA:82,0
DA:83,0
DA:84,0
DA:85,0
DA:86,0
DA:87,0
DA:88,0
DA:89,0
DA:90,0
DA:92,0
LF:16
LH:0
BRDA:82,0,0,0
BRDA:82,0,1,0
BRDA:83,1,0,0
BRDA:83,1,1,0
BRDA:84,2,0,0
BRDA:84,2,1,0
BRDA:85,3,0,0
BRDA:85,3,1,0
BRDA:86,4,0,0
BRDA:86,4,1,0
BRDA:87,5,0,0
BRDA:87,5,1,0
BRDA:88,6,0,0
BRDA:88,6,1,0
BRDA:89,7,0,0
BRDA:89,7,1,0
BRDA:90,8,0,0
BRDA:90,8,1,0
BRF:18
BRH:0
end_of_record
TN:
SF:src/screens/AnalyticsScreen-enhanced.js
FN:22,(anonymous_0)
FN:135,(anonymous_1)
FN:140,(anonymous_2)
FN:150,(anonymous_3)
FN:156,(anonymous_4)
FN:184,(anonymous_5)
FN:190,(anonymous_6)
FN:204,(anonymous_7)
FN:211,(anonymous_8)
FN:226,(anonymous_9)
FN:233,(anonymous_10)
FN:250,(anonymous_11)
FN:256,(anonymous_12)
FN:263,(anonymous_13)
FN:276,(anonymous_14)
FN:329,(anonymous_15)
FN:373,(anonymous_16)
FN:381,(anonymous_17)
FN:394,(anonymous_18)
FN:401,(anonymous_19)
FN:442,(anonymous_20)
FN:449,(anonymous_21)
FN:470,(anonymous_22)
FN:487,(anonymous_23)
FNF:24
FNH:0
FNDA:0,(anonymous_0)
FNDA:0,(anonymous_1)
FNDA:0,(anonymous_2)
FNDA:0,(anonymous_3)
FNDA:0,(anonymous_4)
FNDA:0,(anonymous_5)
FNDA:0,(anonymous_6)
FNDA:0,(anonymous_7)
FNDA:0,(anonymous_8)
FNDA:0,(anonymous_9)
FNDA:0,(anonymous_10)
FNDA:0,(anonymous_11)
FNDA:0,(anonymous_12)
FNDA:0,(anonymous_13)
FNDA:0,(anonymous_14)
FNDA:0,(anonymous_15)
FNDA:0,(anonymous_16)
FNDA:0,(anonymous_17)
FNDA:0,(anonymous_18)
FNDA:0,(anonymous_19)
FNDA:0,(anonymous_20)
FNDA:0,(anonymous_21)
FNDA:0,(anonymous_22)
FNDA:0,(anonymous_23)
DA:20,0
DA:22,0
DA:23,0
DA:24,0
DA:25,0
DA:26,0
DA:27,0
DA:28,0
DA:30,0
DA:132,0
DA:133,0
DA:135,0
DA:136,0
DA:137,0
DA:140,0
DA:143,0
DA:145,0
DA:146,0
DA:150,0
DA:151,0
DA:152,0
DA:156,0
DA:157,0
DA:158,0
DA:162,0
DA:163,0
DA:171,0
DA:172,0
DA:184,0
DA:191,0
DA:192,0
DA:193,0
DA:195,0
DA:204,0
DA:211,0
DA:212,0
DA:227,0
DA:234,0
DA:235,0
DA:250,0
DA:251,0
DA:257,0
DA:263,0
DA:276,0
DA:277,0
DA:279,0
DA:329,0
DA:330,0
DA:332,0
DA:373,0
DA:374,0
DA:376,0
DA:382,0
DA:394,0
DA:395,0
DA:397,0
DA:402,0
DA:442,0
DA:443,0
DA:445,0
DA:450,0
DA:470,0
DA:471,0
DA:473,0
DA:475,0
DA:477,0
DA:479,0
DA:481,0
DA:483,0
DA:487,0
DA:488,0
DA:506,0
DA:507,0
DA:515,0
DA:538,0
LF:75
LH:0
BRDA:151,0,0,0
BRDA:151,0,1,0
BRDA:162,1,0,0
BRDA:162,1,1,0
BRDA:171,2,0,0
BRDA:171,2,1,0
BRDA:192,3,0,0
BRDA:192,3,1,0
BRDA:192,4,0,0
BRDA:192,4,1,0
BRDA:231,5,0,0
BRDA:231,5,1,0
BRDA:240,6,0,0
BRDA:240,6,1,0
BRDA:261,7,0,0
BRDA:261,7,1,0
BRDA:267,8,0,0
BRDA:267,8,1,0
BRDA:277,9,0,0
BRDA:277,9,1,0
BRDA:285,10,0,0
BRDA:285,10,1,0
BRDA:291,11,0,0
BRDA:291,11,1,0
BRDA:297,12,0,0
BRDA:297,12,1,0
BRDA:303,13,0,0
BRDA:303,13,1,0
BRDA:310,14,0,0
BRDA:310,14,1,0
BRDA:316,15,0,0
BRDA:316,15,1,0
BRDA:319,16,0,0
BRDA:319,16,1,0
BRDA:323,17,0,0
BRDA:323,17,1,0
BRDA:330,18,0,0
BRDA:330,18,1,0
BRDA:341,19,0,0
BRDA:341,19,1,0
BRDA:349,20,0,0
BRDA:349,20,1,0
BRDA:357,21,0,0
BRDA:357,21,1,0
BRDA:365,22,0,0
BRDA:365,22,1,0
BRDA:374,23,0,0
BRDA:374,23,1,0
BRDA:395,24,0,0
BRDA:395,24,1,0
BRDA:407,25,0,0
BRDA:407,25,1,0
BRDA:410,26,0,0
BRDA:410,26,1,0
BRDA:412,27,0,0
BRDA:412,27,1,0
BRDA:416,28,0,0
BRDA:416,28,1,0
BRDA:425,29,0,0
BRDA:425,29,1,0
BRDA:428,30,0,0
BRDA:428,30,1,0
BRDA:433,31,0,0
BRDA:433,31,1,0
BRDA:443,32,0,0
BRDA:443,32,1,0
BRDA:471,33,0,0
BRDA:471,33,1,0
BRDA:471,33,2,0
BRDA:471,33,3,0
BRDA:471,33,4,0
BRDA:471,33,5,0
BRDA:497,34,0,0
BRDA:497,34,1,0
BRDA:498,35,0,0
BRDA:498,35,1,0
BRDA:499,36,0,0
BRDA:499,36,1,0
BRDA:500,37,0,0
BRDA:500,37,1,0
BRDA:506,38,0,0
BRDA:506,38,1,0
BRF:82
BRH:0
end_of_record
TN:
SF:src/screens/AnalyticsScreen.js
FN:5,AnalyticsScreen
FNF:1
FNH:0
FNDA:0,AnalyticsScreen
DA:6,0
DA:30,0
LF:2
LH:0
BRF:0
BRH:0
end_of_record
TN:
SF:src/screens/App-navigation-alternative.js
FN:27,LoadingScreen
FN:36,MainTabNavigator
FN:39,(anonymous_2)
FN:40,(anonymous_3)
FN:108,SimplifiedTabNavigator
FN:111,(anonymous_5)
FN:112,(anonymous_6)
FN:147,MoreStackNavigator
FN:180,MoreScreen
FN:187,(anonymous_9)
FN:195,(anonymous_10)
FN:203,(anonymous_11)
FN:211,(anonymous_12)
FN:221,RootNavigator
FN:257,App
FNF:15
FNH:0
FNDA:0,LoadingScreen
FNDA:0,MainTabNavigator
FNDA:0,(anonymous_2)
FNDA:0,(anonymous_3)
FNDA:0,SimplifiedTabNavigator
FNDA:0,(anonymous_5)
FNDA:0,(anonymous_6)
FNDA:0,MoreStackNavigator
FNDA:0,MoreScreen
FNDA:0,(anonymous_9)
FNDA:0,(anonymous_10)
FNDA:0,(anonymous_11)
FNDA:0,(anonymous_12)
FNDA:0,RootNavigator
FNDA:0,App
DA:23,0
DA:24,0
DA:28,0
DA:37,0
DA:39,0
DA:43,0
DA:44,0
DA:45,0
DA:46,0
DA:47,0
DA:48,0
DA:49,0
DA:50,0
DA:51,0
DA:52,0
DA:53,0
DA:54,0
DA:55,0
DA:56,0
DA:59,0
DA:109,0
DA:111,0
DA:115,0
DA:116,0
DA:117,0
DA:118,0
DA:119,0
DA:120,0
DA:121,0
DA:122,0
DA:123,0
DA:124,0
DA:127,0
DA:148,0
DA:181,0
DA:187,0
DA:195,0
DA:203,0
DA:211,0
DA:222,0
DA:225,0
DA:226,0
DA:229,0
DA:258,0
DA:267,0
LF:45
LH:0
BRDA:43,0,0,0
BRDA:43,0,1,0
BRDA:44,1,0,0
BRDA:44,1,1,0
BRDA:45,2,0,0
BRDA:45,2,1,0
BRDA:46,3,0,0
BRDA:46,3,1,0
BRDA:47,4,0,0
BRDA:47,4,1,0
BRDA:48,5,0,0
BRDA:48,5,1,0
BRDA:49,6,0,0
BRDA:49,6,1,0
BRDA:50,7,0,0
BRDA:50,7,1,0
BRDA:51,8,0,0
BRDA:51,8,1,0
BRDA:52,9,0,0
BRDA:52,9,1,0
BRDA:53,10,0,0
BRDA:53,10,1,0
BRDA:54,11,0,0
BRDA:54,11,1,0
BRDA:55,12,0,0
BRDA:55,12,1,0
BRDA:56,13,0,0
BRDA:56,13,1,0
BRDA:115,14,0,0
BRDA:115,14,1,0
BRDA:116,15,0,0
BRDA:116,15,1,0
BRDA:117,16,0,0
BRDA:117,16,1,0
BRDA:118,17,0,0
BRDA:118,17,1,0
BRDA:119,18,0,0
BRDA:119,18,1,0
BRDA:120,19,0,0
BRDA:120,19,1,0
BRDA:121,20,0,0
BRDA:121,20,1,0
BRDA:122,21,0,0
BRDA:122,21,1,0
BRDA:123,22,0,0
BRDA:123,22,1,0
BRDA:124,23,0,0
BRDA:124,23,1,0
BRDA:225,24,0,0
BRDA:225,24,1,0
BRDA:231,25,0,0
BRDA:231,25,1,0
BRF:52
BRH:0
end_of_record
TN:
SF:src/screens/BettingScreen-enhanced.js
FN:4,BettingScreen
FN:9,(anonymous_1)
FN:43,(anonymous_2)
FN:68,(anonymous_3)
FNF:4
FNH:0
FNDA:0,BettingScreen
FNDA:0,(anonymous_1)
FNDA:0,(anonymous_2)
FNDA:0,(anonymous_3)
DA:5,0
DA:6,0
DA:7,0
DA:9,0
DA:11,0
DA:17,0
DA:23,0
DA:24,0
DA:25,0
DA:28,0
DA:44,0
DA:69,0
DA:96,0
LF:13
LH:0
BRF:0
BRH:0
end_of_record
TN:
SF:src/screens/BettingScreen-offline.js
FN:4,(anonymous_0)
FNF:1
FNH:0
FNDA:0,(anonymous_0)
DA:4,0
DA:5,0
DA:37,0
LF:3
LH:0
BRF:0
BRH:0
end_of_record
TN:
SF:src/screens/BettingScreen.js
FN:11,(anonymous_0)
FN:16,(anonymous_1)
FN:20,(anonymous_2)
FN:23,(anonymous_3)
FN:79,(anonymous_4)
FN:105,(anonymous_5)
FN:133,(anonymous_6)
FN:149,(anonymous_7)
FNF:8
FNH:0
FNDA:0,(anonymous_0)
FNDA:0,(anonymous_1)
FNDA:0,(anonymous_2)
FNDA:0,(anonymous_3)
FNDA:0,(anonymous_4)
FNDA:0,(anonymous_5)
FNDA:0,(anonymous_6)
FNDA:0,(anonymous_7)
DA:11,0
DA:12,0
DA:13,0
DA:14,0
DA:16,0
DA:17,0
DA:20,0
DA:21,0
DA:23,0
DA:24,0
DA:69,0
DA:70,0
DA:73,0
DA:74,0
DA:75,0
DA:79,0
DA:80,0
DA:81,0
DA:84,0
DA:85,0
DA:93,0
DA:106,0
DA:134,0
DA:150,0
DA:179,0
LF:25
LH:0
BRDA:84,0,0,0
BRDA:84,0,1,0
BRDA:102,1,0,0
BRDA:102,1,1,0
BRDA:122,2,0,0
BRDA:122,2,1,0
BRDA:122,3,0,0
BRDA:122,3,1,0
BRDA:130,4,0,0
BRDA:130,4,1,0
BRDA:137,5,0,0
BRDA:137,5,1,0
BRDA:137,6,0,0
BRDA:137,6,1,0
BRDA:146,7,0,0
BRDA:146,7,1,0
BRF:16
BRH:0
end_of_record
TN:
SF:src/screens/DailyLocksPaywall.js
FN:16,(anonymous_0)
FN:54,(anonymous_1)
FN:60,(anonymous_2)
FN:68,(anonymous_3)
FN:98,(anonymous_4)
FN:121,(anonymous_5)
FN:139,(anonymous_6)
FN:144,(anonymous_7)
FN:155,(anonymous_8)
FN:165,(anonymous_9)
FN:197,(anonymous_10)
FN:241,(anonymous_11)
FN:255,(anonymous_12)
FN:344,(anonymous_13)
FN:355,(anonymous_14)
FNF:15
FNH:0
FNDA:0,(anonymous_0)
FNDA:0,(anonymous_1)
FNDA:0,(anonymous_2)
FNDA:0,(anonymous_3)
FNDA:0,(anonymous_4)
FNDA:0,(anonymous_5)
FNDA:0,(anonymous_6)
FNDA:0,(anonymous_7)
FNDA:0,(anonymous_8)
FNDA:0,(anonymous_9)
FNDA:0,(anonymous_10)
FNDA:0,(anonymous_11)
FNDA:0,(anonymous_12)
FNDA:0,(anonymous_13)
FNDA:0,(anonymous_14)
DA:16,0
DA:17,0
DA:18,0
DA:19,0
DA:21,0
DA:54,0
DA:55,0
DA:56,0
DA:60,0
DA:61,0
DA:63,0
DA:65,0
DA:66,0
DA:68,0
DA:69,0
DA:72,0
DA:94,0
DA:98,0
DA:99,0
DA:100,0
DA:101,0
DA:103,0
DA:104,0
DA:110,0
DA:111,0
DA:115,0
DA:117,0
DA:121,0
DA:122,0
DA:123,0
DA:124,0
DA:125,0
DA:126,0
DA:127,0
DA:129,0
DA:132,0
DA:135,0
DA:139,0
DA:140,0
DA:144,0
DA:145,0
DA:146,0
DA:147,0
DA:148,0
DA:149,0
DA:151,0
DA:155,0
DA:156,0
DA:157,0
DA:158,0
DA:160,0
DA:161,0
DA:165,0
DA:166,0
DA:169,0
DA:198,0
DA:242,0
DA:243,0
DA:248,0
DA:255,0
DA:344,0
DA:355,0
DA:377,0
LF:63
LH:0
BRDA:55,0,0,0
BRDA:55,0,1,0
BRDA:65,1,0,0
BRDA:65,1,1,0
BRDA:65,2,0,0
BRDA:65,2,1,0
BRDA:69,3,0,0
BRDA:69,3,1,0
BRDA:103,4,0,0
BRDA:103,4,1,0
BRDA:110,5,0,0
BRDA:110,5,1,0
BRDA:111,6,0,0
BRDA:111,6,1,0
BRDA:115,7,0,0
BRDA:115,7,1,0
BRDA:124,8,0,0
BRDA:124,8,1,0
BRDA:125,9,0,0
BRDA:125,9,1,0
BRDA:132,10,0,0
BRDA:132,10,1,0
BRDA:140,11,0,0
BRDA:140,11,1,0
BRDA:146,12,0,0
BRDA:146,12,1,0
BRDA:148,13,0,0
BRDA:148,13,1,0
BRDA:161,14,0,0
BRDA:161,14,1,0
BRDA:245,15,0,0
BRDA:245,15,1,0
BRDA:253,16,0,0
BRDA:253,16,1,0
BRDA:259,17,0,0
BRDA:259,17,1,0
BRDA:261,18,0,0
BRDA:261,18,1,0
BRDA:279,19,0,0
BRDA:279,19,1,0
BRDA:343,20,0,0
BRDA:343,20,1,0
BRDA:351,21,0,0
BRDA:351,21,1,0
BRDA:355,22,0,0
BRDA:355,22,1,0
BRDA:383,23,0,0
BRDA:383,23,1,0
BRF:48
BRH:0
end_of_record
TN:
SF:src/screens/DailyPicksScreen-enhanced.js
FN:21,(anonymous_0)
FN:175,(anonymous_1)
FN:183,(anonymous_2)
FN:196,(anonymous_3)
FN:207,(anonymous_4)
FN:345,(anonymous_5)
FN:349,(anonymous_6)
FN:354,(anonymous_7)
FN:359,(anonymous_8)
FN:421,(anonymous_9)
FN:464,(anonymous_10)
FN:497,(anonymous_11)
FN:525,(anonymous_12)
FN:587,(anonymous_13)
FN:596,(anonymous_14)
FN:605,(anonymous_15)
FN:614,(anonymous_16)
FN:623,(anonymous_17)
FN:644,(anonymous_18)
FN:663,(anonymous_19)
FN:671,(anonymous_20)
FN:690,(anonymous_21)
FNF:22
FNH:0
FNDA:0,(anonymous_0)
FNDA:0,(anonymous_1)
FNDA:0,(anonymous_2)
FNDA:0,(anonymous_3)
FNDA:0,(anonymous_4)
FNDA:0,(anonymous_5)
FNDA:0,(anonymous_6)
FNDA:0,(anonymous_7)
FNDA:0,(anonymous_8)
FNDA:0,(anonymous_9)
FNDA:0,(anonymous_10)
FNDA:0,(anonymous_11)
FNDA:0,(anonymous_12)
FNDA:0,(anonymous_13)
FNDA:0,(anonymous_14)
FNDA:0,(anonymous_15)
FNDA:0,(anonymous_16)
FNDA:0,(anonymous_17)
FNDA:0,(anonymous_18)
FNDA:0,(anonymous_19)
FNDA:0,(anonymous_20)
FNDA:0,(anonymous_21)
DA:21,0
DA:22,0
DA:24,0
DA:25,0
DA:106,0
DA:175,0
DA:183,0
DA:196,0
DA:197,0
DA:198,0
DA:199,0
DA:200,0
DA:201,0
DA:202,0
DA:205,0
DA:207,0
DA:208,0
DA:209,0
DA:211,0
DA:216,0
DA:217,0
DA:220,0
DA:221,0
DA:222,0
DA:264,0
DA:267,0
DA:268,0
DA:269,0
DA:305,0
DA:309,0
DA:311,0
DA:326,0
DA:340,0
DA:341,0
DA:345,0
DA:346,0
DA:349,0
DA:350,0
DA:351,0
DA:354,0
DA:355,0
DA:359,0
DA:360,0
DA:421,0
DA:422,0
DA:465,0
DA:478,0
DA:479,0
DA:497,0
DA:525,0
DA:531,0
DA:532,0
DA:540,0
DA:587,0
DA:596,0
DA:605,0
DA:614,0
DA:623,0
DA:644,0
DA:663,0
DA:671,0
DA:690,0
DA:696,0
LF:63
LH:0
BRDA:24,0,0,0
BRDA:24,0,1,0
BRDA:216,1,0,0
BRDA:216,1,1,0
BRDA:216,1,2,0
BRDA:217,2,0,0
BRDA:217,2,1,0
BRDA:217,2,2,0
BRDA:220,3,0,0
BRDA:220,3,1,0
BRDA:267,4,0,0
BRDA:267,4,1,0
BRDA:377,5,0,0
BRDA:377,5,1,0
BRDA:478,6,0,0
BRDA:478,6,1,0
BRDA:478,7,0,0
BRDA:478,7,1,0
BRDA:531,8,0,0
BRDA:531,8,1,0
BRDA:531,9,0,0
BRDA:531,9,1,0
BRDA:586,10,0,0
BRDA:586,10,1,0
BRDA:589,11,0,0
BRDA:589,11,1,0
BRDA:595,12,0,0
BRDA:595,12,1,0
BRDA:598,13,0,0
BRDA:598,13,1,0
BRDA:604,14,0,0
BRDA:604,14,1,0
BRDA:607,15,0,0
BRDA:607,15,1,0
BRDA:613,16,0,0
BRDA:613,16,1,0
BRDA:616,17,0,0
BRDA:616,17,1,0
BRDA:622,18,0,0
BRDA:622,18,1,0
BRDA:625,19,0,0
BRDA:625,19,1,0
BRDA:643,20,0,0
BRDA:643,20,1,0
BRDA:662,21,0,0
BRDA:662,21,1,0
BRDA:670,22,0,0
BRDA:670,22,1,0
BRF:48
BRH:0
end_of_record
TN:
SF:src/screens/DailyPicksScreen.js
FN:21,DailyPicksScreen
FN:39,(anonymous_1)
FN:43,(anonymous_2)
FN:58,(anonymous_3)
FN:68,(anonymous_4)
FN:142,(anonymous_5)
FN:172,(anonymous_6)
FN:199,(anonymous_7)
FN:205,(anonymous_8)
FN:214,(anonymous_9)
FN:223,(anonymous_10)
FN:229,(anonymous_11)
FN:234,(anonymous_12)
FN:244,(anonymous_13)
FN:303,(anonymous_14)
FN:319,(anonymous_15)
FN:328,(anonymous_16)
FN:355,(anonymous_17)
FN:376,(anonymous_18)
FN:385,(anonymous_19)
FN:438,(anonymous_20)
FN:445,(anonymous_21)
FN:465,(anonymous_22)
FN:472,(anonymous_23)
FN:496,(anonymous_24)
FN:497,(anonymous_25)
FN:516,(anonymous_26)
FN:531,(anonymous_27)
FNF:28
FNH:0
FNDA:0,DailyPicksScreen
FNDA:0,(anonymous_1)
FNDA:0,(anonymous_2)
FNDA:0,(anonymous_3)
FNDA:0,(anonymous_4)
FNDA:0,(anonymous_5)
FNDA:0,(anonymous_6)
FNDA:0,(anonymous_7)
FNDA:0,(anonymous_8)
FNDA:0,(anonymous_9)
FNDA:0,(anonymous_10)
FNDA:0,(anonymous_11)
FNDA:0,(anonymous_12)
FNDA:0,(anonymous_13)
FNDA:0,(anonymous_14)
FNDA:0,(anonymous_15)
FNDA:0,(anonymous_16)
FNDA:0,(anonymous_17)
FNDA:0,(anonymous_18)
FNDA:0,(anonymous_19)
FNDA:0,(anonymous_20)
FNDA:0,(anonymous_21)
FNDA:0,(anonymous_22)
FNDA:0,(anonymous_23)
FNDA:0,(anonymous_24)
FNDA:0,(anonymous_25)
FNDA:0,(anonymous_26)
FNDA:0,(anonymous_27)
DA:19,0
DA:22,0
DA:23,0
DA:24,0
DA:25,0
DA:26,0
DA:27,0
DA:28,0
DA:29,0
DA:30,0
DA:32,0
DA:33,0
DA:39,0
DA:40,0
DA:43,0
DA:44,0
DA:45,0
DA:49,0
DA:50,0
DA:51,0
DA:53,0
DA:54,0
DA:55,0
DA:58,0
DA:59,0
DA:63,0
DA:64,0
DA:68,0
DA:142,0
DA:172,0
DA:199,0
DA:200,0
DA:201,0
DA:202,0
DA:205,0
DA:206,0
DA:215,0
DA:223,0
DA:224,0
DA:225,0
DA:226,0
DA:229,0
DA:230,0
DA:231,0
DA:234,0
DA:235,0
DA:236,0
DA:237,0
DA:238,0
DA:239,0
DA:240,0
DA:244,0
DA:245,0
DA:304,0
DA:319,0
DA:328,0
DA:329,0
DA:355,0
DA:356,0
DA:376,0
DA:377,0
DA:378,0
DA:379,0
DA:380,0
DA:381,0
DA:385,0
DA:386,0
DA:404,0
DA:405,0
DA:415,0
DA:439,0
DA:445,0
DA:466,0
DA:472,0
DA:496,0
DA:498,0
DA:517,0
DA:532,0
DA:569,0
LF:79
LH:0
BRDA:208,0,0,0
BRDA:208,0,1,0
BRDA:224,1,0,0
BRDA:224,1,1,0
BRDA:225,2,0,0
BRDA:225,2,1,0
BRDA:230,3,0,0
BRDA:230,3,1,0
BRDA:235,4,0,0
BRDA:235,4,1,0
BRDA:235,4,2,0
BRDA:235,4,3,0
BRDA:235,4,4,0
BRDA:254,5,0,0
BRDA:254,5,1,0
BRDA:259,6,0,0
BRDA:259,6,1,0
BRDA:274,7,0,0
BRDA:274,7,1,0
BRDA:308,8,0,0
BRDA:308,8,1,0
BRDA:377,9,0,0
BRDA:377,9,1,0
BRDA:377,9,2,0
BRDA:377,9,3,0
BRDA:404,10,0,0
BRDA:404,10,1,0
BRDA:443,11,0,0
BRDA:443,11,1,0
BRDA:450,12,0,0
BRDA:450,12,1,0
BRDA:470,13,0,0
BRDA:470,13,1,0
BRDA:477,14,0,0
BRDA:477,14,1,0
BRF:35
BRH:0
end_of_record
TN:
SF:src/screens/FantasyScreen-enhanced-v2.js
FN:23,(anonymous_0)
FN:65,(anonymous_1)
FN:74,(anonymous_2)
FN:76,(anonymous_3)
FN:92,(anonymous_4)
FN:98,(anonymous_5)
FN:126,(anonymous_6)
FN:132,(anonymous_7)
FN:146,(anonymous_8)
FN:153,(anonymous_9)
FN:172,(anonymous_10)
FN:179,(anonymous_11)
FN:193,(anonymous_12)
FN:221,(anonymous_13)
FN:279,(anonymous_14)
FN:286,(anonymous_15)
FN:308,(anonymous_16)
FN:323,(anonymous_17)
FN:363,(anonymous_18)
FN:368,(anonymous_19)
FN:373,(anonymous_20)
FN:424,(anonymous_21)
FNF:22
FNH:0
FNDA:0,(anonymous_0)
FNDA:0,(anonymous_1)
FNDA:0,(anonymous_2)
FNDA:0,(anonymous_3)
FNDA:0,(anonymous_4)
FNDA:0,(anonymous_5)
FNDA:0,(anonymous_6)
FNDA:0,(anonymous_7)
FNDA:0,(anonymous_8)
FNDA:0,(anonymous_9)
FNDA:0,(anonymous_10)
FNDA:0,(anonymous_11)
FNDA:0,(anonymous_12)
FNDA:0,(anonymous_13)
FNDA:0,(anonymous_14)
FNDA:0,(anonymous_15)
FNDA:0,(anonymous_16)
FNDA:0,(anonymous_17)
FNDA:0,(anonymous_18)
FNDA:0,(anonymous_19)
FNDA:0,(anonymous_20)
FNDA:0,(anonymous_21)
DA:21,0
DA:23,0
DA:24,0
DA:25,0
DA:26,0
DA:27,0
DA:28,0
DA:29,0
DA:31,0
DA:63,0
DA:65,0
DA:66,0
DA:67,0
DA:70,0
DA:73,0
DA:74,0
DA:76,0
DA:85,0
DA:87,0
DA:88,0
DA:92,0
DA:93,0
DA:94,0
DA:98,0
DA:99,0
DA:100,0
DA:104,0
DA:105,0
DA:113,0
DA:114,0
DA:126,0
DA:133,0
DA:134,0
DA:135,0
DA:137,0
DA:146,0
DA:153,0
DA:154,0
DA:173,0
DA:179,0
DA:193,0
DA:194,0
DA:221,0
DA:222,0
DA:279,0
DA:280,0
DA:287,0
DA:308,0
DA:309,0
DA:324,0
DA:363,0
DA:364,0
DA:369,0
DA:374,0
DA:396,0
DA:397,0
DA:405,0
DA:424,0
DA:443,0
LF:59
LH:0
BRDA:73,0,0,0
BRDA:73,0,1,0
BRDA:73,1,0,0
BRDA:73,1,1,0
BRDA:76,2,0,0
BRDA:76,2,1,0
BRDA:93,3,0,0
BRDA:93,3,1,0
BRDA:104,4,0,0
BRDA:104,4,1,0
BRDA:113,5,0,0
BRDA:113,5,1,0
BRDA:134,6,0,0
BRDA:134,6,1,0
BRDA:134,7,0,0
BRDA:134,7,1,0
BRDA:177,8,0,0
BRDA:177,8,1,0
BRDA:183,9,0,0
BRDA:183,9,1,0
BRDA:231,10,0,0
BRDA:231,10,1,0
BRDA:246,11,0,0
BRDA:246,11,1,0
BRDA:248,12,0,0
BRDA:248,12,1,0
BRDA:252,13,0,0
BRDA:252,13,1,0
BRDA:254,14,0,0
BRDA:254,14,1,0
BRDA:258,15,0,0
BRDA:258,15,1,0
BRDA:292,16,0,0
BRDA:292,16,1,0
BRDA:296,17,0,0
BRDA:296,17,1,0
BRDA:298,18,0,0
BRDA:298,18,1,0
BRDA:318,19,0,0
BRDA:318,19,1,0
BRDA:328,20,0,0
BRDA:328,20,1,0
BRDA:329,21,0,0
BRDA:329,21,1,0
BRDA:335,22,0,0
BRDA:335,22,1,0
BRDA:336,23,0,0
BRDA:336,23,1,0
BRDA:396,24,0,0
BRDA:396,24,1,0
BRF:50
BRH:0
end_of_record
TN:
SF:src/screens/FantasyScreen-enhanced.js
FN:8,FantasyScreen
FN:16,(anonymous_1)
FN:20,(anonymous_2)
FN:40,(anonymous_3)
FN:44,(anonymous_4)
FN:48,(anonymous_5)
FN:49,(anonymous_6)
FN:54,(anonymous_7)
FN:55,(anonymous_8)
FN:106,(anonymous_9)
FN:111,(anonymous_10)
FN:129,(anonymous_11)
FN:147,(anonymous_12)
FN:160,(anonymous_13)
FN:164,(anonymous_14)
FNF:15
FNH:0
FNDA:0,FantasyScreen
FNDA:0,(anonymous_1)
FNDA:0,(anonymous_2)
FNDA:0,(anonymous_3)
FNDA:0,(anonymous_4)
FNDA:0,(anonymous_5)
FNDA:0,(anonymous_6)
FNDA:0,(anonymous_7)
FNDA:0,(anonymous_8)
FNDA:0,(anonymous_9)
FNDA:0,(anonymous_10)
FNDA:0,(anonymous_11)
FNDA:0,(anonymous_12)
FNDA:0,(anonymous_13)
FNDA:0,(anonymous_14)
DA:9,0
DA:10,0
DA:11,0
DA:12,0
DA:13,0
DA:14,0
DA:16,0
DA:17,0
DA:20,0
DA:22,0
DA:29,0
DA:36,0
DA:37,0
DA:40,0
DA:41,0
DA:42,0
DA:43,0
DA:44,0
DA:48,0
DA:49,0
DA:50,0
DA:51,0
DA:54,0
DA:55,0
DA:62,0
DA:70,0
DA:72,0
DA:106,0
DA:112,0
DA:129,0
DA:147,0
DA:161,0
DA:164,0
DA:199,0
LF:34
LH:0
BRDA:41,0,0,0
BRDA:41,0,1,0
BRF:2
BRH:0
end_of_record
TN:
SF:src/screens/FantasyScreen-offline.js
FN:4,(anonymous_0)
FNF:1
FNH:0
FNDA:0,(anonymous_0)
DA:4,0
DA:5,0
DA:37,0
LF:3
LH:0
BRF:0
BRH:0
end_of_record
TN:
SF:src/screens/FantasyTeamBuilder.js
FN:4,(anonymous_0)
FNF:1
FNH:0
FNDA:0,(anonymous_0)
DA:4,0
DA:5,0
DA:13,0
LF:3
LH:0
BRF:0
BRH:0
end_of_record
TN:
SF:src/screens/FavoriteScreen.js
FN:16,FavoritesScreen
FN:22,(anonymous_1)
FN:75,(anonymous_2)
FN:80,(anonymous_3)
FN:84,(anonymous_4)
FN:166,(anonymous_5)
FN:183,(anonymous_6)
FN:185,(anonymous_7)
FN:194,(anonymous_8)
FN:196,(anonymous_9)
FN:205,(anonymous_10)
FN:207,(anonymous_11)
FNF:12
FNH:0
FNDA:0,FavoritesScreen
FNDA:0,(anonymous_1)
FNDA:0,(anonymous_2)
FNDA:0,(anonymous_3)
FNDA:0,(anonymous_4)
FNDA:0,(anonymous_5)
FNDA:0,(anonymous_6)
FNDA:0,(anonymous_7)
FNDA:0,(anonymous_8)
FNDA:0,(anonymous_9)
FNDA:0,(anonymous_10)
FNDA:0,(anonymous_11)
DA:17,0
DA:18,0
DA:19,0
DA:20,0
DA:22,0
DA:23,0
DA:29,0
DA:66,0
DA:68,0
DA:70,0
DA:71,0
DA:75,0
DA:76,0
DA:77,0
DA:80,0
DA:81,0
DA:84,0
DA:85,0
DA:87,0
DA:115,0
DA:136,0
DA:155,0
DA:163,0
DA:166,0
DA:183,0
DA:185,0
DA:194,0
DA:196,0
DA:205,0
DA:207,0
DA:217,0
LF:31
LH:0
BRDA:85,0,0,0
BRDA:85,0,1,0
BRDA:85,0,2,0
BRDA:85,0,3,0
BRDA:141,1,0,0
BRDA:141,1,1,0
BRDA:142,2,0,0
BRDA:142,2,1,0
BRDA:157,3,0,0
BRDA:157,3,1,0
BRF:10
BRH:0
end_of_record
TN:
SF:src/screens/HomeScreen-Enhanced-v2.js
FN:21,(anonymous_0)
FN:85,(anonymous_1)
FN:225,(anonymous_2)
FN:233,(anonymous_3)
FN:240,(anonymous_4)
FN:254,(anonymous_5)
FN:384,(anonymous_6)
FN:392,(anonymous_7)
FN:406,(anonymous_8)
FN:427,(anonymous_9)
FN:440,(anonymous_10)
FN:441,(anonymous_11)
FN:442,(anonymous_12)
FN:462,(anonymous_13)
FN:466,(anonymous_14)
FN:471,(anonymous_15)
FN:488,(anonymous_16)
FN:501,(anonymous_17)
FN:515,(anonymous_18)
FN:580,(anonymous_19)
FN:630,(anonymous_20)
FN:659,(anonymous_21)
FN:691,(anonymous_22)
FN:723,(anonymous_23)
FN:727,(anonymous_24)
FN:731,(anonymous_25)
FNF:26
FNH:0
FNDA:0,(anonymous_0)
FNDA:0,(anonymous_1)
FNDA:0,(anonymous_2)
FNDA:0,(anonymous_3)
FNDA:0,(anonymous_4)
FNDA:0,(anonymous_5)
FNDA:0,(anonymous_6)
FNDA:0,(anonymous_7)
FNDA:0,(anonymous_8)
FNDA:0,(anonymous_9)
FNDA:0,(anonymous_10)
FNDA:0,(anonymous_11)
FNDA:0,(anonymous_12)
FNDA:0,(anonymous_13)
FNDA:0,(anonymous_14)
FNDA:0,(anonymous_15)
FNDA:0,(anonymous_16)
FNDA:0,(anonymous_17)
FNDA:0,(anonymous_18)
FNDA:0,(anonymous_19)
FNDA:0,(anonymous_20)
FNDA:0,(anonymous_21)
FNDA:0,(anonymous_22)
FNDA:0,(anonymous_23)
FNDA:0,(anonymous_24)
FNDA:0,(anonymous_25)
DA:21,0
DA:22,0
DA:85,0
DA:86,0
DA:88,0
DA:89,0
DA:137,0
DA:225,0
DA:233,0
DA:240,0
DA:254,0
DA:255,0
DA:257,0
DA:258,0
DA:306,0
DA:384,0
DA:392,0
DA:406,0
DA:407,0
DA:408,0
DA:409,0
DA:410,0
DA:411,0
DA:419,0
DA:420,0
DA:421,0
DA:424,0
DA:425,0
DA:427,0
DA:428,0
DA:429,0
DA:431,0
DA:436,0
DA:437,0
DA:440,0
DA:441,0
DA:442,0
DA:443,0
DA:445,0
DA:446,0
DA:447,0
DA:455,0
DA:457,0
DA:458,0
DA:462,0
DA:463,0
DA:466,0
DA:467,0
DA:468,0
DA:471,0
DA:472,0
DA:488,0
DA:501,0
DA:515,0
DA:516,0
DA:551,0
DA:552,0
DA:560,0
DA:581,0
DA:631,0
DA:659,0
DA:691,0
DA:723,0
DA:727,0
DA:731,0
DA:737,0
LF:66
LH:0
BRDA:88,0,0,0
BRDA:88,0,1,0
BRDA:257,1,0,0
BRDA:257,1,1,0
BRDA:436,2,0,0
BRDA:436,2,1,0
BRDA:437,3,0,0
BRDA:437,3,1,0
BRDA:442,4,0,0
BRDA:442,4,1,0
BRDA:442,5,0,0
BRDA:442,5,1,0
BRDA:443,6,0,0
BRDA:443,6,1,0
BRDA:551,7,0,0
BRDA:551,7,1,0
BRDA:579,8,0,0
BRDA:579,8,1,0
BRDA:581,9,0,0
BRDA:581,9,1,0
BRDA:599,10,0,0
BRDA:599,10,1,0
BRDA:601,11,0,0
BRDA:601,11,1,0
BRDA:607,12,0,0
BRDA:607,12,1,0
BRDA:608,13,0,0
BRDA:608,13,1,0
BRDA:629,14,0,0
BRDA:629,14,1,0
BRDA:634,15,0,0
BRDA:634,15,1,0
BRDA:656,16,0,0
BRDA:656,16,1,0
BRDA:688,17,0,0
BRDA:688,17,1,0
BRF:36
BRH:0
end_of_record
TN:
SF:src/screens/HomeScreen-debug.js
FN:6,HomeScreen
FN:11,(anonymous_1)
FN:13,(anonymous_2)
FN:18,(anonymous_3)
FNF:4
FNH:0
FNDA:0,HomeScreen
FNDA:0,(anonymous_1)
FNDA:0,(anonymous_2)
FNDA:0,(anonymous_3)
DA:4,0
DA:7,0
DA:9,0
DA:11,0
DA:12,0
DA:13,0
DA:14,0
DA:15,0
DA:18,0
DA:19,0
DA:20,0
DA:24,0
DA:25,0
DA:26,0
DA:33,0
DA:34,0
DA:45,0
LF:17
LH:0
BRDA:24,0,0,0
BRDA:24,0,1,0
BRF:2
BRH:0
end_of_record
TN:
SF:src/screens/HomeScreen-enhanced.js
FN:3,(anonymous_0)
FN:4,(anonymous_1)
FNF:2
FNH:0
FNDA:0,(anonymous_0)
FNDA:0,(anonymous_1)
DA:3,0
DA:4,0
DA:5,0
DA:6,0
DA:9,0
DA:15,0
DA:16,0
DA:18,0
DA:21,0
DA:22,0
DA:24,0
DA:27,0
DA:28,0
DA:31,0
DA:33,0
DA:47,0
DA:51,0
LF:17
LH:0
BRDA:15,0,0,0
BRDA:15,0,1,0
BRDA:21,1,0,0
BRDA:21,1,1,0
BRDA:27,2,0,0
BRDA:27,2,1,0
BRDA:28,3,0,0
BRDA:28,3,1,0
BRF:8
BRH:0
end_of_record
TN:
SF:src/screens/HomeScreen-safe.js
FN:4,(anonymous_0)
FNF:1
FNH:0
FNDA:0,(anonymous_0)
DA:4,0
DA:5,0
DA:35,0
LF:3
LH:0
BRF:0
BRH:0
end_of_record
TN:
SF:src/screens/HomeScreen.js
FN:6,HomeScreen
FN:11,(anonymous_1)
FN:13,(anonymous_2)
FN:18,(anonymous_3)
FNF:4
FNH:0
FNDA:0,HomeScreen
FNDA:0,(anonymous_1)
FNDA:0,(anonymous_2)
FNDA:0,(anonymous_3)
DA:4,0
DA:7,0
DA:9,0
DA:11,0
DA:12,0
DA:13,0
DA:14,0
DA:15,0
DA:18,0
DA:19,0
DA:20,0
DA:24,0
DA:25,0
DA:26,0
DA:33,0
DA:34,0
DA:45,0
LF:17
LH:0
BRDA:24,0,0,0
BRDA:24,0,1,0
BRF:2
BRH:0
end_of_record
TN:
SF:src/screens/LiveGamesScreen-enhanced.js
FN:19,(anonymous_0)
FN:129,(anonymous_1)
FN:149,(anonymous_2)
FN:181,(anonymous_3)
FN:186,(anonymous_4)
FN:205,(anonymous_5)
FN:212,(anonymous_6)
FN:215,(anonymous_7)
FN:231,(anonymous_8)
FN:289,(anonymous_9)
FN:346,(anonymous_10)
FN:351,(anonymous_11)
FN:356,(anonymous_12)
FN:372,(anonymous_13)
FN:429,(anonymous_14)
FN:433,(anonymous_15)
FNF:16
FNH:0
FNDA:0,(anonymous_0)
FNDA:0,(anonymous_1)
FNDA:0,(anonymous_2)
FNDA:0,(anonymous_3)
FNDA:0,(anonymous_4)
FNDA:0,(anonymous_5)
FNDA:0,(anonymous_6)
FNDA:0,(anonymous_7)
FNDA:0,(anonymous_8)
FNDA:0,(anonymous_9)
FNDA:0,(anonymous_10)
FNDA:0,(anonymous_11)
FNDA:0,(anonymous_12)
FNDA:0,(anonymous_13)
FNDA:0,(anonymous_14)
FNDA:0,(anonymous_15)
DA:17,0
DA:19,0
DA:20,0
DA:21,0
DA:22,0
DA:23,0
DA:24,0
DA:26,0
DA:28,0
DA:129,0
DA:130,0
DA:133,0
DA:149,0
DA:150,0
DA:151,0
DA:155,0
DA:157,0
DA:158,0
DA:160,0
DA:161,0
DA:163,0
DA:164,0
DA:166,0
DA:170,0
DA:173,0
DA:174,0
DA:176,0
DA:177,0
DA:181,0
DA:182,0
DA:183,0
DA:186,0
DA:187,0
DA:206,0
DA:213,0
DA:214,0
DA:215,0
DA:231,0
DA:232,0
DA:290,0
DA:346,0
DA:347,0
DA:351,0
DA:356,0
DA:372,0
DA:373,0
DA:407,0
DA:408,0
DA:416,0
DA:429,0
DA:433,0
DA:468,0
LF:52
LH:0
BRDA:155,0,0,0
BRDA:155,0,1,0
BRDA:155,0,2,0
BRDA:155,0,3,0
BRDA:170,1,0,0
BRDA:170,1,1,0
BRDA:174,2,0,0
BRDA:174,2,1,0
BRDA:210,3,0,0
BRDA:210,3,1,0
BRDA:220,4,0,0
BRDA:220,4,1,0
BRDA:224,5,0,0
BRDA:224,5,1,0
BRDA:245,6,0,0
BRDA:245,6,1,0
BRDA:256,7,0,0
BRDA:256,7,1,0
BRDA:271,8,0,0
BRDA:271,8,1,0
BRDA:293,9,0,0
BRDA:293,9,1,0
BRDA:299,10,0,0
BRDA:299,10,1,0
BRDA:305,11,0,0
BRDA:305,11,1,0
BRDA:311,12,0,0
BRDA:311,12,1,0
BRDA:317,13,0,0
BRDA:317,13,1,0
BRDA:407,14,0,0
BRDA:407,14,1,0
BRDA:429,15,0,0
BRDA:429,15,1,0
BRDA:432,16,0,0
BRDA:432,16,1,0
BRF:36
BRH:0
end_of_record
TN:
SF:src/screens/LiveGamesScreen-offline.js
FN:4,(anonymous_0)
FNF:1
FNH:0
FNDA:0,(anonymous_0)
DA:4,0
DA:5,0
DA:37,0
LF:3
LH:0
BRF:0
BRH:0
end_of_record
TN:
SF:src/screens/LiveGamesScreen-old.js
FN:11,(anonymous_0)
FN:16,(anonymous_1)
FN:20,(anonymous_2)
FN:84,(anonymous_3)
FN:109,(anonymous_4)
FN:179,(anonymous_5)
FNF:6
FNH:0
FNDA:0,(anonymous_0)
FNDA:0,(anonymous_1)
FNDA:0,(anonymous_2)
FNDA:0,(anonymous_3)
FNDA:0,(anonymous_4)
FNDA:0,(anonymous_5)
DA:11,0
DA:12,0
DA:13,0
DA:14,0
DA:16,0
DA:17,0
DA:20,0
DA:21,0
DA:22,0
DA:23,0
DA:25,0
DA:28,0
DA:30,0
DA:31,0
DA:34,0
DA:35,0
DA:38,0
DA:39,0
DA:41,0
DA:42,0
DA:45,0
DA:48,0
DA:50,0
DA:52,0
DA:53,0
DA:55,0
DA:56,0
DA:58,0
DA:59,0
DA:61,0
DA:63,0
DA:65,0
DA:68,0
DA:69,0
DA:72,0
DA:73,0
DA:76,0
DA:77,0
DA:80,0
DA:84,0
DA:85,0
DA:109,0
DA:110,0
DA:143,0
DA:144,0
DA:152,0
DA:179,0
DA:189,0
LF:48
LH:0
BRDA:30,0,0,0
BRDA:30,0,1,0
BRDA:50,1,0,0
BRDA:50,1,1,0
BRDA:50,2,0,0
BRDA:50,2,1,0
BRDA:53,3,0,0
BRDA:53,3,1,0
BRDA:53,4,0,0
BRDA:53,4,1,0
BRDA:53,4,2,0
BRDA:56,5,0,0
BRDA:56,5,1,0
BRDA:56,6,0,0
BRDA:56,6,1,0
BRDA:56,6,2,0
BRDA:59,7,0,0
BRDA:59,7,1,0
BRDA:59,8,0,0
BRDA:59,8,1,0
BRDA:59,8,2,0
BRDA:59,8,3,0
BRDA:112,9,0,0
BRDA:112,9,1,0
BRDA:115,10,0,0
BRDA:115,10,1,0
BRDA:116,11,0,0
BRDA:116,11,1,0
BRDA:119,12,0,0
BRDA:119,12,1,0
BRDA:125,13,0,0
BRDA:125,13,1,0
BRDA:126,14,0,0
BRDA:126,14,1,0
BRDA:132,15,0,0
BRDA:132,15,1,0
BRDA:133,16,0,0
BRDA:133,16,1,0
BRDA:138,17,0,0
BRDA:138,17,1,0
BRDA:143,18,0,0
BRDA:143,18,1,0
BRDA:162,19,0,0
BRDA:162,19,1,0
BRDA:168,20,0,0
BRDA:168,20,1,0
BRDA:179,21,0,0
BRDA:179,21,1,0
BRF:48
BRH:0
end_of_record
TN:
SF:src/screens/LiveGamesScreen-realtime.js
FN:5,LiveGamesScreen
FN:20,(anonymous_1)
FNF:2
FNH:0
FNDA:0,LiveGamesScreen
FNDA:0,(anonymous_1)
DA:6,0
DA:12,0
DA:21,0
DA:38,0
LF:4
LH:0
BRF:0
BRH:0
end_of_record
TN:
SF:src/screens/LiveGamesScreen.js
FN:11,(anonymous_0)
FN:16,(anonymous_1)
FN:20,(anonymous_2)
FN:84,(anonymous_3)
FN:109,(anonymous_4)
FN:179,(anonymous_5)
FNF:6
FNH:0
FNDA:0,(anonymous_0)
FNDA:0,(anonymous_1)
FNDA:0,(anonymous_2)
FNDA:0,(anonymous_3)
FNDA:0,(anonymous_4)
FNDA:0,(anonymous_5)
DA:11,0
DA:12,0
DA:13,0
DA:14,0
DA:16,0
DA:17,0
DA:20,0
DA:21,0
DA:22,0
DA:23,0
DA:25,0
DA:28,0
DA:30,0
DA:31,0
DA:34,0
DA:35,0
DA:38,0
DA:39,0
DA:41,0
DA:42,0
DA:45,0
DA:48,0
DA:50,0
DA:52,0
DA:53,0
DA:55,0
DA:56,0
DA:58,0
DA:59,0
DA:61,0
DA:63,0
DA:65,0
DA:68,0
DA:69,0
DA:72,0
DA:73,0
DA:76,0
DA:77,0
DA:80,0
DA:84,0
DA:85,0
DA:109,0
DA:110,0
DA:143,0
DA:144,0
DA:152,0
DA:179,0
DA:189,0
LF:48
LH:0
BRDA:30,0,0,0
BRDA:30,0,1,0
BRDA:50,1,0,0
BRDA:50,1,1,0
BRDA:50,2,0,0
BRDA:50,2,1,0
BRDA:53,3,0,0
BRDA:53,3,1,0
BRDA:53,4,0,0
BRDA:53,4,1,0
BRDA:53,4,2,0
BRDA:56,5,0,0
BRDA:56,5,1,0
BRDA:56,6,0,0
BRDA:56,6,1,0
BRDA:56,6,2,0
BRDA:59,7,0,0
BRDA:59,7,1,0
BRDA:59,8,0,0
BRDA:59,8,1,0
BRDA:59,8,2,0
BRDA:59,8,3,0
BRDA:112,9,0,0
BRDA:112,9,1,0
BRDA:115,10,0,0
BRDA:115,10,1,0
BRDA:116,11,0,0
BRDA:116,11,1,0
BRDA:119,12,0,0
BRDA:119,12,1,0
BRDA:125,13,0,0
BRDA:125,13,1,0
BRDA:126,14,0,0
BRDA:126,14,1,0
BRDA:132,15,0,0
BRDA:132,15,1,0
BRDA:133,16,0,0
BRDA:133,16,1,0
BRDA:138,17,0,0
BRDA:138,17,1,0
BRDA:143,18,0,0
BRDA:143,18,1,0
BRDA:162,19,0,0
BRDA:162,19,1,0
BRDA:168,20,0,0
BRDA:168,20,1,0
BRDA:179,21,0,0
BRDA:179,21,1,0
BRF:48
BRH:0
end_of_record
TN:
SF:src/screens/LoginScreen-enhanced.js
FN:17,LoginScreen
FN:26,(anonymous_1)
FN:51,(anonymous_2)
FN:173,(anonymous_3)
FNF:4
FNH:0
FNDA:0,LoginScreen
FNDA:0,(anonymous_1)
FNDA:0,(anonymous_2)
FNDA:0,(anonymous_3)
DA:18,0
DA:19,0
DA:20,0
DA:21,0
DA:22,0
DA:23,0
DA:24,0
DA:26,0
DA:27,0
DA:28,0
DA:29,0
DA:32,0
DA:33,0
DA:34,0
DA:37,0
DA:38,0
DA:39,0
DA:40,0
DA:42,0
DA:45,0
DA:47,0
DA:51,0
DA:52,0
DA:64,0
DA:66,0
DA:173,0
DA:229,0
LF:27
LH:0
BRDA:27,0,0,0
BRDA:27,0,1,0
BRDA:27,1,0,0
BRDA:27,1,1,0
BRDA:32,2,0,0
BRDA:32,2,1,0
BRDA:32,3,0,0
BRDA:32,3,1,0
BRDA:39,4,0,0
BRDA:39,4,1,0
BRDA:45,5,0,0
BRDA:45,5,1,0
BRDA:64,6,0,0
BRDA:64,6,1,0
BRDA:69,7,0,0
BRDA:69,7,1,0
BRDA:81,8,0,0
BRDA:81,8,1,0
BRDA:114,9,0,0
BRDA:114,9,1,0
BRDA:145,10,0,0
BRDA:145,10,1,0
BRDA:147,11,0,0
BRDA:147,11,1,0
BRDA:148,12,0,0
BRDA:148,12,1,0
BRDA:149,13,0,0
BRDA:149,13,1,0
BRDA:158,14,0,0
BRDA:158,14,1,0
BRDA:162,15,0,0
BRDA:162,15,1,0
BRDA:166,16,0,0
BRDA:166,16,1,0
BRDA:177,17,0,0
BRDA:177,17,1,0
BRDA:179,18,0,0
BRDA:179,18,1,0
BRDA:184,19,0,0
BRDA:184,19,1,0
BRF:40
BRH:0
end_of_record
TN:
SF:src/screens/LoginScreen.js
FN:14,LoginScreen
FN:20,(anonymous_1)
FN:75,(anonymous_2)
FNF:3
FNH:0
FNDA:0,LoginScreen
FNDA:0,(anonymous_1)
FNDA:0,(anonymous_2)
DA:15,0
DA:16,0
DA:17,0
DA:18,0
DA:20,0
DA:21,0
DA:22,0
DA:23,0
DA:26,0
DA:27,0
DA:28,0
DA:30,0
DA:31,0
DA:35,0
DA:75,0
DA:86,0
LF:16
LH:0
BRDA:21,0,0,0
BRDA:21,0,1,0
BRDA:21,1,0,0
BRDA:21,1,1,0
BRDA:30,2,0,0
BRDA:30,2,1,0
BRDA:38,3,0,0
BRDA:38,3,1,0
BRDA:64,4,0,0
BRDA:64,4,1,0
BRDA:69,5,0,0
BRDA:69,5,1,0
BRF:12
BRH:0
end_of_record
TN:
SF:src/screens/NBAStandings.js
FN:12,(anonymous_0)
FN:17,(anonymous_1)
FN:21,(anonymous_2)
FN:33,(anonymous_3)
FN:36,(anonymous_4)
FN:69,(anonymous_5)
FN:83,(anonymous_6)
FN:108,(anonymous_7)
FNF:8
FNH:0
FNDA:0,(anonymous_0)
FNDA:0,(anonymous_1)
FNDA:0,(anonymous_2)
FNDA:0,(anonymous_3)
FNDA:0,(anonymous_4)
FNDA:0,(anonymous_5)
FNDA:0,(anonymous_6)
FNDA:0,(anonymous_7)
DA:12,0
DA:13,0
DA:14,0
DA:15,0
DA:17,0
DA:18,0
DA:21,0
DA:22,0
DA:23,0
DA:24,0
DA:26,0
DA:28,0
DA:32,0
DA:33,0
DA:36,0
DA:37,0
DA:57,0
DA:69,0
DA:83,0
DA:108,0
DA:116,0
LF:21
LH:0
BRDA:24,0,0,0
BRDA:24,0,1,0
BRDA:49,1,0,0
BRDA:49,1,1,0
BRDA:67,2,0,0
BRDA:67,2,1,0
BRDA:73,3,0,0
BRDA:73,3,1,0
BRDA:81,4,0,0
BRDA:81,4,1,0
BRDA:87,5,0,0
BRDA:87,5,1,0
BRDA:102,6,0,0
BRDA:102,6,1,0
BRF:14
BRH:0
end_of_record
TN:
SF:src/screens/NFLScreen-enhanced.js
FN:18,(anonymous_0)
FN:34,(anonymous_1)
FN:50,(anonymous_2)
FN:70,(anonymous_3)
FN:76,(anonymous_4)
FN:104,(anonymous_5)
FN:110,(anonymous_6)
FN:124,(anonymous_7)
FN:131,(anonymous_8)
FN:142,(anonymous_9)
FN:149,(anonymous_10)
FN:163,(anonymous_11)
FN:191,(anonymous_12)
FN:195,(anonymous_13)
FN:231,(anonymous_14)
FN:243,(anonymous_15)
FN:259,(anonymous_16)
FN:263,(anonymous_17)
FN:285,(anonymous_18)
FN:318,(anonymous_19)
FNF:20
FNH:0
FNDA:0,(anonymous_0)
FNDA:0,(anonymous_1)
FNDA:0,(anonymous_2)
FNDA:0,(anonymous_3)
FNDA:0,(anonymous_4)
FNDA:0,(anonymous_5)
FNDA:0,(anonymous_6)
FNDA:0,(anonymous_7)
FNDA:0,(anonymous_8)
FNDA:0,(anonymous_9)
FNDA:0,(anonymous_10)
FNDA:0,(anonymous_11)
FNDA:0,(anonymous_12)
FNDA:0,(anonymous_13)
FNDA:0,(anonymous_14)
FNDA:0,(anonymous_15)
FNDA:0,(anonymous_16)
FNDA:0,(anonymous_17)
FNDA:0,(anonymous_18)
FNDA:0,(anonymous_19)
DA:18,0
DA:19,0
DA:20,0
DA:21,0
DA:22,0
DA:23,0
DA:24,0
DA:25,0
DA:26,0
DA:27,0
DA:34,0
DA:35,0
DA:36,0
DA:38,0
DA:44,0
DA:45,0
DA:46,0
DA:49,0
DA:50,0
DA:52,0
DA:53,0
DA:54,0
DA:55,0
DA:63,0
DA:65,0
DA:66,0
DA:70,0
DA:71,0
DA:72,0
DA:76,0
DA:77,0
DA:78,0
DA:82,0
DA:83,0
DA:91,0
DA:92,0
DA:104,0
DA:111,0
DA:112,0
DA:113,0
DA:115,0
DA:124,0
DA:131,0
DA:132,0
DA:143,0
DA:149,0
DA:163,0
DA:164,0
DA:191,0
DA:192,0
DA:196,0
DA:231,0
DA:232,0
DA:244,0
DA:259,0
DA:260,0
DA:264,0
DA:285,0
DA:286,0
DA:318,0
DA:319,0
DA:342,0
DA:343,0
DA:351,0
DA:379,0
LF:65
LH:0
BRDA:44,0,0,0
BRDA:44,0,1,0
BRDA:45,1,0,0
BRDA:45,1,1,0
BRDA:46,2,0,0
BRDA:46,2,1,0
BRDA:49,3,0,0
BRDA:49,3,1,0
BRDA:50,4,0,0
BRDA:50,4,1,0
BRDA:50,5,0,0
BRDA:50,5,1,0
BRDA:71,6,0,0
BRDA:71,6,1,0
BRDA:82,7,0,0
BRDA:82,7,1,0
BRDA:91,8,0,0
BRDA:91,8,1,0
BRDA:112,9,0,0
BRDA:112,9,1,0
BRDA:112,10,0,0
BRDA:112,10,1,0
BRDA:147,11,0,0
BRDA:147,11,1,0
BRDA:153,12,0,0
BRDA:153,12,1,0
BRDA:194,13,0,0
BRDA:194,13,1,0
BRDA:205,14,0,0
BRDA:205,14,1,0
BRDA:207,15,0,0
BRDA:207,15,1,0
BRDA:218,16,0,0
BRDA:218,16,1,0
BRDA:221,17,0,0
BRDA:221,17,1,0
BRDA:244,18,0,0
BRDA:244,18,1,0
BRDA:249,19,0,0
BRDA:249,19,1,0
BRDA:250,20,0,0
BRDA:250,20,1,0
BRDA:251,21,0,0
BRDA:251,21,1,0
BRDA:252,22,0,0
BRDA:252,22,1,0
BRDA:262,23,0,0
BRDA:262,23,1,0
BRDA:342,24,0,0
BRDA:342,24,1,0
BRDA:362,25,0,0
BRDA:362,25,1,0
BRDA:363,26,0,0
BRDA:363,26,1,0
BRDA:364,27,0,0
BRDA:364,27,1,0
BRF:56
BRH:0
end_of_record
TN:
SF:src/screens/NFLScreen.js
FN:16,NFLScreen
FN:24,(anonymous_1)
FN:28,(anonymous_2)
FN:72,(anonymous_3)
FN:77,(anonymous_4)
FN:133,(anonymous_5)
FN:178,(anonymous_6)
FN:237,(anonymous_7)
FN:246,(anonymous_8)
FN:255,(anonymous_9)
FNF:10
FNH:0
FNDA:0,NFLScreen
FNDA:0,(anonymous_1)
FNDA:0,(anonymous_2)
FNDA:0,(anonymous_3)
FNDA:0,(anonymous_4)
FNDA:0,(anonymous_5)
FNDA:0,(anonymous_6)
FNDA:0,(anonymous_7)
FNDA:0,(anonymous_8)
FNDA:0,(anonymous_9)
DA:17,0
DA:18,0
DA:19,0
DA:20,0
DA:21,0
DA:22,0
DA:24,0
DA:25,0
DA:28,0
DA:29,0
DA:30,0
DA:31,0
DA:34,0
DA:41,0
DA:47,0
DA:53,0
DA:60,0
DA:61,0
DA:63,0
DA:64,0
DA:65,0
DA:67,0
DA:68,0
DA:72,0
DA:73,0
DA:74,0
DA:77,0
DA:78,0
DA:80,0
DA:133,0
DA:134,0
DA:136,0
DA:178,0
DA:179,0
DA:181,0
DA:205,0
DA:206,0
DA:214,0
DA:237,0
DA:246,0
DA:255,0
DA:269,0
LF:42
LH:0
BRDA:42,0,0,0
BRDA:42,0,1,0
BRDA:43,1,0,0
BRDA:43,1,1,0
BRDA:43,1,2,0
BRDA:48,2,0,0
BRDA:48,2,1,0
BRDA:49,3,0,0
BRDA:49,3,1,0
BRDA:49,3,2,0
BRDA:54,4,0,0
BRDA:54,4,1,0
BRDA:55,5,0,0
BRDA:55,5,1,0
BRDA:55,5,2,0
BRDA:78,6,0,0
BRDA:78,6,1,0
BRDA:78,7,0,0
BRDA:78,7,1,0
BRDA:78,8,0,0
BRDA:78,8,1,0
BRDA:88,9,0,0
BRDA:88,9,1,0
BRDA:88,9,2,0
BRDA:101,10,0,0
BRDA:101,10,1,0
BRDA:115,11,0,0
BRDA:115,11,1,0
BRDA:122,12,0,0
BRDA:122,12,1,0
BRDA:122,12,2,0
BRDA:125,13,0,0
BRDA:125,13,1,0
BRDA:125,13,2,0
BRDA:134,14,0,0
BRDA:134,14,1,0
BRDA:134,15,0,0
BRDA:134,15,1,0
BRDA:140,16,0,0
BRDA:140,16,1,0
BRDA:151,17,0,0
BRDA:151,17,1,0
BRDA:154,18,0,0
BRDA:154,18,1,0
BRDA:157,19,0,0
BRDA:157,19,1,0
BRDA:160,20,0,0
BRDA:160,20,1,0
BRDA:168,21,0,0
BRDA:168,21,1,0
BRDA:179,22,0,0
BRDA:179,22,1,0
BRDA:179,23,0,0
BRDA:179,23,1,0
BRDA:195,24,0,0
BRDA:195,24,1,0
BRDA:205,25,0,0
BRDA:205,25,1,0
BRDA:205,26,0,0
BRDA:205,26,1,0
BRDA:226,27,0,0
BRDA:226,27,1,0
BRDA:233,28,0,0
BRDA:233,28,1,0
BRDA:242,29,0,0
BRDA:242,29,1,0
BRDA:251,30,0,0
BRDA:251,30,1,0
BRDA:259,31,0,0
BRDA:259,31,1,0
BRDA:259,31,2,0
BRDA:259,31,3,0
BRDA:259,31,4,0
BRF:73
BRH:0
end_of_record
TN:
SF:src/screens/NHLScreen-enhanced.js
FN:16,(anonymous_0)
FN:30,(anonymous_1)
FN:45,(anonymous_2)
FN:66,(anonymous_3)
FN:70,(anonymous_4)
FN:75,(anonymous_5)
FN:86,(anonymous_6)
FN:93,(anonymous_7)
FN:107,(anonymous_8)
FN:135,(anonymous_9)
FN:139,(anonymous_10)
FN:167,(anonymous_11)
FN:176,(anonymous_12)
FN:190,(anonymous_13)
FN:193,(anonymous_14)
FNF:15
FNH:0
FNDA:0,(anonymous_0)
FNDA:0,(anonymous_1)
FNDA:0,(anonymous_2)
FNDA:0,(anonymous_3)
FNDA:0,(anonymous_4)
FNDA:0,(anonymous_5)
FNDA:0,(anonymous_6)
FNDA:0,(anonymous_7)
FNDA:0,(anonymous_8)
FNDA:0,(anonymous_9)
FNDA:0,(anonymous_10)
FNDA:0,(anonymous_11)
FNDA:0,(anonymous_12)
FNDA:0,(anonymous_13)
FNDA:0,(anonymous_14)
DA:16,0
DA:17,0
DA:18,0
DA:19,0
DA:20,0
DA:21,0
DA:22,0
DA:23,0
DA:30,0
DA:31,0
DA:32,0
DA:34,0
DA:40,0
DA:41,0
DA:42,0
DA:45,0
DA:46,0
DA:48,0
DA:49,0
DA:50,0
DA:51,0
DA:59,0
DA:61,0
DA:62,0
DA:66,0
DA:67,0
DA:70,0
DA:71,0
DA:72,0
DA:75,0
DA:76,0
DA:87,0
DA:93,0
DA:107,0
DA:108,0
DA:135,0
DA:136,0
DA:140,0
DA:167,0
DA:168,0
DA:177,0
DA:190,0
DA:191,0
DA:194,0
DA:222,0
DA:223,0
DA:231,0
DA:268,0
LF:48
LH:0
BRDA:40,0,0,0
BRDA:40,0,1,0
BRDA:41,1,0,0
BRDA:41,1,1,0
BRDA:42,2,0,0
BRDA:42,2,1,0
BRDA:45,3,0,0
BRDA:45,3,1,0
BRDA:45,4,0,0
BRDA:45,4,1,0
BRDA:46,5,0,0
BRDA:46,5,1,0
BRDA:91,6,0,0
BRDA:91,6,1,0
BRDA:97,7,0,0
BRDA:97,7,1,0
BRDA:138,8,0,0
BRDA:138,8,1,0
BRDA:177,9,0,0
BRDA:177,9,1,0
BRDA:182,10,0,0
BRDA:182,10,1,0
BRDA:183,11,0,0
BRDA:183,11,1,0
BRDA:184,12,0,0
BRDA:184,12,1,0
BRDA:194,13,0,0
BRDA:194,13,1,0
BRDA:202,14,0,0
BRDA:202,14,1,0
BRDA:206,15,0,0
BRDA:206,15,1,0
BRDA:210,16,0,0
BRDA:210,16,1,0
BRDA:214,17,0,0
BRDA:214,17,1,0
BRDA:222,18,0,0
BRDA:222,18,1,0
BRDA:242,19,0,0
BRDA:242,19,1,0
BRDA:243,20,0,0
BRDA:243,20,1,0
BRDA:244,21,0,0
BRDA:244,21,1,0
BRF:44
BRH:0
end_of_record
TN:
SF:src/screens/NHLScreen.js
FN:16,NHLScreen
FN:24,(anonymous_1)
FN:28,(anonymous_2)
FN:72,(anonymous_3)
FN:77,(anonymous_4)
FN:152,(anonymous_5)
FN:197,(anonymous_6)
FN:293,(anonymous_7)
FN:302,(anonymous_8)
FN:311,(anonymous_9)
FNF:10
FNH:0
FNDA:0,NHLScreen
FNDA:0,(anonymous_1)
FNDA:0,(anonymous_2)
FNDA:0,(anonymous_3)
FNDA:0,(anonymous_4)
FNDA:0,(anonymous_5)
FNDA:0,(anonymous_6)
FNDA:0,(anonymous_7)
FNDA:0,(anonymous_8)
FNDA:0,(anonymous_9)
DA:17,0
DA:18,0
DA:19,0
DA:20,0
DA:21,0
DA:22,0
DA:24,0
DA:25,0
DA:28,0
DA:29,0
DA:30,0
DA:31,0
DA:34,0
DA:41,0
DA:47,0
DA:53,0
DA:60,0
DA:61,0
DA:63,0
DA:64,0
DA:65,0
DA:67,0
DA:68,0
DA:72,0
DA:73,0
DA:74,0
DA:77,0
DA:78,0
DA:81,0
DA:82,0
DA:83,0
DA:84,0
DA:85,0
DA:86,0
DA:87,0
DA:89,0
DA:152,0
DA:153,0
DA:155,0
DA:197,0
DA:198,0
DA:200,0
DA:261,0
DA:262,0
DA:270,0
DA:293,0
DA:302,0
DA:311,0
DA:325,0
LF:49
LH:0
BRDA:42,0,0,0
BRDA:42,0,1,0
BRDA:43,1,0,0
BRDA:43,1,1,0
BRDA:43,1,2,0
BRDA:48,2,0,0
BRDA:48,2,1,0
BRDA:49,3,0,0
BRDA:49,3,1,0
BRDA:49,3,2,0
BRDA:54,4,0,0
BRDA:54,4,1,0
BRDA:55,5,0,0
BRDA:55,5,1,0
BRDA:55,5,2,0
BRDA:78,6,0,0
BRDA:78,6,1,0
BRDA:78,7,0,0
BRDA:78,7,1,0
BRDA:78,8,0,0
BRDA:78,8,1,0
BRDA:81,9,0,0
BRDA:81,9,1,0
BRDA:81,9,2,0
BRDA:82,10,0,0
BRDA:82,10,1,0
BRDA:82,10,2,0
BRDA:83,11,0,0
BRDA:83,11,1,0
BRDA:83,11,2,0
BRDA:84,12,0,0
BRDA:84,12,1,0
BRDA:84,12,2,0
BRDA:85,13,0,0
BRDA:85,13,1,0
BRDA:86,14,0,0
BRDA:86,14,1,0
BRDA:86,14,2,0
BRDA:87,15,0,0
BRDA:87,15,1,0
BRDA:87,15,2,0
BRDA:132,16,0,0
BRDA:132,16,1,0
BRDA:135,17,0,0
BRDA:135,17,1,0
BRDA:139,18,0,0
BRDA:139,18,1,0
BRDA:153,19,0,0
BRDA:153,19,1,0
BRDA:153,20,0,0
BRDA:153,20,1,0
BRDA:159,21,0,0
BRDA:159,21,1,0
BRDA:170,22,0,0
BRDA:170,22,1,0
BRDA:173,23,0,0
BRDA:173,23,1,0
BRDA:176,24,0,0
BRDA:176,24,1,0
BRDA:179,25,0,0
BRDA:179,25,1,0
BRDA:187,26,0,0
BRDA:187,26,1,0
BRDA:198,27,0,0
BRDA:198,27,1,0
BRDA:198,28,0,0
BRDA:198,28,1,0
BRDA:225,29,0,0
BRDA:225,29,1,0
BRDA:225,29,2,0
BRDA:231,30,0,0
BRDA:231,30,1,0
BRDA:231,30,2,0
BRDA:237,31,0,0
BRDA:237,31,1,0
BRDA:237,31,2,0
BRDA:243,32,0,0
BRDA:243,32,1,0
BRDA:243,32,2,0
BRDA:250,33,0,0
BRDA:250,33,1,0
BRDA:250,34,0,0
BRDA:250,34,1,0
BRDA:252,35,0,0
BRDA:252,35,1,0
BRDA:261,36,0,0
BRDA:261,36,1,0
BRDA:261,37,0,0
BRDA:261,37,1,0
BRDA:282,38,0,0
BRDA:282,38,1,0
BRDA:289,39,0,0
BRDA:289,39,1,0
BRDA:298,40,0,0
BRDA:298,40,1,0
BRDA:307,41,0,0
BRDA:307,41,1,0
BRDA:315,42,0,0
BRDA:315,42,1,0
BRDA:315,42,2,0
BRDA:315,42,3,0
BRDA:315,42,4,0
BRF:102
BRH:0
end_of_record
TN:
SF:src/screens/NflAnalyticsScreen.js
FN:18,(anonymous_0)
FN:34,(anonymous_1)
FN:50,(anonymous_2)
FN:70,(anonymous_3)
FN:76,(anonymous_4)
FN:104,(anonymous_5)
FN:110,(anonymous_6)
FN:124,(anonymous_7)
FN:131,(anonymous_8)
FN:142,(anonymous_9)
FN:149,(anonymous_10)
FN:163,(anonymous_11)
FN:191,(anonymous_12)
FN:195,(anonymous_13)
FN:231,(anonymous_14)
FN:243,(anonymous_15)
FN:259,(anonymous_16)
FN:263,(anonymous_17)
FN:285,(anonymous_18)
FN:318,(anonymous_19)
FNF:20
FNH:0
FNDA:0,(anonymous_0)
FNDA:0,(anonymous_1)
FNDA:0,(anonymous_2)
FNDA:0,(anonymous_3)
FNDA:0,(anonymous_4)
FNDA:0,(anonymous_5)
FNDA:0,(anonymous_6)
FNDA:0,(anonymous_7)
FNDA:0,(anonymous_8)
FNDA:0,(anonymous_9)
FNDA:0,(anonymous_10)
FNDA:0,(anonymous_11)
FNDA:0,(anonymous_12)
FNDA:0,(anonymous_13)
FNDA:0,(anonymous_14)
FNDA:0,(anonymous_15)
FNDA:0,(anonymous_16)
FNDA:0,(anonymous_17)
FNDA:0,(anonymous_18)
FNDA:0,(anonymous_19)
DA:18,0
DA:19,0
DA:20,0
DA:21,0
DA:22,0
DA:23,0
DA:24,0
DA:25,0
DA:26,0
DA:27,0
DA:34,0
DA:35,0
DA:36,0
DA:38,0
DA:44,0
DA:45,0
DA:46,0
DA:49,0
DA:50,0
DA:52,0
DA:53,0
DA:54,0
DA:55,0
DA:63,0
DA:65,0
DA:66,0
DA:70,0
DA:71,0
DA:72,0
DA:76,0
DA:77,0
DA:78,0
DA:82,0
DA:83,0
DA:91,0
DA:92,0
DA:104,0
DA:111,0
DA:112,0
DA:113,0
DA:115,0
DA:124,0
DA:131,0
DA:132,0
DA:143,0
DA:149,0
DA:163,0
DA:164,0
DA:191,0
DA:192,0
DA:196,0
DA:231,0
DA:232,0
DA:244,0
DA:259,0
DA:260,0
DA:264,0
DA:285,0
DA:286,0
DA:318,0
DA:319,0
DA:342,0
DA:343,0
DA:351,0
DA:379,0
LF:65
LH:0
BRDA:44,0,0,0
BRDA:44,0,1,0
BRDA:45,1,0,0
BRDA:45,1,1,0
BRDA:46,2,0,0
BRDA:46,2,1,0
BRDA:49,3,0,0
BRDA:49,3,1,0
BRDA:50,4,0,0
BRDA:50,4,1,0
BRDA:50,5,0,0
BRDA:50,5,1,0
BRDA:71,6,0,0
BRDA:71,6,1,0
BRDA:82,7,0,0
BRDA:82,7,1,0
BRDA:91,8,0,0
BRDA:91,8,1,0
BRDA:112,9,0,0
BRDA:112,9,1,0
BRDA:112,10,0,0
BRDA:112,10,1,0
BRDA:147,11,0,0
BRDA:147,11,1,0
BRDA:153,12,0,0
BRDA:153,12,1,0
BRDA:194,13,0,0
BRDA:194,13,1,0
BRDA:205,14,0,0
BRDA:205,14,1,0
BRDA:207,15,0,0
BRDA:207,15,1,0
BRDA:218,16,0,0
BRDA:218,16,1,0
BRDA:221,17,0,0
BRDA:221,17,1,0
BRDA:244,18,0,0
BRDA:244,18,1,0
BRDA:249,19,0,0
BRDA:249,19,1,0
BRDA:250,20,0,0
BRDA:250,20,1,0
BRDA:251,21,0,0
BRDA:251,21,1,0
BRDA:252,22,0,0
BRDA:252,22,1,0
BRDA:262,23,0,0
BRDA:262,23,1,0
BRDA:342,24,0,0
BRDA:342,24,1,0
BRDA:362,25,0,0
BRDA:362,25,1,0
BRDA:363,26,0,0
BRDA:363,26,1,0
BRDA:364,27,0,0
BRDA:364,27,1,0
BRF:56
BRH:0
end_of_record
TN:
SF:src/screens/NhlAnalyticsScreen.js
FN:16,(anonymous_0)
FN:30,(anonymous_1)
FN:45,(anonymous_2)
FN:66,(anonymous_3)
FN:70,(anonymous_4)
FN:75,(anonymous_5)
FN:86,(anonymous_6)
FN:93,(anonymous_7)
FN:107,(anonymous_8)
FN:135,(anonymous_9)
FN:139,(anonymous_10)
FN:167,(anonymous_11)
FN:176,(anonymous_12)
FN:190,(anonymous_13)
FN:193,(anonymous_14)
FNF:15
FNH:0
FNDA:0,(anonymous_0)
FNDA:0,(anonymous_1)
FNDA:0,(anonymous_2)
FNDA:0,(anonymous_3)
FNDA:0,(anonymous_4)
FNDA:0,(anonymous_5)
FNDA:0,(anonymous_6)
FNDA:0,(anonymous_7)
FNDA:0,(anonymous_8)
FNDA:0,(anonymous_9)
FNDA:0,(anonymous_10)
FNDA:0,(anonymous_11)
FNDA:0,(anonymous_12)
FNDA:0,(anonymous_13)
FNDA:0,(anonymous_14)
DA:16,0
DA:17,0
DA:18,0
DA:19,0
DA:20,0
DA:21,0
DA:22,0
DA:23,0
DA:30,0
DA:31,0
DA:32,0
DA:34,0
DA:40,0
DA:41,0
DA:42,0
DA:45,0
DA:46,0
DA:48,0
DA:49,0
DA:50,0
DA:51,0
DA:59,0
DA:61,0
DA:62,0
DA:66,0
DA:67,0
DA:70,0
DA:71,0
DA:72,0
DA:75,0
DA:76,0
DA:87,0
DA:93,0
DA:107,0
DA:108,0
DA:135,0
DA:136,0
DA:140,0
DA:167,0
DA:168,0
DA:177,0
DA:190,0
DA:191,0
DA:194,0
DA:222,0
DA:223,0
DA:231,0
DA:268,0
LF:48
LH:0
BRDA:40,0,0,0
BRDA:40,0,1,0
BRDA:41,1,0,0
BRDA:41,1,1,0
BRDA:42,2,0,0
BRDA:42,2,1,0
BRDA:45,3,0,0
BRDA:45,3,1,0
BRDA:45,4,0,0
BRDA:45,4,1,0
BRDA:46,5,0,0
BRDA:46,5,1,0
BRDA:91,6,0,0
BRDA:91,6,1,0
BRDA:97,7,0,0
BRDA:97,7,1,0
BRDA:138,8,0,0
BRDA:138,8,1,0
BRDA:177,9,0,0
BRDA:177,9,1,0
BRDA:182,10,0,0
BRDA:182,10,1,0
BRDA:183,11,0,0
BRDA:183,11,1,0
BRDA:184,12,0,0
BRDA:184,12,1,0
BRDA:194,13,0,0
BRDA:194,13,1,0
BRDA:202,14,0,0
BRDA:202,14,1,0
BRDA:206,15,0,0
BRDA:206,15,1,0
BRDA:210,16,0,0
BRDA:210,16,1,0
BRDA:214,17,0,0
BRDA:214,17,1,0
BRDA:222,18,0,0
BRDA:222,18,1,0
BRDA:242,19,0,0
BRDA:242,19,1,0
BRDA:243,20,0,0
BRDA:243,20,1,0
BRDA:244,21,0,0
BRDA:244,21,1,0
BRF:44
BRH:0
end_of_record
TN:
SF:src/screens/NotificationSettingsScreen.js
FN:13,NotificationSettingsScreen
FN:21,(anonymous_1)
FN:25,(anonymous_2)
FN:31,(anonymous_3)
FNF:4
FNH:0
FNDA:0,NotificationSettingsScreen
FNDA:0,(anonymous_1)
FNDA:0,(anonymous_2)
FNDA:0,(anonymous_3)
DA:14,0
DA:15,0
DA:16,0
DA:17,0
DA:18,0
DA:19,0
DA:21,0
DA:22,0
DA:25,0
DA:26,0
DA:27,0
DA:28,0
DA:31,0
DA:32,0
DA:33,0
DA:34,0
DA:35,0
DA:37,0
DA:38,0
DA:44,0
DA:45,0
DA:49,0
DA:50,0
DA:59,0
DA:60,0
DA:67,0
DA:138,0
LF:27
LH:0
BRDA:32,0,0,0
BRDA:32,0,1,0
BRDA:37,1,0,0
BRDA:37,1,1,0
BRDA:49,2,0,0
BRDA:49,2,1,0
BRDA:59,3,0,0
BRDA:59,3,1,0
BRDA:84,4,0,0
BRDA:84,4,1,0
BRF:10
BRH:0
end_of_record
TN:
SF:src/screens/PlayerStatsScreen-enhanced.js
FN:20,(anonymous_0)
FN:167,(anonymous_1)
FN:176,(anonymous_2)
FN:177,(anonymous_3)
FN:178,(anonymous_4)
FN:179,(anonymous_5)
FN:200,(anonymous_6)
FN:204,(anonymous_7)
FN:209,(anonymous_8)
FN:218,(anonymous_9)
FN:223,(anonymous_10)
FN:234,(anonymous_11)
FN:241,(anonymous_12)
FN:259,(anonymous_13)
FN:271,(anonymous_14)
FN:279,(anonymous_15)
FN:303,(anonymous_16)
FN:310,(anonymous_17)
FN:389,(anonymous_18)
FN:396,(anonymous_19)
FN:422,(anonymous_20)
FN:463,(anonymous_21)
FN:513,(anonymous_22)
FNF:23
FNH:0
FNDA:0,(anonymous_0)
FNDA:0,(anonymous_1)
FNDA:0,(anonymous_2)
FNDA:0,(anonymous_3)
FNDA:0,(anonymous_4)
FNDA:0,(anonymous_5)
FNDA:0,(anonymous_6)
FNDA:0,(anonymous_7)
FNDA:0,(anonymous_8)
FNDA:0,(anonymous_9)
FNDA:0,(anonymous_10)
FNDA:0,(anonymous_11)
FNDA:0,(anonymous_12)
FNDA:0,(anonymous_13)
FNDA:0,(anonymous_14)
FNDA:0,(anonymous_15)
FNDA:0,(anonymous_16)
FNDA:0,(anonymous_17)
FNDA:0,(anonymous_18)
FNDA:0,(anonymous_19)
FNDA:0,(anonymous_20)
FNDA:0,(anonymous_21)
FNDA:0,(anonymous_22)
DA:18,0
DA:20,0
DA:21,0
DA:22,0
DA:23,0
DA:24,0
DA:25,0
DA:26,0
DA:27,0
DA:28,0
DA:35,0
DA:37,0
DA:167,0
DA:168,0
DA:169,0
DA:172,0
DA:175,0
DA:176,0
DA:177,0
DA:178,0
DA:179,0
DA:181,0
DA:189,0
DA:190,0
DA:193,0
DA:195,0
DA:196,0
DA:200,0
DA:201,0
DA:204,0
DA:206,0
DA:207,0
DA:209,0
DA:210,0
DA:214,0
DA:218,0
DA:219,0
DA:220,0
DA:223,0
DA:224,0
DA:235,0
DA:242,0
DA:243,0
DA:244,0
DA:259,0
DA:260,0
DA:271,0
DA:279,0
DA:280,0
DA:303,0
DA:304,0
DA:310,0
DA:389,0
DA:390,0
DA:392,0
DA:396,0
DA:423,0
DA:464,0
DA:474,0
DA:475,0
DA:483,0
DA:513,0
DA:537,0
LF:63
LH:0
BRDA:172,0,0,0
BRDA:172,0,1,0
BRDA:175,1,0,0
BRDA:175,1,1,0
BRDA:176,2,0,0
BRDA:176,2,1,0
BRDA:177,3,0,0
BRDA:177,3,1,0
BRDA:178,4,0,0
BRDA:178,4,1,0
BRDA:179,5,0,0
BRDA:179,5,1,0
BRDA:206,6,0,0
BRDA:206,6,1,0
BRDA:210,7,0,0
BRDA:210,7,1,0
BRDA:210,7,2,0
BRDA:239,8,0,0
BRDA:239,8,1,0
BRDA:249,9,0,0
BRDA:249,9,1,0
BRDA:270,10,0,0
BRDA:270,10,1,0
BRDA:308,11,0,0
BRDA:308,11,1,0
BRDA:323,12,0,0
BRDA:323,12,1,0
BRDA:323,13,0,0
BRDA:323,13,1,0
BRDA:325,14,0,0
BRDA:325,14,1,0
BRDA:325,15,0,0
BRDA:325,15,1,0
BRDA:328,16,0,0
BRDA:328,16,1,0
BRDA:328,17,0,0
BRDA:328,17,1,0
BRDA:334,18,0,0
BRDA:334,18,1,0
BRDA:353,19,0,0
BRDA:353,19,1,0
BRDA:390,20,0,0
BRDA:390,20,1,0
BRDA:474,21,0,0
BRDA:474,21,1,0
BRDA:512,22,0,0
BRDA:512,22,1,0
BRF:47
BRH:0
end_of_record
TN:
SF:src/screens/PlayerStatsScreen-offline.js
FN:4,(anonymous_0)
FNF:1
FNH:0
FNDA:0,(anonymous_0)
DA:4,0
DA:5,0
DA:38,0
LF:3
LH:0
BRF:0
BRH:0
end_of_record
TN:
SF:src/screens/PlayerStatsScreen.js
FN:4,PlayerStatsScreen
FN:10,(anonymous_1)
FN:14,(anonymous_2)
FN:27,(anonymous_3)
FN:32,(anonymous_4)
FN:34,(anonymous_5)
FN:38,(anonymous_6)
FN:65,(anonymous_7)
FN:69,(anonymous_8)
FN:88,(anonymous_9)
FN:124,(anonymous_10)
FN:128,(anonymous_11)
FNF:12
FNH:0
FNDA:0,PlayerStatsScreen
FNDA:0,(anonymous_1)
FNDA:0,(anonymous_2)
FNDA:0,(anonymous_3)
FNDA:0,(anonymous_4)
FNDA:0,(anonymous_5)
FNDA:0,(anonymous_6)
FNDA:0,(anonymous_7)
FNDA:0,(anonymous_8)
FNDA:0,(anonymous_9)
FNDA:0,(anonymous_10)
FNDA:0,(anonymous_11)
DA:5,0
DA:6,0
DA:7,0
DA:8,0
DA:10,0
DA:11,0
DA:14,0
DA:15,0
DA:27,0
DA:28,0
DA:29,0
DA:32,0
DA:33,0
DA:34,0
DA:35,0
DA:38,0
DA:39,0
DA:43,0
DA:66,0
DA:69,0
DA:88,0
DA:125,0
DA:128,0
DA:149,0
LF:24
LH:0
BRDA:29,0,0,0
BRDA:29,0,1,0
BRDA:39,1,0,0
BRDA:39,1,1,0
BRDA:68,2,0,0
BRDA:68,2,1,0
BRDA:71,3,0,0
BRDA:71,3,1,0
BRDA:80,4,0,0
BRDA:80,4,1,0
BRF:10
BRH:0
end_of_record
TN:
SF:src/screens/PremiumAccessPaywall.js
FN:16,(anonymous_0)
FN:54,(anonymous_1)
FN:60,(anonymous_2)
FN:68,(anonymous_3)
FN:107,(anonymous_4)
FN:130,(anonymous_5)
FN:149,(anonymous_6)
FN:163,(anonymous_7)
FN:195,(anonymous_8)
FN:211,(anonymous_9)
FN:218,(anonymous_10)
FN:272,(anonymous_11)
FN:283,(anonymous_12)
FNF:13
FNH:0
FNDA:0,(anonymous_0)
FNDA:0,(anonymous_1)
FNDA:0,(anonymous_2)
FNDA:0,(anonymous_3)
FNDA:0,(anonymous_4)
FNDA:0,(anonymous_5)
FNDA:0,(anonymous_6)
FNDA:0,(anonymous_7)
FNDA:0,(anonymous_8)
FNDA:0,(anonymous_9)
FNDA:0,(anonymous_10)
FNDA:0,(anonymous_11)
FNDA:0,(anonymous_12)
DA:16,0
DA:17,0
DA:18,0
DA:19,0
DA:21,0
DA:54,0
DA:55,0
DA:56,0
DA:60,0
DA:61,0
DA:63,0
DA:65,0
DA:66,0
DA:68,0
DA:69,0
DA:72,0
DA:103,0
DA:107,0
DA:108,0
DA:109,0
DA:110,0
DA:112,0
DA:113,0
DA:119,0
DA:120,0
DA:124,0
DA:126,0
DA:130,0
DA:131,0
DA:132,0
DA:133,0
DA:134,0
DA:135,0
DA:136,0
DA:138,0
DA:141,0
DA:144,0
DA:149,0
DA:150,0
DA:151,0
DA:152,0
DA:153,0
DA:160,0
DA:163,0
DA:164,0
DA:167,0
DA:196,0
DA:212,0
DA:218,0
DA:272,0
DA:283,0
DA:305,0
LF:52
LH:0
BRDA:55,0,0,0
BRDA:55,0,1,0
BRDA:65,1,0,0
BRDA:65,1,1,0
BRDA:65,2,0,0
BRDA:65,2,1,0
BRDA:69,3,0,0
BRDA:69,3,1,0
BRDA:112,4,0,0
BRDA:112,4,1,0
BRDA:119,5,0,0
BRDA:119,5,1,0
BRDA:120,6,0,0
BRDA:120,6,1,0
BRDA:124,7,0,0
BRDA:124,7,1,0
BRDA:133,8,0,0
BRDA:133,8,1,0
BRDA:134,9,0,0
BRDA:134,9,1,0
BRDA:141,10,0,0
BRDA:141,10,1,0
BRDA:150,11,0,0
BRDA:150,11,1,0
BRDA:152,12,0,0
BRDA:152,12,1,0
BRDA:164,13,0,0
BRDA:164,13,1,0
BRDA:216,14,0,0
BRDA:216,14,1,0
BRDA:222,15,0,0
BRDA:222,15,1,0
BRDA:233,16,0,0
BRDA:233,16,1,0
BRDA:271,17,0,0
BRDA:271,17,1,0
BRDA:279,18,0,0
BRDA:279,18,1,0
BRDA:283,19,0,0
BRDA:283,19,1,0
BRDA:311,20,0,0
BRDA:311,20,1,0
BRF:42
BRH:0
end_of_record
TN:
SF:src/screens/PremiumPaywallScreen.js
FN:15,(anonymous_0)
FN:80,(anonymous_1)
FN:89,(anonymous_2)
FN:105,(anonymous_3)
FN:143,(anonymous_4)
FN:159,(anonymous_5)
FN:166,(anonymous_6)
FN:206,(anonymous_7)
FNF:8
FNH:0
FNDA:0,(anonymous_0)
FNDA:0,(anonymous_1)
FNDA:0,(anonymous_2)
FNDA:0,(anonymous_3)
FNDA:0,(anonymous_4)
FNDA:0,(anonymous_5)
FNDA:0,(anonymous_6)
FNDA:0,(anonymous_7)
DA:15,0
DA:16,0
DA:17,0
DA:20,0
DA:47,0
DA:80,0
DA:81,0
DA:82,0
DA:83,0
DA:89,0
DA:91,0
DA:98,0
DA:99,0
DA:101,0
DA:105,0
DA:106,0
DA:109,0
DA:111,0
DA:115,0
DA:144,0
DA:160,0
DA:166,0
DA:206,0
DA:239,0
LF:24
LH:0
BRDA:164,0,0,0
BRDA:164,0,1,0
BRDA:170,1,0,0
BRDA:170,1,1,0
BRDA:172,2,0,0
BRDA:172,2,1,0
BRDA:182,3,0,0
BRDA:182,3,1,0
BRDA:205,4,0,0
BRDA:205,4,1,0
BRDA:213,5,0,0
BRDA:213,5,1,0
BRDA:217,6,0,0
BRDA:217,6,1,0
BRDA:245,7,0,0
BRDA:245,7,1,0
BRF:16
BRH:0
end_of_record
TN:
SF:src/screens/PremiumScreen.js
FN:4,PremiumScreen
FN:57,(anonymous_1)
FN:85,(anonymous_2)
FN:93,(anonymous_3)
FN:110,(anonymous_4)
FN:119,(anonymous_5)
FNF:6
FNH:0
FNDA:0,PremiumScreen
FNDA:0,(anonymous_1)
FNDA:0,(anonymous_2)
FNDA:0,(anonymous_3)
FNDA:0,(anonymous_4)
FNDA:0,(anonymous_5)
DA:5,0
DA:7,0
DA:57,0
DA:59,0
DA:86,0
DA:93,0
DA:111,0
DA:119,0
DA:178,0
LF:9
LH:0
BRDA:90,0,0,0
BRDA:90,0,1,0
BRDA:91,1,0,0
BRDA:91,1,1,0
BRDA:95,2,0,0
BRDA:95,2,1,0
BRDA:122,3,0,0
BRDA:122,3,1,0
BRF:8
BRH:0
end_of_record
TN:
SF:src/screens/ProfileScreen.js
FN:14,(anonymous_0)
FN:18,(anonymous_1)
FN:22,(anonymous_2)
FN:63,(anonymous_3)
FN:88,(anonymous_4)
FN:100,(anonymous_5)
FNF:6
FNH:0
FNDA:0,(anonymous_0)
FNDA:0,(anonymous_1)
FNDA:0,(anonymous_2)
FNDA:0,(anonymous_3)
FNDA:0,(anonymous_4)
FNDA:0,(anonymous_5)
DA:14,0
DA:15,0
DA:16,0
DA:18,0
DA:19,0
DA:22,0
DA:23,0
DA:25,0
DA:26,0
DA:28,0
DA:29,0
DA:32,0
DA:33,0
DA:36,0
DA:40,0
DA:63,0
DA:88,0
DA:100,0
DA:156,0
LF:19
LH:0
BRDA:28,0,0,0
BRDA:28,0,1,0
BRDA:32,1,0,0
BRDA:32,1,1,0
BRDA:46,2,0,0
BRDA:46,2,1,0
BRDA:51,3,0,0
BRDA:51,3,1,0
BRDA:54,4,0,0
BRDA:54,4,1,0
BRDA:67,5,0,0
BRDA:67,5,1,0
BRDA:68,6,0,0
BRDA:68,6,1,0
BRDA:70,7,0,0
BRDA:70,7,1,0
BRDA:71,8,0,0
BRDA:71,8,1,0
BRDA:75,9,0,0
BRDA:75,9,1,0
BRDA:77,10,0,0
BRDA:77,10,1,0
BRDA:91,11,0,0
BRDA:91,11,1,0
BRF:24
BRH:0
end_of_record
TN:
SF:src/screens/PromoTestScreen.js
FN:5,PromoTestScreen
FN:11,(anonymous_1)
FN:24,(anonymous_2)
FN:28,(anonymous_3)
FNF:4
FNH:0
FNDA:0,PromoTestScreen
FNDA:0,(anonymous_1)
FNDA:0,(anonymous_2)
FNDA:0,(anonymous_3)
DA:6,0
DA:11,0
DA:12,0
DA:15,0
DA:25,0
DA:28,0
DA:45,0
LF:7
LH:0
BRF:0
BRH:0
end_of_record
TN:
SF:src/screens/RegisterScreen.js
FN:14,RegisterScreen
FN:22,(anonymous_1)
FN:104,(anonymous_2)
FNF:3
FNH:0
FNDA:0,RegisterScreen
FNDA:0,(anonymous_1)
FNDA:0,(anonymous_2)
DA:15,0
DA:16,0
DA:17,0
DA:18,0
DA:19,0
DA:20,0
DA:22,0
DA:23,0
DA:24,0
DA:25,0
DA:28,0
DA:29,0
DA:30,0
DA:33,0
DA:34,0
DA:35,0
DA:38,0
DA:39,0
DA:40,0
DA:42,0
DA:43,0
DA:47,0
DA:104,0
DA:115,0
LF:24
LH:0
BRDA:23,0,0,0
BRDA:23,0,1,0
BRDA:23,1,0,0
BRDA:23,1,1,0
BRDA:23,1,2,0
BRDA:28,2,0,0
BRDA:28,2,1,0
BRDA:33,3,0,0
BRDA:33,3,1,0
BRDA:42,4,0,0
BRDA:42,4,1,0
BRDA:50,5,0,0
BRDA:50,5,1,0
BRDA:93,6,0,0
BRDA:93,6,1,0
BRDA:98,7,0,0
BRDA:98,7,1,0
BRF:17
BRH:0
end_of_record
TN:
SF:src/screens/SettingsScreen-backup.js
FN:4,SettingsScreen
FNF:1
FNH:0
FNDA:0,SettingsScreen
DA:5,0
DA:13,0
LF:2
LH:0
BRF:0
BRH:0
end_of_record
TN:
SF:src/screens/SettingsScreen-offline.js
FN:4,(anonymous_0)
FNF:1
FNH:0
FNDA:0,(anonymous_0)
DA:4,0
DA:5,0
DA:61,0
LF:3
LH:0
BRF:0
BRH:0
end_of_record
TN:
SF:src/screens/SettingsScreen.js
FN:5,SettingsScreen
FNF:1
FNH:0
FNDA:0,SettingsScreen
DA:6,0
DA:7,0
DA:9,0
DA:49,0
LF:4
LH:0
BRF:0
BRH:0
end_of_record
TN:
SF:src/screens/SimplePromoTest.js
FN:4,(anonymous_0)
FNF:1
FNH:0
FNDA:0,(anonymous_0)
DA:4,0
DA:5,0
DA:13,0
LF:3
LH:0
BRF:0
BRH:0
end_of_record
TN:
SF:src/screens/SportsNewsHub-enhanced.js
FN:22,(anonymous_0)
FN:42,(anonymous_1)
FN:51,(anonymous_2)
FN:52,(anonymous_3)
FN:55,(anonymous_4)
FN:112,(anonymous_5)
FN:118,(anonymous_6)
FN:146,(anonymous_7)
FN:152,(anonymous_8)
FN:166,(anonymous_9)
FN:172,(anonymous_10)
FN:198,(anonymous_11)
FN:204,(anonymous_12)
FN:211,(anonymous_13)
FN:229,(anonymous_14)
FN:239,(anonymous_15)
FN:273,(anonymous_16)
FN:288,(anonymous_17)
FN:327,(anonymous_18)
FN:342,(anonymous_19)
FN:397,(anonymous_20)
FN:427,(anonymous_21)
FN:435,(anonymous_22)
FN:456,(anonymous_23)
FN:488,(anonymous_24)
FN:530,(anonymous_25)
FN:560,(anonymous_26)
FN:567,(anonymous_27)
FNF:28
FNH:0
FNDA:0,(anonymous_0)
FNDA:0,(anonymous_1)
FNDA:0,(anonymous_2)
FNDA:0,(anonymous_3)
FNDA:0,(anonymous_4)
FNDA:0,(anonymous_5)
FNDA:0,(anonymous_6)
FNDA:0,(anonymous_7)
FNDA:0,(anonymous_8)
FNDA:0,(anonymous_9)
FNDA:0,(anonymous_10)
FNDA:0,(anonymous_11)
FNDA:0,(anonymous_12)
FNDA:0,(anonymous_13)
FNDA:0,(anonymous_14)
FNDA:0,(anonymous_15)
FNDA:0,(anonymous_16)
FNDA:0,(anonymous_17)
FNDA:0,(anonymous_18)
FNDA:0,(anonymous_19)
FNDA:0,(anonymous_20)
FNDA:0,(anonymous_21)
FNDA:0,(anonymous_22)
FNDA:0,(anonymous_23)
FNDA:0,(anonymous_24)
FNDA:0,(anonymous_25)
FNDA:0,(anonymous_26)
FNDA:0,(anonymous_27)
DA:20,0
DA:22,0
DA:23,0
DA:24,0
DA:25,0
DA:26,0
DA:27,0
DA:28,0
DA:30,0
DA:42,0
DA:43,0
DA:44,0
DA:45,0
DA:46,0
DA:47,0
DA:51,0
DA:52,0
DA:55,0
DA:56,0
DA:57,0
DA:59,0
DA:60,0
DA:63,0
DA:99,0
DA:100,0
DA:103,0
DA:105,0
DA:106,0
DA:110,0
DA:112,0
DA:113,0
DA:114,0
DA:118,0
DA:119,0
DA:120,0
DA:124,0
DA:125,0
DA:133,0
DA:134,0
DA:146,0
DA:153,0
DA:154,0
DA:155,0
DA:157,0
DA:166,0
DA:172,0
DA:173,0
DA:198,0
DA:199,0
DA:205,0
DA:211,0
DA:229,0
DA:230,0
DA:240,0
DA:273,0
DA:274,0
DA:289,0
DA:327,0
DA:328,0
DA:343,0
DA:397,0
DA:398,0
DA:428,0
DA:436,0
DA:456,0
DA:457,0
DA:488,0
DA:489,0
DA:530,0
DA:531,0
DA:554,0
DA:556,0
DA:560,0
DA:568,0
DA:628,0
DA:629,0
DA:637,0
DA:670,0
LF:78
LH:0
BRDA:43,0,0,0
BRDA:43,0,1,0
BRDA:43,0,2,0
BRDA:43,0,3,0
BRDA:52,1,0,0
BRDA:52,1,1,0
BRDA:60,2,0,0
BRDA:60,2,1,0
BRDA:113,3,0,0
BRDA:113,3,1,0
BRDA:124,4,0,0
BRDA:124,4,1,0
BRDA:133,5,0,0
BRDA:133,5,1,0
BRDA:154,6,0,0
BRDA:154,6,1,0
BRDA:154,7,0,0
BRDA:154,7,1,0
BRDA:209,8,0,0
BRDA:209,8,1,0
BRDA:216,9,0,0
BRDA:216,9,1,0
BRDA:220,10,0,0
BRDA:220,10,1,0
BRDA:300,11,0,0
BRDA:300,11,1,0
BRDA:304,12,0,0
BRDA:304,12,1,0
BRDA:349,13,0,0
BRDA:349,13,1,0
BRDA:350,14,0,0
BRDA:350,14,1,0
BRDA:357,15,0,0
BRDA:357,15,1,0
BRDA:358,16,0,0
BRDA:358,16,1,0
BRDA:374,17,0,0
BRDA:374,17,1,0
BRDA:375,18,0,0
BRDA:375,18,1,0
BRDA:376,19,0,0
BRDA:376,19,1,0
BRDA:377,20,0,0
BRDA:377,20,1,0
BRDA:386,21,0,0
BRDA:386,21,1,0
BRDA:387,22,0,0
BRDA:387,22,1,0
BRDA:441,23,0,0
BRDA:441,23,1,0
BRDA:442,24,0,0
BRDA:442,24,1,0
BRDA:444,25,0,0
BRDA:444,25,1,0
BRDA:445,26,0,0
BRDA:445,26,1,0
BRDA:554,27,0,0
BRDA:554,27,1,0
BRDA:580,28,0,0
BRDA:580,28,1,0
BRDA:587,29,0,0
BRDA:587,29,1,0
BRDA:592,30,0,0
BRDA:592,30,1,0
BRDA:593,31,0,0
BRDA:593,31,1,0
BRDA:600,32,0,0
BRDA:600,32,1,0
BRDA:628,33,0,0
BRDA:628,33,1,0
BRF:70
BRH:0
end_of_record
TN:
SF:src/screens/SportsNewsHub.js
FN:16,SportsNewsHub
FN:25,(anonymous_1)
FN:29,(anonymous_2)
FN:58,(anonymous_3)
FN:63,(anonymous_4)
FN:94,(anonymous_5)
FN:163,(anonymous_6)
FN:172,(anonymous_7)
FN:181,(anonymous_8)
FN:190,(anonymous_9)
FNF:10
FNH:0
FNDA:0,SportsNewsHub
FNDA:0,(anonymous_1)
FNDA:0,(anonymous_2)
FNDA:0,(anonymous_3)
FNDA:0,(anonymous_4)
FNDA:0,(anonymous_5)
FNDA:0,(anonymous_6)
FNDA:0,(anonymous_7)
FNDA:0,(anonymous_8)
FNDA:0,(anonymous_9)
DA:17,0
DA:18,0
DA:19,0
DA:20,0
DA:21,0
DA:22,0
DA:23,0
DA:25,0
DA:26,0
DA:29,0
DA:30,0
DA:31,0
DA:32,0
DA:35,0
DA:36,0
DA:39,0
DA:40,0
DA:41,0
DA:42,0
DA:45,0
DA:46,0
DA:48,0
DA:49,0
DA:50,0
DA:51,0
DA:53,0
DA:54,0
DA:58,0
DA:59,0
DA:60,0
DA:63,0
DA:65,0
DA:67,0
DA:94,0
DA:95,0
DA:97,0
DA:131,0
DA:132,0
DA:140,0
DA:163,0
DA:172,0
DA:181,0
DA:190,0
DA:205,0
LF:44
LH:0
BRDA:36,0,0,0
BRDA:36,0,1,0
BRDA:36,0,2,0
BRDA:65,1,0,0
BRDA:65,1,1,0
BRDA:65,2,0,0
BRDA:65,2,1,0
BRDA:75,3,0,0
BRDA:75,3,1,0
BRDA:86,4,0,0
BRDA:86,4,1,0
BRDA:95,5,0,0
BRDA:95,5,1,0
BRDA:95,6,0,0
BRDA:95,6,1,0
BRDA:105,7,0,0
BRDA:105,7,1,0
BRDA:110,8,0,0
BRDA:110,8,1,0
BRDA:131,9,0,0
BRDA:131,9,1,0
BRDA:131,10,0,0
BRDA:131,10,1,0
BRDA:152,11,0,0
BRDA:152,11,1,0
BRDA:159,12,0,0
BRDA:159,12,1,0
BRDA:168,13,0,0
BRDA:168,13,1,0
BRDA:177,14,0,0
BRDA:177,14,1,0
BRDA:186,15,0,0
BRDA:186,15,1,0
BRDA:194,16,0,0
BRDA:194,16,1,0
BRDA:194,16,2,0
BRDA:194,16,3,0
BRDA:194,16,4,0
BRDA:194,16,5,0
BRF:39
BRH:0
end_of_record
TN:
SF:src/screens/SubscriptionTestScreen.js
FN:16,(anonymous_0)
FN:25,(anonymous_1)
FN:51,(anonymous_2)
FN:64,(anonymous_3)
FN:94,(anonymous_4)
FN:101,(anonymous_5)
FN:108,(anonymous_6)
FN:238,(anonymous_7)
FNF:8
FNH:0
FNDA:0,(anonymous_0)
FNDA:0,(anonymous_1)
FNDA:0,(anonymous_2)
FNDA:0,(anonymous_3)
FNDA:0,(anonymous_4)
FNDA:0,(anonymous_5)
FNDA:0,(anonymous_6)
FNDA:0,(anonymous_7)
DA:16,0
DA:17,0
DA:18,0
DA:19,0
DA:25,0
DA:26,0
DA:29,0
DA:35,0
DA:36,0
DA:41,0
DA:42,0
DA:44,0
DA:51,0
DA:52,0
DA:53,0
DA:54,0
DA:55,0
DA:57,0
DA:64,0
DA:65,0
DA:66,0
DA:67,0
DA:70,0
DA:94,0
DA:101,0
DA:108,0
DA:239,0
DA:240,0
DA:254,0
LF:29
LH:0
BRDA:26,0,0,0
BRDA:26,0,1,0
BRDA:65,1,0,0
BRDA:65,1,1,0
BRDA:232,2,0,0
BRDA:232,2,1,0
BRDA:242,3,0,0
BRDA:242,3,1,0
BRDA:435,4,0,0
BRDA:435,4,1,0
BRF:10
BRH:0
end_of_record
TN:
SF:src/screens/TestScreen.js
FN:17,(anonymous_0)
FN:22,(anonymous_1)
FN:26,(anonymous_2)
FN:36,(anonymous_3)
FN:49,(anonymous_4)
FN:60,(anonymous_5)
FN:69,(anonymous_6)
FN:80,(anonymous_7)
FN:89,(anonymous_8)
FN:160,(anonymous_9)
FN:168,(anonymous_10)
FN:176,(anonymous_11)
FN:200,(anonymous_12)
FN:209,(anonymous_13)
FN:218,(anonymous_14)
FN:227,(anonymous_15)
FN:236,(anonymous_16)
FNF:17
FNH:0
FNDA:0,(anonymous_0)
FNDA:0,(anonymous_1)
FNDA:0,(anonymous_2)
FNDA:0,(anonymous_3)
FNDA:0,(anonymous_4)
FNDA:0,(anonymous_5)
FNDA:0,(anonymous_6)
FNDA:0,(anonymous_7)
FNDA:0,(anonymous_8)
FNDA:0,(anonymous_9)
FNDA:0,(anonymous_10)
FNDA:0,(anonymous_11)
FNDA:0,(anonymous_12)
FNDA:0,(anonymous_13)
FNDA:0,(anonymous_14)
FNDA:0,(anonymous_15)
FNDA:0,(anonymous_16)
DA:17,0
DA:18,0
DA:19,0
DA:20,0
DA:22,0
DA:23,0
DA:26,0
DA:27,0
DA:28,0
DA:29,0
DA:30,0
DA:36,0
DA:37,0
DA:40,0
DA:42,0
DA:43,0
DA:50,0
DA:56,0
DA:60,0
DA:61,0
DA:62,0
DA:63,0
DA:70,0
DA:76,0
DA:80,0
DA:81,0
DA:82,0
DA:83,0
DA:90,0
DA:96,0
DA:100,0
DA:160,0
DA:168,0
DA:177,0
DA:178,0
DA:200,0
DA:209,0
DA:218,0
DA:227,0
DA:236,0
DA:259,0
LF:41
LH:0
BRDA:42,0,0,0
BRDA:42,0,1,0
BRDA:56,1,0,0
BRDA:56,1,1,0
BRDA:62,2,0,0
BRDA:62,2,1,0
BRDA:76,3,0,0
BRDA:76,3,1,0
BRDA:82,4,0,0
BRDA:82,4,1,0
BRDA:85,5,0,0
BRDA:85,5,1,0
BRDA:96,6,0,0
BRDA:96,6,1,0
BRDA:119,7,0,0
BRDA:119,7,1,0
BRDA:122,8,0,0
BRDA:122,8,1,0
BRDA:122,9,0,0
BRDA:122,9,1,0
BRDA:137,10,0,0
BRDA:137,10,1,0
BRDA:140,11,0,0
BRDA:140,11,1,0
BRDA:140,12,0,0
BRDA:140,12,1,0
BRDA:204,13,0,0
BRDA:204,13,1,0
BRDA:213,14,0,0
BRDA:213,14,1,0
BRDA:222,15,0,0
BRDA:222,15,1,0
BRDA:231,16,0,0
BRDA:231,16,1,0
BRDA:240,17,0,0
BRDA:240,17,1,0
BRDA:266,18,0,0
BRDA:266,18,1,0
BRF:38
BRH:0
end_of_record
TN:
SF:src/screens/api-patch.js
FN:5,(anonymous_0)
FN:11,(anonymous_1)
FNF:2
FNH:0
FNDA:0,(anonymous_0)
FNDA:0,(anonymous_1)
DA:6,0
DA:7,0
DA:8,0
DA:12,0
DA:13,0
LF:5
LH:0
BRF:0
BRH:0
end_of_record
TN:
SF:src/screens/influencer/InfluencerDashboard.js
FN:14,(anonymous_0)
FN:22,(anonymous_1)
FN:27,(anonymous_2)
FN:36,(anonymous_3)
FN:49,(anonymous_4)
FN:60,(anonymous_5)
FN:64,(anonymous_6)
FN:71,(anonymous_7)
FN:93,(anonymous_8)
FNF:9
FNH:0
FNDA:0,(anonymous_0)
FNDA:0,(anonymous_1)
FNDA:0,(anonymous_2)
FNDA:0,(anonymous_3)
FNDA:0,(anonymous_4)
FNDA:0,(anonymous_5)
FNDA:0,(anonymous_6)
FNDA:0,(anonymous_7)
FNDA:0,(anonymous_8)
DA:14,0
DA:15,0
DA:16,0
DA:17,0
DA:18,0
DA:19,0
DA:20,0
DA:22,0
DA:23,0
DA:24,0
DA:27,0
DA:28,0
DA:29,0
DA:30,0
DA:32,0
DA:36,0
DA:37,0
DA:38,0
DA:39,0
DA:40,0
DA:42,0
DA:43,0
DA:45,0
DA:49,0
DA:50,0
DA:51,0
DA:52,0
DA:55,0
DA:57,0
DA:60,0
DA:64,0
DA:65,0
DA:71,0
DA:84,0
DA:93,0
DA:176,0
LF:36
LH:0
BRDA:30,0,0,0
BRDA:30,0,1,0
BRDA:50,1,0,0
BRDA:50,1,1,0
BRDA:50,2,0,0
BRDA:50,2,1,0
BRDA:55,3,0,0
BRDA:55,3,1,0
BRDA:66,4,0,0
BRDA:66,4,1,0
BRDA:69,5,0,0
BRDA:69,5,1,0
BRDA:80,6,0,0
BRDA:80,6,1,0
BRDA:93,7,0,0
BRDA:93,7,1,0
BRDA:100,8,0,0
BRDA:100,8,1,0
BRDA:104,9,0,0
BRDA:104,9,1,0
BRDA:161,10,0,0
BRDA:161,10,1,0
BRF:22
BRH:0
end_of_record
TN:
SF:src/screens/promo/PromoSystem.js
FN:14,(anonymous_0)
FN:22,(anonymous_1)
FN:26,(anonymous_2)
FN:35,(anonymous_3)
FN:59,(anonymous_4)
FN:82,(anonymous_5)
FN:147,(anonymous_6)
FNF:7
FNH:0
FNDA:0,(anonymous_0)
FNDA:0,(anonymous_1)
FNDA:0,(anonymous_2)
FNDA:0,(anonymous_3)
FNDA:0,(anonymous_4)
FNDA:0,(anonymous_5)
FNDA:0,(anonymous_6)
DA:14,0
DA:15,0
DA:16,0
DA:17,0
DA:18,0
DA:19,0
DA:20,0
DA:22,0
DA:23,0
DA:26,0
DA:27,0
DA:28,0
DA:29,0
DA:31,0
DA:35,0
DA:36,0
DA:37,0
DA:38,0
DA:41,0
DA:42,0
DA:45,0
DA:53,0
DA:55,0
DA:59,0
DA:60,0
DA:61,0
DA:62,0
DA:65,0
DA:66,0
DA:69,0
DA:74,0
DA:76,0
DA:78,0
DA:82,0
DA:83,0
DA:93,0
DA:147,0
DA:167,0
LF:38
LH:0
BRDA:29,0,0,0
BRDA:29,0,1,0
BRDA:36,1,0,0
BRDA:36,1,1,0
BRDA:53,2,0,0
BRDA:53,2,1,0
BRDA:60,3,0,0
BRDA:60,3,1,0
BRDA:76,4,0,0
BRDA:76,4,1,0
BRDA:83,5,0,0
BRDA:83,5,1,0
BRDA:123,6,0,0
BRDA:123,6,1,0
BRDA:127,7,0,0
BRDA:127,7,1,0
BRDA:133,8,0,0
BRDA:133,8,1,0
BRDA:143,9,0,0
BRDA:143,9,1,0
BRDA:147,10,0,0
BRDA:147,10,1,0
BRF:22
BRH:0
end_of_record
TN:
SF:src/services/AnalyticsService.js
FN:7,(anonymous_0)
FN:18,(anonymous_1)
FN:40,(anonymous_2)
FN:44,(anonymous_3)
FN:56,(anonymous_4)
FN:61,(anonymous_5)
FN:70,(anonymous_6)
FN:76,(anonymous_7)
FN:95,(anonymous_8)
FN:104,(anonymous_9)
FN:114,(anonymous_10)
FN:124,(anonymous_11)
FN:134,(anonymous_12)
FN:144,(anonymous_13)
FN:153,(anonymous_14)
FN:160,(anonymous_15)
FN:168,(anonymous_16)
FN:181,(anonymous_17)
FN:190,(anonymous_18)
FN:223,(anonymous_19)
FN:232,(anonymous_20)
FN:249,(anonymous_21)
FN:264,(anonymous_22)
FN:280,(anonymous_23)
FN:290,(anonymous_24)
FN:293,(anonymous_25)
FN:296,(anonymous_26)
FN:300,(anonymous_27)
FN:317,(anonymous_28)
FN:325,(anonymous_29)
FN:344,(anonymous_30)
FN:347,(anonymous_31)
FN:350,(anonymous_32)
FN:353,(anonymous_33)
FN:356,(anonymous_34)
FN:359,(anonymous_35)
FNF:36
FNH:0
FNDA:0,(anonymous_0)
FNDA:0,(anonymous_1)
FNDA:0,(anonymous_2)
FNDA:0,(anonymous_3)
FNDA:0,(anonymous_4)
FNDA:0,(anonymous_5)
FNDA:0,(anonymous_6)
FNDA:0,(anonymous_7)
FNDA:0,(anonymous_8)
FNDA:0,(anonymous_9)
FNDA:0,(anonymous_10)
FNDA:0,(anonymous_11)
FNDA:0,(anonymous_12)
FNDA:0,(anonymous_13)
FNDA:0,(anonymous_14)
FNDA:0,(anonymous_15)
FNDA:0,(anonymous_16)
FNDA:0,(anonymous_17)
FNDA:0,(anonymous_18)
FNDA:0,(anonymous_19)
FNDA:0,(anonymous_20)
FNDA:0,(anonymous_21)
FNDA:0,(anonymous_22)
FNDA:0,(anonymous_23)
FNDA:0,(anonymous_24)
FNDA:0,(anonymous_25)
FNDA:0,(anonymous_26)
FNDA:0,(anonymous_27)
FNDA:0,(anonymous_28)
FNDA:0,(anonymous_29)
FNDA:0,(anonymous_30)
FNDA:0,(anonymous_31)
FNDA:0,(anonymous_32)
FNDA:0,(anonymous_33)
FNDA:0,(anonymous_34)
FNDA:0,(anonymous_35)
DA:8,0
DA:9,0
DA:10,0
DA:11,0
DA:12,0
DA:13,0
DA:15,0
DA:20,0
DA:21,0
DA:24,0
DA:27,0
DA:34,0
DA:37,0
DA:41,0
DA:45,0
DA:46,0
DA:47,0
DA:48,0
DA:49,0
DA:52,0
DA:57,0
DA:58,0
DA:62,0
DA:71,0
DA:72,0
DA:76,0
DA:77,0
DA:79,0
DA:80,0
DA:84,0
DA:86,0
DA:87,0
DA:96,0
DA:105,0
DA:115,0
DA:125,0
DA:135,0
DA:136,0
DA:145,0
DA:154,0
DA:161,0
DA:170,0
DA:171,0
DA:172,0
DA:175,0
DA:183,0
DA:184,0
DA:191,0
DA:202,0
DA:203,0
DA:207,0
DA:210,0
DA:211,0
DA:215,0
DA:216,0
DA:220,0
DA:224,0
DA:229,0
DA:233,0
DA:234,0
DA:235,0
DA:236,0
DA:239,0
DA:240,0
DA:243,0
DA:245,0
DA:250,0
DA:252,0
DA:253,0
DA:255,0
DA:256,0
DA:258,0
DA:260,0
DA:266,0
DA:267,0
DA:268,0
DA:272,0
DA:273,0
DA:275,0
DA:276,0
DA:281,0
DA:282,0
DA:283,0
DA:285,0
DA:286,0
DA:288,0
DA:291,0
DA:294,0
DA:297,0
DA:301,0
DA:305,0
DA:306,0
DA:309,0
DA:311,0
DA:312,0
DA:318,0
DA:319,0
DA:320,0
DA:322,0
DA:323,0
DA:325,0
DA:326,0
DA:327,0
DA:330,0
DA:332,0
DA:338,0
DA:344,0
DA:345,0
DA:347,0
DA:348,0
DA:350,0
DA:351,0
DA:353,0
DA:354,0
DA:356,0
DA:357,0
DA:359,0
DA:360,0
LF:118
LH:0
BRDA:47,0,0,0
BRDA:47,0,1,0
BRDA:49,1,0,0
BRDA:49,1,1,0
BRDA:71,2,0,0
BRDA:71,2,1,0
BRDA:77,3,0,0
BRDA:77,3,1,0
BRDA:84,4,0,0
BRDA:84,4,1,0
BRDA:99,5,0,0
BRDA:99,5,1,0
BRDA:107,6,0,0
BRDA:107,6,1,0
BRDA:108,7,0,0
BRDA:108,7,1,0
BRDA:117,8,0,0
BRDA:117,8,1,0
BRDA:170,9,0,0
BRDA:170,9,1,0
BRDA:170,10,0,0
BRDA:170,10,1,0
BRDA:177,11,0,0
BRDA:177,11,1,0
BRDA:178,12,0,0
BRDA:178,12,1,0
BRDA:183,13,0,0
BRDA:183,13,1,0
BRDA:190,14,0,0
BRDA:198,15,0,0
BRDA:198,15,1,0
BRDA:202,16,0,0
BRDA:202,16,1,0
BRDA:210,17,0,0
BRDA:210,17,1,0
BRDA:215,18,0,0
BRDA:215,18,1,0
BRDA:235,19,0,0
BRDA:235,19,1,0
BRDA:239,20,0,0
BRDA:239,20,1,0
BRDA:250,21,0,0
BRDA:250,21,1,0
BRDA:266,22,0,0
BRDA:266,22,1,0
BRDA:283,23,0,0
BRDA:283,23,1,0
BRDA:305,24,0,0
BRDA:305,24,1,0
BRDA:317,25,0,0
BRDA:320,26,0,0
BRDA:320,26,1,0
BRF:52
BRH:0
end_of_record
TN:
SF:src/services/Api.js
FN:8,(anonymous_0)
FN:31,(anonymous_1)
FN:39,(anonymous_2)
FN:47,(anonymous_3)
FN:55,(anonymous_4)
FN:63,(anonymous_5)
FN:71,(anonymous_6)
FN:78,(anonymous_7)
FN:85,(anonymous_8)
FN:92,(anonymous_9)
FNF:10
FNH:0
FNDA:0,(anonymous_0)
FNDA:0,(anonymous_1)
FNDA:0,(anonymous_2)
FNDA:0,(anonymous_3)
FNDA:0,(anonymous_4)
FNDA:0,(anonymous_5)
FNDA:0,(anonymous_6)
FNDA:0,(anonymous_7)
FNDA:0,(anonymous_8)
FNDA:0,(anonymous_9)
DA:11,0
DA:12,0
DA:13,0
DA:15,0
DA:16,0
DA:18,0
DA:31,0
DA:32,0
DA:39,0
DA:40,0
DA:47,0
DA:48,0
DA:55,0
DA:56,0
DA:63,0
DA:64,0
DA:71,0
DA:72,0
DA:78,0
DA:79,0
DA:85,0
DA:86,0
DA:92,0
DA:93,0
LF:24
LH:0
BRDA:11,0,0,0
BRDA:11,0,1,0
BRDA:31,1,0,0
BRDA:39,2,0,0
BRDA:47,3,0,0
BRDA:55,4,0,0
BRDA:63,5,0,0
BRDA:71,6,0,0
BRDA:78,7,0,0
BRDA:85,8,0,0
BRDA:92,9,0,0
BRF:11
BRH:0
end_of_record
TN:
SF:src/services/abTestingService.js
FN:5,(anonymous_0)
FN:20,(anonymous_1)
FN:46,(anonymous_2)
FN:60,(anonymous_3)
FN:65,(anonymous_4)
FNF:5
FNH:0
FNDA:0,(anonymous_0)
FNDA:0,(anonymous_1)
FNDA:0,(anonymous_2)
FNDA:0,(anonymous_3)
FNDA:0,(anonymous_4)
DA:6,0
DA:21,0
DA:22,0
DA:23,0
DA:25,0
DA:26,0
DA:30,0
DA:31,0
DA:33,0
DA:34,0
DA:37,0
DA:39,0
DA:41,0
DA:42,0
DA:47,0
DA:48,0
DA:50,0
DA:51,0
DA:52,0
DA:53,0
DA:57,0
DA:61,0
DA:67,0
LF:23
LH:0
BRDA:25,0,0,0
BRDA:25,0,1,0
BRDA:31,1,0,0
BRDA:31,1,1,0
BRDA:52,2,0,0
BRDA:52,2,1,0
BRF:6
BRH:0
end_of_record
TN:
SF:src/services/api-Service.js
FN:8,(anonymous_0)
FN:31,(anonymous_1)
FN:39,(anonymous_2)
FN:47,(anonymous_3)
FN:55,(anonymous_4)
FN:63,(anonymous_5)
FN:71,(anonymous_6)
FN:78,(anonymous_7)
FN:85,(anonymous_8)
FN:92,(anonymous_9)
FNF:10
FNH:0
FNDA:0,(anonymous_0)
FNDA:0,(anonymous_1)
FNDA:0,(anonymous_2)
FNDA:0,(anonymous_3)
FNDA:0,(anonymous_4)
FNDA:0,(anonymous_5)
FNDA:0,(anonymous_6)
FNDA:0,(anonymous_7)
FNDA:0,(anonymous_8)
FNDA:0,(anonymous_9)
DA:11,0
DA:12,0
DA:13,0
DA:15,0
DA:16,0
DA:18,0
DA:31,0
DA:32,0
DA:39,0
DA:40,0
DA:47,0
DA:48,0
DA:55,0
DA:56,0
DA:63,0
DA:64,0
DA:71,0
DA:72,0
DA:78,0
DA:79,0
DA:85,0
DA:86,0
DA:92,0
DA:93,0
LF:24
LH:0
BRDA:11,0,0,0
BRDA:11,0,1,0
BRDA:31,1,0,0
BRDA:39,2,0,0
BRDA:47,3,0,0
BRDA:55,4,0,0
BRDA:63,5,0,0
BRDA:71,6,0,0
BRDA:78,7,0,0
BRDA:85,8,0,0
BRDA:92,9,0,0
BRF:11
BRH:0
end_of_record
TN:
SF:src/services/authService.js
FN:5,(anonymous_0)
FN:18,(anonymous_1)
FN:31,(anonymous_2)
FN:42,(anonymous_3)
FNF:4
FNH:0
FNDA:0,(anonymous_0)
FNDA:0,(anonymous_1)
FNDA:0,(anonymous_2)
FNDA:0,(anonymous_3)
DA:3,0
DA:6,0
DA:7,0
DA:8,0
DA:9,0
DA:10,0
DA:12,0
DA:13,0
DA:19,0
DA:20,0
DA:21,0
DA:22,0
DA:23,0
DA:25,0
DA:26,0
DA:32,0
DA:33,0
DA:34,0
DA:36,0
DA:37,0
DA:43,0
DA:44,0
DA:45,0
DA:47,0
DA:48,0
LF:25
LH:0
BRF:0
BRH:0
end_of_record
TN:
SF:src/services/backendAuthService.js
FN:5,(anonymous_0)
FN:22,(anonymous_1)
FN:39,(anonymous_2)
FN:56,(anonymous_3)
FNF:4
FNH:0
FNDA:0,(anonymous_0)
FNDA:0,(anonymous_1)
FNDA:0,(anonymous_2)
FNDA:0,(anonymous_3)
DA:1,0
DA:3,0
DA:6,0
DA:7,0
DA:14,0
DA:16,0
DA:17,0
DA:23,0
DA:24,0
DA:31,0
DA:33,0
DA:34,0
DA:40,0
DA:41,0
DA:48,0
DA:50,0
DA:51,0
DA:57,0
DA:58,0
DA:59,0
DA:61,0
DA:62,0
LF:22
LH:0
BRF:0
BRH:0
end_of_record
TN:
SF:src/services/favoritesService.js
FN:5,(anonymous_0)
FN:17,(anonymous_1)
FN:29,(anonymous_2)
FNF:3
FNH:0
FNDA:0,(anonymous_0)
FNDA:0,(anonymous_1)
FNDA:0,(anonymous_2)
DA:3,0
DA:6,0
DA:8,0
DA:9,0
DA:11,0
DA:12,0
DA:18,0
DA:20,0
DA:21,0
DA:23,0
DA:24,0
DA:30,0
DA:32,0
DA:33,0
DA:35,0
DA:36,0
LF:16
LH:0
BRF:0
BRH:0
end_of_record
TN:
SF:src/services/firebase-service.js
FN:5,(anonymous_0)
FN:10,(anonymous_1)
FN:36,(anonymous_2)
FN:47,(anonymous_3)
FN:59,(anonymous_4)
FN:72,(anonymous_5)
FN:82,(anonymous_6)
FN:89,(anonymous_7)
FNF:8
FNH:0
FNDA:0,(anonymous_0)
FNDA:0,(anonymous_1)
FNDA:0,(anonymous_2)
FNDA:0,(anonymous_3)
FNDA:0,(anonymous_4)
FNDA:0,(anonymous_5)
FNDA:0,(anonymous_6)
FNDA:0,(anonymous_7)
DA:6,0
DA:7,0
DA:10,0
DA:11,0
DA:12,0
DA:15,0
DA:25,0
DA:26,0
DA:27,0
DA:28,0
DA:29,0
DA:31,0
DA:36,0
DA:37,0
DA:39,0
DA:47,0
DA:48,0
DA:50,0
DA:59,0
DA:60,0
DA:62,0
DA:72,0
DA:73,0
DA:75,0
DA:82,0
DA:83,0
DA:85,0
DA:89,0
DA:90,0
DA:92,0
LF:30
LH:0
BRDA:11,0,0,0
BRDA:11,0,1,0
BRDA:11,1,0,0
BRDA:11,1,1,0
BRDA:36,2,0,0
BRDA:37,3,0,0
BRDA:37,3,1,0
BRDA:47,4,0,0
BRDA:47,5,0,0
BRDA:48,6,0,0
BRDA:48,6,1,0
BRDA:59,7,0,0
BRDA:59,8,0,0
BRDA:60,9,0,0
BRDA:60,9,1,0
BRDA:73,10,0,0
BRDA:73,10,1,0
BRDA:83,11,0,0
BRDA:83,11,1,0
BRDA:90,12,0,0
BRDA:90,12,1,0
BRF:21
BRH:0
end_of_record
TN:
SF:src/services/liveGamesService.js
FN:5,(anonymous_0)
FN:17,(anonymous_1)
FNF:2
FNH:0
FNDA:0,(anonymous_0)
FNDA:0,(anonymous_1)
DA:3,0
DA:6,0
DA:7,0
DA:8,0
DA:9,0
DA:11,0
DA:12,0
DA:18,0
DA:19,0
DA:21,0
DA:31,0
DA:32,0
LF:12
LH:0
BRF:0
BRH:0
end_of_record
TN:
SF:src/services/mock-data.js
FNF:0
FNH:0
DA:2,0
DA:32,0
DA:53,0
DA:62,0
LF:4
LH:0
BRF:0
BRH:0
end_of_record
TN:
SF:src/services/nba-service.js
FN:4,(anonymous_0)
FN:14,(anonymous_1)
FN:24,(anonymous_2)
FN:34,(anonymous_3)
FN:44,(anonymous_4)
FNF:5
FNH:0
FNDA:0,(anonymous_0)
FNDA:0,(anonymous_1)
FNDA:0,(anonymous_2)
FNDA:0,(anonymous_3)
FNDA:0,(anonymous_4)
DA:3,0
DA:5,0
DA:6,0
DA:7,0
DA:9,0
DA:10,0
DA:15,0
DA:16,0
DA:17,0
DA:19,0
DA:20,0
DA:25,0
DA:26,0
DA:27,0
DA:29,0
DA:30,0
DA:35,0
DA:36,0
DA:37,0
DA:39,0
DA:40,0
DA:45,0
DA:46,0
DA:47,0
DA:49,0
DA:50,0
LF:26
LH:0
BRF:0
BRH:0
end_of_record
TN:
SF:src/services/nbaService.js
FN:8,(anonymous_0)
FN:22,(anonymous_1)
FN:40,(anonymous_2)
FN:52,(anonymous_3)
FN:64,(anonymous_4)
FN:76,(anonymous_5)
FN:93,(anonymous_6)
FNF:7
FNH:0
FNDA:0,(anonymous_0)
FNDA:0,(anonymous_1)
FNDA:0,(anonymous_2)
FNDA:0,(anonymous_3)
FNDA:0,(anonymous_4)
FNDA:0,(anonymous_5)
FNDA:0,(anonymous_6)
DA:2,0
DA:4,0
DA:6,0
DA:9,0
DA:10,0
DA:11,0
DA:12,0
DA:13,0
DA:14,0
DA:16,0
DA:17,0
DA:23,0
DA:24,0
DA:25,0
DA:27,0
DA:28,0
DA:31,0
DA:32,0
DA:34,0
DA:35,0
DA:41,0
DA:42,0
DA:43,0
DA:44,0
DA:46,0
DA:47,0
DA:53,0
DA:54,0
DA:55,0
DA:56,0
DA:58,0
DA:59,0
DA:65,0
DA:66,0
DA:67,0
DA:68,0
DA:70,0
DA:71,0
DA:77,0
DA:78,0
DA:85,0
DA:86,0
DA:88,0
DA:89,0
DA:94,0
DA:95,0
DA:102,0
DA:103,0
DA:105,0
DA:106,0
LF:50
LH:0
BRDA:2,0,0,0
BRDA:2,0,1,0
BRDA:27,1,0,0
BRDA:27,1,1,0
BRF:4
BRH:0
end_of_record
TN:
SF:src/services/notificationService.js
FN:7,(anonymous_0)
FN:15,(anonymous_1)
FN:19,(anonymous_2)
FN:52,(anonymous_3)
FN:64,(anonymous_4)
FN:77,(anonymous_5)
FN:95,(anonymous_6)
FN:100,(anonymous_7)
FNF:8
FNH:0
FNDA:0,(anonymous_0)
FNDA:0,(anonymous_1)
FNDA:0,(anonymous_2)
FNDA:0,(anonymous_3)
FNDA:0,(anonymous_4)
FNDA:0,(anonymous_5)
FNDA:0,(anonymous_6)
FNDA:0,(anonymous_7)
DA:6,0
DA:7,0
DA:16,0
DA:20,0
DA:22,0
DA:24,0
DA:25,0
DA:27,0
DA:28,0
DA:29,0
DA:32,0
DA:33,0
DA:34,0
DA:38,0
DA:39,0
DA:42,0
DA:44,0
DA:45,0
DA:48,0
DA:53,0
DA:56,0
DA:57,0
DA:59,0
DA:65,0
DA:78,0
DA:79,0
DA:81,0
DA:96,0
DA:101,0
DA:102,0
LF:30
LH:0
BRDA:20,0,0,0
BRDA:20,0,1,0
BRDA:27,1,0,0
BRDA:27,1,1,0
BRDA:32,2,0,0
BRDA:32,2,1,0
BRDA:64,3,0,0
BRDA:77,4,0,0
BRF:8
BRH:0
end_of_record
TN:
SF:src/services/notifications.js
FN:4,(anonymous_0)
FN:30,(anonymous_1)
FN:44,(anonymous_2)
FN:55,(anonymous_3)
FNF:4
FNH:0
FNDA:0,(anonymous_0)
FNDA:0,(anonymous_1)
FNDA:0,(anonymous_2)
FNDA:0,(anonymous_3)
DA:4,0
DA:5,0
DA:6,0
DA:8,0
DA:9,0
DA:10,0
DA:13,0
DA:14,0
DA:15,0
DA:18,0
DA:19,0
DA:27,0
DA:30,0
DA:31,0
DA:32,0
DA:34,0
DA:44,0
DA:45,0
DA:55,0
DA:56,0
LF:20
LH:0
BRDA:8,0,0,0
BRDA:8,0,1,0
BRDA:13,1,0,0
BRDA:13,1,1,0
BRDA:18,2,0,0
BRDA:18,2,1,0
BRDA:30,3,0,0
BRF:7
BRH:0
end_of_record
TN:
SF:src/services/performance.js
FN:4,(anonymous_0)
FN:12,(anonymous_1)
FN:23,(anonymous_2)
FN:24,(anonymous_3)
FN:36,(anonymous_4)
FN:43,(anonymous_5)
FN:53,(anonymous_6)
FN:55,(anonymous_7)
FN:56,(anonymous_8)
FN:59,(anonymous_9)
FN:63,(anonymous_10)
FN:65,(anonymous_11)
FN:81,(anonymous_12)
FN:83,(anonymous_13)
FN:84,(anonymous_14)
FNF:15
FNH:0
FNDA:0,(anonymous_0)
FNDA:0,(anonymous_1)
FNDA:0,(anonymous_2)
FNDA:0,(anonymous_3)
FNDA:0,(anonymous_4)
FNDA:0,(anonymous_5)
FNDA:0,(anonymous_6)
FNDA:0,(anonymous_7)
FNDA:0,(anonymous_8)
FNDA:0,(anonymous_9)
FNDA:0,(anonymous_10)
FNDA:0,(anonymous_11)
FNDA:0,(anonymous_12)
FNDA:0,(anonymous_13)
FNDA:0,(anonymous_14)
DA:5,0
DA:13,0
DA:14,0
DA:20,0
DA:24,0
DA:25,0
DA:26,0
DA:27,0
DA:28,0
DA:29,0
DA:30,0
DA:31,0
DA:37,0
DA:38,0
DA:40,0
DA:44,0
DA:54,0
DA:55,0
DA:56,0
DA:58,0
DA:59,0
DA:62,0
DA:63,0
DA:64,0
DA:65,0
DA:68,0
DA:82,0
DA:83,0
DA:84,0
LF:29
LH:0
BRDA:23,0,0,0
BRDA:25,1,0,0
BRDA:25,1,1,0
BRDA:28,2,0,0
BRDA:28,2,1,0
BRDA:30,3,0,0
BRDA:30,3,1,0
BRDA:31,4,0,0
BRDA:31,4,1,0
BRDA:37,5,0,0
BRDA:37,5,1,0
BRDA:46,6,0,0
BRDA:46,6,1,0
BRDA:58,7,0,0
BRDA:58,7,1,0
BRDA:71,8,0,0
BRDA:71,8,1,0
BRF:17
BRH:0
end_of_record
TN:
SF:src/services/promoService.js
FN:5,(anonymous_0)
FN:19,(anonymous_1)
FN:33,(anonymous_2)
FN:44,(anonymous_3)
FNF:4
FNH:0
FNDA:0,(anonymous_0)
FNDA:0,(anonymous_1)
FNDA:0,(anonymous_2)
FNDA:0,(anonymous_3)
DA:3,0
DA:6,0
DA:7,0
DA:11,0
DA:13,0
DA:14,0
DA:20,0
DA:21,0
DA:25,0
DA:27,0
DA:28,0
DA:34,0
DA:35,0
DA:36,0
DA:38,0
DA:39,0
DA:45,0
DA:46,0
DA:47,0
DA:49,0
DA:50,0
LF:21
LH:0
BRF:0
BRH:0
end_of_record
TN:
SF:src/services/revenuecat-service.js
FN:6,(anonymous_0)
FN:24,(anonymous_1)
FN:59,(anonymous_2)
FN:64,(anonymous_3)
FN:85,(anonymous_4)
FN:109,(anonymous_5)
FN:123,(anonymous_6)
FN:150,(anonymous_7)
FN:216,(anonymous_8)
FN:223,(anonymous_9)
FN:259,(anonymous_10)
FN:284,(anonymous_11)
FN:316,(anonymous_12)
FN:328,(anonymous_13)
FNF:14
FNH:1
FNDA:1,(anonymous_0)
FNDA:0,(anonymous_1)
FNDA:0,(anonymous_2)
FNDA:0,(anonymous_3)
FNDA:0,(anonymous_4)
FNDA:0,(anonymous_5)
FNDA:0,(anonymous_6)
FNDA:0,(anonymous_7)
FNDA:0,(anonymous_8)
FNDA:0,(anonymous_9)
FNDA:0,(anonymous_10)
FNDA:0,(anonymous_11)
FNDA:0,(anonymous_12)
FNDA:0,(anonymous_13)
DA:7,1
DA:8,1
DA:13,1
DA:19,1
DA:20,1
DA:24,1
DA:25,0
DA:27,0
DA:28,0
DA:29,0
DA:30,0
DA:34,0
DA:39,0
DA:41,0
DA:42,0
DA:43,0
DA:44,0
DA:47,0
DA:48,0
DA:49,0
DA:51,0
DA:54,0
DA:55,0
DA:59,1
DA:60,0
DA:64,1
DA:65,0
DA:66,0
DA:69,0
DA:72,0
DA:73,0
DA:75,0
DA:76,0
DA:79,0
DA:80,0
DA:85,1
DA:86,0
DA:87,0
DA:88,0
DA:90,0
DA:91,0
DA:92,0
DA:93,0
DA:96,0
DA:97,0
DA:98,0
DA:101,0
DA:103,0
DA:104,0
DA:109,1
DA:110,0
DA:111,0
DA:112,0
DA:113,0
DA:114,0
DA:115,0
DA:116,0
DA:118,0
DA:123,1
DA:124,0
DA:125,0
DA:128,0
DA:129,0
DA:132,0
DA:134,0
DA:135,0
DA:136,0
DA:137,0
DA:141,0
DA:144,0
DA:145,0
DA:150,1
DA:151,0
DA:184,0
DA:207,0
DA:208,0
DA:209,0
DA:210,0
DA:213,0
DA:216,1
DA:217,0
DA:218,0
DA:219,0
DA:222,0
DA:223,0
DA:225,0
DA:226,0
DA:229,0
DA:230,0
DA:232,0
DA:233,0
DA:235,0
DA:236,0
DA:238,0
DA:239,0
DA:242,0
DA:249,0
DA:250,0
DA:259,1
DA:260,0
DA:262,0
DA:263,0
DA:264,0
DA:265,0
DA:269,0
DA:270,0
DA:271,0
DA:272,0
DA:276,0
DA:279,0
DA:280,0
DA:284,1
DA:285,0
DA:286,0
DA:287,0
DA:290,0
DA:291,0
DA:293,0
DA:294,0
DA:295,0
DA:297,0
DA:298,0
DA:301,0
DA:308,0
DA:309,0
DA:316,1
DA:317,0
DA:318,0
DA:319,0
DA:321,0
DA:323,0
DA:324,0
DA:328,1
DA:329,0
DA:330,0
DA:331,0
DA:333,0
DA:339,0
DA:340,0
LF:139
LH:17
BRDA:19,0,0,1
BRDA:19,0,1,0
BRDA:27,1,0,0
BRDA:27,1,1,0
BRDA:41,2,0,0
BRDA:41,2,1,0
BRDA:90,3,0,0
BRDA:90,3,1,0
BRDA:90,4,0,0
BRDA:90,4,1,0
BRDA:92,5,0,0
BRDA:92,5,1,0
BRDA:123,6,0,0
BRDA:125,7,0,0
BRDA:125,7,1,0
BRDA:128,8,0,0
BRDA:128,8,1,0
BRDA:134,9,0,0
BRDA:134,9,1,0
BRDA:136,10,0,0
BRDA:136,10,1,0
BRDA:207,11,0,0
BRDA:207,11,1,0
BRDA:209,12,0,0
BRDA:209,12,1,0
BRDA:218,13,0,0
BRDA:218,13,1,0
BRDA:225,14,0,0
BRDA:225,14,1,0
BRDA:235,15,0,0
BRDA:235,15,1,0
BRDA:238,16,0,0
BRDA:238,16,1,0
BRDA:253,17,0,0
BRDA:253,17,1,0
BRDA:263,18,0,0
BRDA:263,18,1,0
BRDA:269,19,0,0
BRDA:269,19,1,0
BRDA:269,20,0,0
BRDA:269,20,1,0
BRDA:271,21,0,0
BRDA:271,21,1,0
BRDA:286,22,0,0
BRDA:286,22,1,0
BRDA:294,23,0,0
BRDA:294,23,1,0
BRDA:297,24,0,0
BRDA:297,24,1,0
BRDA:318,25,0,0
BRDA:318,25,1,0
BRF:51
BRH:1
end_of_record
TN:
SF:src/services/socketService.js
FN:5,(anonymous_0)
FN:11,(anonymous_1)
FN:19,(anonymous_2)
FN:27,(anonymous_3)
FN:32,(anonymous_4)
FN:42,(anonymous_5)
FN:50,(anonymous_6)
FN:55,(anonymous_7)
FN:60,(anonymous_8)
FN:66,(anonymous_9)
FN:71,(anonymous_10)
FN:74,(anonymous_11)
FN:82,(anonymous_12)
FN:85,(anonymous_13)
FN:90,(anonymous_14)
FN:98,(anonymous_15)
FNF:16
FNH:0
FNDA:0,(anonymous_0)
FNDA:0,(anonymous_1)
FNDA:0,(anonymous_2)
FNDA:0,(anonymous_3)
FNDA:0,(anonymous_4)
FNDA:0,(anonymous_5)
FNDA:0,(anonymous_6)
FNDA:0,(anonymous_7)
FNDA:0,(anonymous_8)
FNDA:0,(anonymous_9)
FNDA:0,(anonymous_10)
FNDA:0,(anonymous_11)
FNDA:0,(anonymous_12)
FNDA:0,(anonymous_13)
FNDA:0,(anonymous_14)
FNDA:0,(anonymous_15)
DA:6,0
DA:7,0
DA:8,0
DA:12,0
DA:14,0
DA:19,0
DA:20,0
DA:21,0
DA:24,0
DA:27,0
DA:28,0
DA:29,0
DA:32,0
DA:33,0
DA:37,0
DA:38,0
DA:39,0
DA:43,0
DA:44,0
DA:45,0
DA:46,0
DA:51,0
DA:52,0
DA:56,0
DA:57,0
DA:61,0
DA:62,0
DA:67,0
DA:68,0
DA:70,0
DA:71,0
DA:75,0
DA:76,0
DA:77,0
DA:78,0
DA:83,0
DA:84,0
DA:85,0
DA:91,0
DA:92,0
DA:93,0
DA:95,0
DA:99,0
DA:100,0
LF:44
LH:0
BRDA:12,0,0,0
BRDA:12,0,1,0
BRDA:43,1,0,0
BRDA:43,1,1,0
BRDA:67,2,0,0
BRDA:67,2,1,0
BRDA:76,3,0,0
BRDA:76,3,1,0
BRDA:78,4,0,0
BRDA:78,4,1,0
BRDA:84,5,0,0
BRDA:84,5,1,0
BRDA:91,6,0,0
BRDA:91,6,1,0
BRDA:91,7,0,0
BRDA:91,7,1,0
BRDA:99,8,0,0
BRDA:99,8,1,0
BRDA:99,9,0,0
BRDA:99,9,1,0
BRF:20
BRH:0
end_of_record
TN:
SF:src/services/subscriptionService.js
FN:5,(anonymous_0)
FN:58,(anonymous_1)
FN:89,(anonymous_2)
FN:128,(anonymous_3)
FN:153,(anonymous_4)
FN:176,(anonymous_5)
FN:185,(anonymous_6)
FN:194,(anonymous_7)
FN:208,(anonymous_8)
FN:230,(anonymous_9)
FN:250,(anonymous_10)
FNF:11
FNH:0
FNDA:0,(anonymous_0)
FNDA:0,(anonymous_1)
FNDA:0,(anonymous_2)
FNDA:0,(anonymous_3)
FNDA:0,(anonymous_4)
FNDA:0,(anonymous_5)
FNDA:0,(anonymous_6)
FNDA:0,(anonymous_7)
FNDA:0,(anonymous_8)
FNDA:0,(anonymous_9)
FNDA:0,(anonymous_10)
DA:6,0
DA:7,0
DA:59,0
DA:60,0
DA:62,0
DA:63,0
DA:66,0
DA:67,0
DA:75,0
DA:84,0
DA:85,0
DA:90,0
DA:93,0
DA:95,0
DA:96,0
DA:99,0
DA:109,0
DA:112,0
DA:114,0
DA:120,0
DA:121,0
DA:129,0
DA:131,0
DA:138,0
DA:139,0
DA:141,0
DA:146,0
DA:154,0
DA:156,0
DA:162,0
DA:164,0
DA:169,0
DA:177,0
DA:178,0
DA:180,0
DA:186,0
DA:195,0
DA:204,0
DA:205,0
DA:209,0
DA:210,0
DA:212,0
DA:214,0
DA:216,0
DA:218,0
DA:220,0
DA:222,0
DA:224,0
DA:226,0
DA:231,0
DA:232,0
DA:235,0
DA:236,0
DA:238,0
DA:251,0
DA:252,0
DA:254,0
DA:255,0
DA:260,0
DA:261,0
DA:264,0
DA:265,0
DA:267,0
LF:63
LH:0
BRDA:62,0,0,0
BRDA:62,0,1,0
BRDA:66,1,0,0
BRDA:66,1,1,0
BRDA:66,2,0,0
BRDA:66,2,1,0
BRDA:69,3,0,0
BRDA:69,3,1,0
BRDA:89,4,0,0
BRDA:95,5,0,0
BRDA:95,5,1,0
BRDA:194,6,0,0
BRDA:212,7,0,0
BRDA:212,7,1,0
BRDA:212,7,2,0
BRDA:212,7,3,0
BRDA:212,7,4,0
BRDA:212,7,5,0
BRDA:212,7,6,0
BRDA:241,8,0,0
BRDA:241,8,1,0
BRDA:242,9,0,0
BRDA:242,9,1,0
BRDA:244,10,0,0
BRDA:244,10,1,0
BRDA:255,11,0,0
BRDA:255,11,1,0
BRDA:260,12,0,0
BRDA:260,12,1,0
BRF:29
BRH:0
end_of_record
TN:
SF:src/services/websocket-service.js
FN:2,(anonymous_0)
FN:11,(anonymous_1)
FN:24,(anonymous_2)
FN:25,(anonymous_3)
FN:31,(anonymous_4)
FN:46,(anonymous_5)
FN:51,(anonymous_6)
FN:61,(anonymous_7)
FN:66,(anonymous_8)
FN:75,(anonymous_9)
FN:86,(anonymous_10)
FN:93,(anonymous_11)
FN:103,(anonymous_12)
FN:105,(anonymous_13)
FN:115,(anonymous_14)
FN:124,(anonymous_15)
FNF:16
FNH:0
FNDA:0,(anonymous_0)
FNDA:0,(anonymous_1)
FNDA:0,(anonymous_2)
FNDA:0,(anonymous_3)
FNDA:0,(anonymous_4)
FNDA:0,(anonymous_5)
FNDA:0,(anonymous_6)
FNDA:0,(anonymous_7)
FNDA:0,(anonymous_8)
FNDA:0,(anonymous_9)
FNDA:0,(anonymous_10)
FNDA:0,(anonymous_11)
FNDA:0,(anonymous_12)
FNDA:0,(anonymous_13)
FNDA:0,(anonymous_14)
FNDA:0,(anonymous_15)
DA:3,0
DA:4,0
DA:5,0
DA:6,0
DA:7,0
DA:8,0
DA:12,0
DA:14,0
DA:15,0
DA:16,0
DA:17,0
DA:19,0
DA:20,0
DA:25,0
DA:26,0
DA:27,0
DA:28,0
DA:31,0
DA:32,0
DA:33,0
DA:34,0
DA:37,0
DA:38,0
DA:41,0
DA:42,0
DA:46,0
DA:47,0
DA:48,0
DA:51,0
DA:52,0
DA:53,0
DA:55,0
DA:56,0
DA:62,0
DA:63,0
DA:64,0
DA:66,0
DA:67,0
DA:70,0
DA:71,0
DA:76,0
DA:77,0
DA:78,0
DA:79,0
DA:81,0
DA:82,0
DA:87,0
DA:88,0
DA:90,0
DA:94,0
DA:95,0
DA:96,0
DA:97,0
DA:98,0
DA:104,0
DA:105,0
DA:106,0
DA:107,0
DA:109,0
DA:116,0
DA:117,0
DA:118,0
DA:120,0
DA:121,0
DA:125,0
DA:130,0
LF:66
LH:0
BRDA:2,0,0,0
BRDA:11,1,0,0
BRDA:12,2,0,0
BRDA:12,2,1,0
BRDA:37,3,0,0
BRDA:37,3,1,0
BRDA:55,4,0,0
BRDA:55,4,1,0
BRDA:62,5,0,0
BRDA:62,5,1,0
BRDA:76,6,0,0
BRDA:76,6,1,0
BRDA:76,7,0,0
BRDA:76,7,1,0
BRDA:77,8,0,0
BRDA:77,8,1,0
BRDA:87,9,0,0
BRDA:87,9,1,0
BRDA:94,10,0,0
BRDA:94,10,1,0
BRDA:97,11,0,0
BRDA:97,11,1,0
BRDA:104,12,0,0
BRDA:104,12,1,0
BRDA:116,13,0,0
BRDA:116,13,1,0
BRDA:125,14,0,0
BRDA:125,14,1,0
BRF:28
BRH:0
end_of_record
TN:
SF:src/src/services/authService.js
FN:9,(anonymous_0)
FN:18,(anonymous_1)
FN:27,(anonymous_2)
FN:38,(anonymous_3)
FNF:4
FNH:0
FNDA:0,(anonymous_0)
FNDA:0,(anonymous_1)
FNDA:0,(anonymous_2)
FNDA:0,(anonymous_3)
DA:4,0
DA:8,0
DA:10,0
DA:11,0
DA:12,0
DA:14,0
DA:19,0
DA:20,0
DA:21,0
DA:23,0
DA:28,0
DA:29,0
DA:32,0
DA:34,0
DA:39,0
DA:40,0
DA:43,0
DA:45,0
LF:18
LH:0
BRF:0
BRH:0
end_of_record
TN:
SF:src/utils/apiHelper.js
FN:2,(anonymous_0)
FNF:1
FNH:0
FNDA:0,(anonymous_0)
DA:2,0
DA:3,0
DA:4,0
DA:5,0
DA:6,0
DA:8,0
DA:10,0
DA:11,0
DA:16,0
DA:46,0
DA:67,0
LF:11
LH:0
BRDA:2,0,0,0
BRDA:5,1,0,0
BRDA:5,1,1,0
BRDA:5,2,0,0
BRDA:5,2,1,0
BRF:5
BRH:0
end_of_record
TN:
SF:src/utils/helpers.js
FN:4,(anonymous_0)
FN:11,(anonymous_1)
FN:16,(anonymous_2)
FN:21,(anonymous_3)
FN:26,(anonymous_4)
FNF:5
FNH:0
FNDA:0,(anonymous_0)
FNDA:0,(anonymous_1)
FNDA:0,(anonymous_2)
FNDA:0,(anonymous_3)
FNDA:0,(anonymous_4)
DA:4,0
DA:5,0
DA:6,0
DA:8,0
DA:11,0
DA:12,0
DA:16,0
DA:17,0
DA:21,0
DA:22,0
DA:26,0
DA:27,0
DA:29,0
DA:30,0
LF:14
LH:0
BRDA:5,0,0,0
BRDA:5,0,1,0
BRDA:5,1,0,0
BRDA:5,1,1,0
BRDA:11,2,0,0
BRDA:12,3,0,0
BRDA:12,3,1,0
BRDA:17,4,0,0
BRDA:17,4,1,0
BRDA:22,5,0,0
BRDA:22,5,1,0
BRDA:22,6,0,0
BRDA:22,6,1,0
BRDA:27,7,0,0
BRDA:27,7,1,0
BRDA:29,8,0,0
BRDA:29,8,1,0
BRDA:29,9,0,0
BRDA:29,9,1,0
BRDA:29,9,2,0
BRF:20
BRH:0
end_of_record
